[ 2013-09-17T13:47:20+08:00 ] 127.0.0.1 /scda/
INFO: [ app_begin ] --START--
INFO: ReadHtmlCache Behavior ::run [ RunTime:0.002697s ]
INFO: [ app_begin ] --END-- [ RunTime:0.002842s ]
SQL: SHOW COLUMNS FROM `index` [ RunTime:0.026817s ]
SQL: SELECT `id`,`cate_id`,`pic_id`,`title`,`content`,`time`,`more` FROM `index` WHERE ( `del` = 0 ) AND ( `cate_id` = 1 ) ORDER BY time desc LIMIT 3   [ RunTime:0.015551s ]
SQL: SHOW COLUMNS FROM `index_cate` [ RunTime:0.010009s ]
SQL: SELECT `name` FROM `index_cate` WHERE ( 1=1 AND id='1' ) LIMIT 1   [ RunTime:0.000484s ]
SQL: SHOW COLUMNS FROM `upload` [ RunTime:0.036628s ]
SQL: SELECT `directory`,`name` FROM `upload` WHERE ( 1=1 AND id='21' ) LIMIT 1   [ RunTime:0.016541s ]
SQL: SELECT `name` FROM `index_cate` WHERE ( 1=1 AND id='1' ) LIMIT 1   [ RunTime:0.000288s ]
SQL: SELECT `directory`,`name` FROM `upload` WHERE ( 1=1 AND id='18' ) LIMIT 1   [ RunTime:0.000487s ]
SQL: SELECT `name` FROM `index_cate` WHERE ( 1=1 AND id='1' ) LIMIT 1   [ RunTime:0.000239s ]
SQL: SELECT `directory`,`name` FROM `upload` WHERE ( 1=1 AND id='14' ) LIMIT 1   [ RunTime:0.000406s ]
SQL: SELECT `id`,`cate_id`,`pic_id`,`title`,`content`,`time`,`more` FROM `index` WHERE ( `del` = 0 ) AND ( `cate_id` = 2 ) ORDER BY time desc LIMIT 1   [ RunTime:0.000489s ]
SQL: SELECT `name` FROM `index_cate` WHERE ( 1=1 AND id='2' ) LIMIT 1   [ RunTime:0.000396s ]
SQL: SELECT `directory`,`name` FROM `upload` WHERE ( 1=1 AND id='8' ) LIMIT 1   [ RunTime:0.000401s ]
SQL: SELECT `id`,`cate_id`,`pic_id`,`title`,`content`,`time`,`more` FROM `index` WHERE ( `del` = 0 ) AND ( `cate_id` = 3 ) ORDER BY time desc LIMIT 1   [ RunTime:0.000461s ]
SQL: SELECT `name` FROM `index_cate` WHERE ( 1=1 AND id='3' ) LIMIT 1   [ RunTime:0.000388s ]
SQL: SELECT `directory`,`name` FROM `upload` WHERE ( 1=1 AND id='15' ) LIMIT 1   [ RunTime:0.000390s ]
SQL: SELECT `id`,`cate_id`,`pic_id`,`title`,`content`,`time`,`more` FROM `index` WHERE ( `del` = 0 ) AND ( `cate_id` = 4 ) ORDER BY time desc LIMIT 1   [ RunTime:0.000429s ]
SQL: SELECT `name` FROM `index_cate` WHERE ( 1=1 AND id='4' ) LIMIT 1   [ RunTime:0.000247s ]
SQL: SELECT `directory`,`name` FROM `upload` WHERE ( 1=1 AND id='16' ) LIMIT 1   [ RunTime:0.000243s ]
SQL: SELECT `id`,`cate_id`,`pic_id`,`title`,`content`,`time`,`more` FROM `index` WHERE ( `del` = 0 ) AND ( `cate_id` = 5 ) ORDER BY time desc LIMIT 1   [ RunTime:0.000277s ]
SQL: SELECT `name` FROM `index_cate` WHERE ( 1=1 AND id='5' ) LIMIT 1   [ RunTime:0.000233s ]
SQL: SELECT `directory`,`name` FROM `upload` WHERE ( 1=1 AND id='17' ) LIMIT 1   [ RunTime:0.000238s ]
SQL: SELECT `id`,`cate_id`,`pic_id`,`title`,`content`,`time`,`more` FROM `index` WHERE ( `del` = 0 ) AND ( `cate_id` = 6 ) ORDER BY time desc LIMIT 1   [ RunTime:0.000271s ]
SQL: SELECT `name` FROM `index_cate` WHERE ( 1=1 AND id='6' ) LIMIT 1   [ RunTime:0.000233s ]
SQL: SELECT `directory`,`name` FROM `upload` WHERE ( 1=1 AND id='19' ) LIMIT 1   [ RunTime:0.000235s ]
SQL: SELECT `id`,`cate_id`,`pic_id`,`title`,`content`,`time`,`more` FROM `index` WHERE ( `del` = 0 ) AND ( `cate_id` = 7 ) ORDER BY time desc LIMIT 1   [ RunTime:0.000274s ]
SQL: SELECT `name` FROM `index_cate` WHERE ( 1=1 AND id='7' ) LIMIT 1   [ RunTime:0.000236s ]
SQL: SELECT `directory`,`name` FROM `upload` WHERE ( 1=1 AND id='20' ) LIMIT 1   [ RunTime:0.000387s ]
INFO: [ view_parse ] --START--
NOTIC: [8] Undefined variable: name E:\wamp\www\scda\Index\Temp\Cache\Index\a82aed5f987f84a626c85a291db06960.php 第 32 行.
NOTIC: [8] Undefined variable: name E:\wamp\www\scda\Index\Temp\Cache\Index\a82aed5f987f84a626c85a291db06960.php 第 33 行.
NOTIC: [8] Undefined variable: name E:\wamp\www\scda\Index\Temp\Cache\Index\a82aed5f987f84a626c85a291db06960.php 第 34 行.
NOTIC: [8] Undefined variable: name E:\wamp\www\scda\Index\Temp\Cache\Index\a82aed5f987f84a626c85a291db06960.php 第 35 行.
NOTIC: [8] Undefined variable: name E:\wamp\www\scda\Index\Temp\Cache\Index\a82aed5f987f84a626c85a291db06960.php 第 36 行.
NOTIC: [8] Undefined variable: name E:\wamp\www\scda\Index\Temp\Cache\Index\a82aed5f987f84a626c85a291db06960.php 第 37 行.
NOTIC: [8] Undefined variable: name E:\wamp\www\scda\Index\Temp\Cache\Index\a82aed5f987f84a626c85a291db06960.php 第 38 行.
NOTIC: [8] Undefined variable: name E:\wamp\www\scda\Index\Temp\Cache\Index\a82aed5f987f84a626c85a291db06960.php 第 39 行.
SQL: SHOW COLUMNS FROM `friends` [ RunTime:0.041951s ]
SQL: SELECT * FROM `friends` LIMIT 10   [ RunTime:0.000571s ]
INFO: ParseTemplate Behavior ::run [ RunTime:0.295349s ]
INFO: [ view_parse ] --END-- [ RunTime:0.295589s ]
INFO: [ view_filter ] --START--
INFO: ContentReplace Behavior ::run [ RunTime:0.011373s ]
INFO: TokenBuild Behavior ::run [ RunTime:0.005377s ]
INFO: WriteHtmlCache Behavior ::run [ RunTime:0.002165s ]
INFO: ShowRuntime Behavior ::run [ RunTime:0.003189s ]
INFO: [ view_filter ] --END-- [ RunTime:0.022684s ]
INFO: [ view_end ] --START--
INFO: ShowPageTrace Behavior ::run [ RunTime:0.003896s ]
INFO: [ view_end ] --END-- [ RunTime:0.004084s ]

[ 2013-09-17T13:47:59+08:00 ] 127.0.0.1 /scda/index.php/Index/Video/index.html
INFO: [ route_check ] --START--
INFO: CheckRoute Behavior ::run [ RunTime:0.021241s ]
INFO: [ route_check ] --END-- [ RunTime:0.021369s ]
INFO: [ app_begin ] --START--
INFO: ReadHtmlCache Behavior ::run [ RunTime:0.000700s ]
INFO: [ app_begin ] --END-- [ RunTime:0.000806s ]
INFO: [ view_parse ] --START--
SQL: SHOW COLUMNS FROM `friends` [ RunTime:0.001543s ]
SQL: SELECT * FROM `friends` LIMIT 10   [ RunTime:0.000185s ]
INFO: ParseTemplate Behavior ::run [ RunTime:0.094132s ]
INFO: [ view_parse ] --END-- [ RunTime:0.094302s ]
INFO: [ view_filter ] --START--
INFO: ContentReplace Behavior ::run [ RunTime:0.000889s ]
INFO: TokenBuild Behavior ::run [ RunTime:0.000692s ]
INFO: WriteHtmlCache Behavior ::run [ RunTime:0.000617s ]
INFO: ShowRuntime Behavior ::run [ RunTime:0.000700s ]
INFO: [ view_filter ] --END-- [ RunTime:0.003159s ]
INFO: [ view_end ] --START--
INFO: ShowPageTrace Behavior ::run [ RunTime:0.000965s ]
INFO: [ view_end ] --END-- [ RunTime:0.001090s ]

[ 2013-09-17T13:48:20+08:00 ] 127.0.0.1 /scda/index.php/Index/Report/index.html
INFO: [ route_check ] --START--
INFO: CheckRoute Behavior ::run [ RunTime:0.001487s ]
INFO: [ route_check ] --END-- [ RunTime:0.001785s ]
INFO: [ app_begin ] --START--
INFO: ReadHtmlCache Behavior ::run [ RunTime:0.000985s ]
INFO: [ app_begin ] --END-- [ RunTime:0.001143s ]
SQL: SHOW COLUMNS FROM `report` [ RunTime:0.069275s ]
SQL: SELECT COUNT(*) AS tp_count FROM `report` WHERE ( `del` = 0 ) LIMIT 1   [ RunTime:0.000747s ]
SQL: SELECT `id`,`title`,`summary`,`author`,`time`,`click`,`del` FROM `report` WHERE ( `del` = 0 ) ORDER BY time desc LIMIT 0,10   [ RunTime:0.023913s ]
INFO: [ view_parse ] --START--
NOTIC: [8] Use of undefined constant Group_name - assumed 'Group_name' E:\wamp\www\scda\Index\Temp\Cache\Index\f4b39776831a787d1ec6ccda18253339.php 第 84 行.
NOTIC: [8] Use of undefined constant Group_name - assumed 'Group_name' E:\wamp\www\scda\Index\Temp\Cache\Index\f4b39776831a787d1ec6ccda18253339.php 第 84 行.
NOTIC: [8] Use of undefined constant Group_name - assumed 'Group_name' E:\wamp\www\scda\Index\Temp\Cache\Index\f4b39776831a787d1ec6ccda18253339.php 第 84 行.
NOTIC: [8] Use of undefined constant Group_name - assumed 'Group_name' E:\wamp\www\scda\Index\Temp\Cache\Index\f4b39776831a787d1ec6ccda18253339.php 第 84 行.
NOTIC: [8] Use of undefined constant Group_name - assumed 'Group_name' E:\wamp\www\scda\Index\Temp\Cache\Index\f4b39776831a787d1ec6ccda18253339.php 第 84 行.
NOTIC: [8] Use of undefined constant Group_name - assumed 'Group_name' E:\wamp\www\scda\Index\Temp\Cache\Index\f4b39776831a787d1ec6ccda18253339.php 第 84 行.
NOTIC: [8] Use of undefined constant Group_name - assumed 'Group_name' E:\wamp\www\scda\Index\Temp\Cache\Index\f4b39776831a787d1ec6ccda18253339.php 第 84 行.
NOTIC: [8] Use of undefined constant Group_name - assumed 'Group_name' E:\wamp\www\scda\Index\Temp\Cache\Index\f4b39776831a787d1ec6ccda18253339.php 第 84 行.
NOTIC: [8] Use of undefined constant Group_name - assumed 'Group_name' E:\wamp\www\scda\Index\Temp\Cache\Index\f4b39776831a787d1ec6ccda18253339.php 第 84 行.
NOTIC: [8] Use of undefined constant Group_name - assumed 'Group_name' E:\wamp\www\scda\Index\Temp\Cache\Index\f4b39776831a787d1ec6ccda18253339.php 第 84 行.
SQL: SHOW COLUMNS FROM `program` [ RunTime:0.021744s ]
SQL: SELECT `introduce` FROM `program` WHERE ( `name` = '调研报告' ) LIMIT 1   [ RunTime:0.000316s ]
SQL: SELECT id,title,click,del FROM `report` WHERE ( `del` = 0 ) ORDER BY click desc LIMIT 10   [ RunTime:0.000480s ]
NOTIC: [8] Use of undefined constant Group_name - assumed 'Group_name' E:\wamp\www\scda\Index\Temp\Cache\Index\f3d2e5a0e1102fe65656301cc9219197.php 第 19 行.
NOTIC: [8] Use of undefined constant Group_name - assumed 'Group_name' E:\wamp\www\scda\Index\Temp\Cache\Index\f3d2e5a0e1102fe65656301cc9219197.php 第 19 行.
NOTIC: [8] Use of undefined constant Group_name - assumed 'Group_name' E:\wamp\www\scda\Index\Temp\Cache\Index\f3d2e5a0e1102fe65656301cc9219197.php 第 19 行.
NOTIC: [8] Use of undefined constant Group_name - assumed 'Group_name' E:\wamp\www\scda\Index\Temp\Cache\Index\f3d2e5a0e1102fe65656301cc9219197.php 第 19 行.
NOTIC: [8] Use of undefined constant Group_name - assumed 'Group_name' E:\wamp\www\scda\Index\Temp\Cache\Index\f3d2e5a0e1102fe65656301cc9219197.php 第 19 行.
NOTIC: [8] Use of undefined constant Group_name - assumed 'Group_name' E:\wamp\www\scda\Index\Temp\Cache\Index\f3d2e5a0e1102fe65656301cc9219197.php 第 19 行.
NOTIC: [8] Use of undefined constant Group_name - assumed 'Group_name' E:\wamp\www\scda\Index\Temp\Cache\Index\f3d2e5a0e1102fe65656301cc9219197.php 第 19 行.
NOTIC: [8] Use of undefined constant Group_name - assumed 'Group_name' E:\wamp\www\scda\Index\Temp\Cache\Index\f3d2e5a0e1102fe65656301cc9219197.php 第 19 行.
NOTIC: [8] Use of undefined constant Group_name - assumed 'Group_name' E:\wamp\www\scda\Index\Temp\Cache\Index\f3d2e5a0e1102fe65656301cc9219197.php 第 19 行.
NOTIC: [8] Use of undefined constant Group_name - assumed 'Group_name' E:\wamp\www\scda\Index\Temp\Cache\Index\f3d2e5a0e1102fe65656301cc9219197.php 第 19 行.
SQL: SHOW COLUMNS FROM `friends` [ RunTime:0.001550s ]
SQL: SELECT * FROM `friends` LIMIT 10   [ RunTime:0.000179s ]
INFO: ParseTemplate Behavior ::run [ RunTime:0.112681s ]
INFO: [ view_parse ] --END-- [ RunTime:0.112871s ]
INFO: [ view_filter ] --START--
INFO: ContentReplace Behavior ::run [ RunTime:0.000838s ]
INFO: TokenBuild Behavior ::run [ RunTime:0.000699s ]
INFO: WriteHtmlCache Behavior ::run [ RunTime:0.000595s ]
INFO: ShowRuntime Behavior ::run [ RunTime:0.000846s ]
INFO: [ view_filter ] --END-- [ RunTime:0.003245s ]
INFO: [ view_end ] --START--
INFO: ShowPageTrace Behavior ::run [ RunTime:0.000655s ]
INFO: [ view_end ] --END-- [ RunTime:0.000758s ]

[ 2013-09-17T13:48:24+08:00 ] 127.0.0.1 /scda/index.php/Index/Report/show.html?id=19
INFO: [ route_check ] --START--
INFO: CheckRoute Behavior ::run [ RunTime:0.001190s ]
INFO: [ route_check ] --END-- [ RunTime:0.001415s ]
INFO: [ app_begin ] --START--
INFO: ReadHtmlCache Behavior ::run [ RunTime:0.001045s ]
INFO: [ app_begin ] --END-- [ RunTime:0.001209s ]
SQL: SHOW COLUMNS FROM `report` [ RunTime:0.001082s ]
SQL: SELECT `id`,`title`,`content`,`author`,`time`,`click`,`del` FROM `report` WHERE ( `id` = 19 ) LIMIT 1   [ RunTime:0.000310s ]
INFO: [ view_parse ] --START--
SQL: SHOW COLUMNS FROM `program` [ RunTime:0.001200s ]
SQL: SELECT `introduce` FROM `program` WHERE ( `name` = '调研报告' ) LIMIT 1   [ RunTime:0.000178s ]
SQL: SELECT id,title,click,del FROM `report` WHERE ( `del` = 0 ) ORDER BY click desc LIMIT 10   [ RunTime:0.000138s ]
NOTIC: [8] Use of undefined constant Group_name - assumed 'Group_name' E:\wamp\www\scda\Index\Temp\Cache\Index\f3d2e5a0e1102fe65656301cc9219197.php 第 19 行.
NOTIC: [8] Use of undefined constant Group_name - assumed 'Group_name' E:\wamp\www\scda\Index\Temp\Cache\Index\f3d2e5a0e1102fe65656301cc9219197.php 第 19 行.
NOTIC: [8] Use of undefined constant Group_name - assumed 'Group_name' E:\wamp\www\scda\Index\Temp\Cache\Index\f3d2e5a0e1102fe65656301cc9219197.php 第 19 行.
NOTIC: [8] Use of undefined constant Group_name - assumed 'Group_name' E:\wamp\www\scda\Index\Temp\Cache\Index\f3d2e5a0e1102fe65656301cc9219197.php 第 19 行.
NOTIC: [8] Use of undefined constant Group_name - assumed 'Group_name' E:\wamp\www\scda\Index\Temp\Cache\Index\f3d2e5a0e1102fe65656301cc9219197.php 第 19 行.
NOTIC: [8] Use of undefined constant Group_name - assumed 'Group_name' E:\wamp\www\scda\Index\Temp\Cache\Index\f3d2e5a0e1102fe65656301cc9219197.php 第 19 行.
NOTIC: [8] Use of undefined constant Group_name - assumed 'Group_name' E:\wamp\www\scda\Index\Temp\Cache\Index\f3d2e5a0e1102fe65656301cc9219197.php 第 19 行.
NOTIC: [8] Use of undefined constant Group_name - assumed 'Group_name' E:\wamp\www\scda\Index\Temp\Cache\Index\f3d2e5a0e1102fe65656301cc9219197.php 第 19 行.
NOTIC: [8] Use of undefined constant Group_name - assumed 'Group_name' E:\wamp\www\scda\Index\Temp\Cache\Index\f3d2e5a0e1102fe65656301cc9219197.php 第 19 行.
NOTIC: [8] Use of undefined constant Group_name - assumed 'Group_name' E:\wamp\www\scda\Index\Temp\Cache\Index\f3d2e5a0e1102fe65656301cc9219197.php 第 19 行.
SQL: SHOW COLUMNS FROM `friends` [ RunTime:0.001083s ]
SQL: SELECT * FROM `friends` LIMIT 10   [ RunTime:0.000117s ]
INFO: ParseTemplate Behavior ::run [ RunTime:0.042556s ]
INFO: [ view_parse ] --END-- [ RunTime:0.042644s ]
INFO: [ view_filter ] --START--
INFO: ContentReplace Behavior ::run [ RunTime:0.000562s ]
INFO: TokenBuild Behavior ::run [ RunTime:0.000428s ]
INFO: WriteHtmlCache Behavior ::run [ RunTime:0.000378s ]
INFO: ShowRuntime Behavior ::run [ RunTime:0.000435s ]
INFO: [ view_filter ] --END-- [ RunTime:0.001969s ]
INFO: [ view_end ] --START--
INFO: ShowPageTrace Behavior ::run [ RunTime:0.000457s ]
INFO: [ view_end ] --END-- [ RunTime:0.000530s ]

[ 2013-09-17T13:48:26+08:00 ] 127.0.0.1 /scda/index.php/Index/Report/index.html
INFO: [ route_check ] --START--
INFO: CheckRoute Behavior ::run [ RunTime:0.000450s ]
INFO: [ route_check ] --END-- [ RunTime:0.000665s ]
INFO: [ app_begin ] --START--
INFO: ReadHtmlCache Behavior ::run [ RunTime:0.000416s ]
INFO: [ app_begin ] --END-- [ RunTime:0.000608s ]
SQL: SHOW COLUMNS FROM `report` [ RunTime:0.002232s ]
SQL: SELECT COUNT(*) AS tp_count FROM `report` WHERE ( `del` = 0 ) LIMIT 1   [ RunTime:0.000228s ]
SQL: SELECT `id`,`title`,`summary`,`author`,`time`,`click`,`del` FROM `report` WHERE ( `del` = 0 ) ORDER BY time desc LIMIT 0,10   [ RunTime:0.000267s ]
INFO: [ view_parse ] --START--
NOTIC: [8] Use of undefined constant Group_name - assumed 'Group_name' E:\wamp\www\scda\Index\Temp\Cache\Index\f4b39776831a787d1ec6ccda18253339.php 第 84 行.
NOTIC: [8] Use of undefined constant Group_name - assumed 'Group_name' E:\wamp\www\scda\Index\Temp\Cache\Index\f4b39776831a787d1ec6ccda18253339.php 第 84 行.
NOTIC: [8] Use of undefined constant Group_name - assumed 'Group_name' E:\wamp\www\scda\Index\Temp\Cache\Index\f4b39776831a787d1ec6ccda18253339.php 第 84 行.
NOTIC: [8] Use of undefined constant Group_name - assumed 'Group_name' E:\wamp\www\scda\Index\Temp\Cache\Index\f4b39776831a787d1ec6ccda18253339.php 第 84 行.
NOTIC: [8] Use of undefined constant Group_name - assumed 'Group_name' E:\wamp\www\scda\Index\Temp\Cache\Index\f4b39776831a787d1ec6ccda18253339.php 第 84 行.
NOTIC: [8] Use of undefined constant Group_name - assumed 'Group_name' E:\wamp\www\scda\Index\Temp\Cache\Index\f4b39776831a787d1ec6ccda18253339.php 第 84 行.
NOTIC: [8] Use of undefined constant Group_name - assumed 'Group_name' E:\wamp\www\scda\Index\Temp\Cache\Index\f4b39776831a787d1ec6ccda18253339.php 第 84 行.
NOTIC: [8] Use of undefined constant Group_name - assumed 'Group_name' E:\wamp\www\scda\Index\Temp\Cache\Index\f4b39776831a787d1ec6ccda18253339.php 第 84 行.
NOTIC: [8] Use of undefined constant Group_name - assumed 'Group_name' E:\wamp\www\scda\Index\Temp\Cache\Index\f4b39776831a787d1ec6ccda18253339.php 第 84 行.
NOTIC: [8] Use of undefined constant Group_name - assumed 'Group_name' E:\wamp\www\scda\Index\Temp\Cache\Index\f4b39776831a787d1ec6ccda18253339.php 第 84 行.
SQL: SHOW COLUMNS FROM `program` [ RunTime:0.001190s ]
SQL: SELECT `introduce` FROM `program` WHERE ( `name` = '调研报告' ) LIMIT 1   [ RunTime:0.000081s ]
SQL: SELECT id,title,click,del FROM `report` WHERE ( `del` = 0 ) ORDER BY click desc LIMIT 10   [ RunTime:0.000139s ]
NOTIC: [8] Use of undefined constant Group_name - assumed 'Group_name' E:\wamp\www\scda\Index\Temp\Cache\Index\f3d2e5a0e1102fe65656301cc9219197.php 第 19 行.
NOTIC: [8] Use of undefined constant Group_name - assumed 'Group_name' E:\wamp\www\scda\Index\Temp\Cache\Index\f3d2e5a0e1102fe65656301cc9219197.php 第 19 行.
NOTIC: [8] Use of undefined constant Group_name - assumed 'Group_name' E:\wamp\www\scda\Index\Temp\Cache\Index\f3d2e5a0e1102fe65656301cc9219197.php 第 19 行.
NOTIC: [8] Use of undefined constant Group_name - assumed 'Group_name' E:\wamp\www\scda\Index\Temp\Cache\Index\f3d2e5a0e1102fe65656301cc9219197.php 第 19 行.
NOTIC: [8] Use of undefined constant Group_name - assumed 'Group_name' E:\wamp\www\scda\Index\Temp\Cache\Index\f3d2e5a0e1102fe65656301cc9219197.php 第 19 行.
NOTIC: [8] Use of undefined constant Group_name - assumed 'Group_name' E:\wamp\www\scda\Index\Temp\Cache\Index\f3d2e5a0e1102fe65656301cc9219197.php 第 19 行.
NOTIC: [8] Use of undefined constant Group_name - assumed 'Group_name' E:\wamp\www\scda\Index\Temp\Cache\Index\f3d2e5a0e1102fe65656301cc9219197.php 第 19 行.
NOTIC: [8] Use of undefined constant Group_name - assumed 'Group_name' E:\wamp\www\scda\Index\Temp\Cache\Index\f3d2e5a0e1102fe65656301cc9219197.php 第 19 行.
NOTIC: [8] Use of undefined constant Group_name - assumed 'Group_name' E:\wamp\www\scda\Index\Temp\Cache\Index\f3d2e5a0e1102fe65656301cc9219197.php 第 19 行.
NOTIC: [8] Use of undefined constant Group_name - assumed 'Group_name' E:\wamp\www\scda\Index\Temp\Cache\Index\f3d2e5a0e1102fe65656301cc9219197.php 第 19 行.
SQL: SHOW COLUMNS FROM `friends` [ RunTime:0.001061s ]
SQL: SELECT * FROM `friends` LIMIT 10   [ RunTime:0.000289s ]
INFO: ParseTemplate Behavior ::run [ RunTime:0.022846s ]
INFO: [ view_parse ] --END-- [ RunTime:0.022993s ]
INFO: [ view_filter ] --START--
INFO: ContentReplace Behavior ::run [ RunTime:0.000299s ]
INFO: TokenBuild Behavior ::run [ RunTime:0.000155s ]
INFO: WriteHtmlCache Behavior ::run [ RunTime:0.000114s ]
INFO: ShowRuntime Behavior ::run [ RunTime:0.000170s ]
INFO: [ view_filter ] --END-- [ RunTime:0.000890s ]
INFO: [ view_end ] --START--
INFO: ShowPageTrace Behavior ::run [ RunTime:0.000214s ]
INFO: [ view_end ] --END-- [ RunTime:0.000323s ]

[ 2013-09-17T13:48:28+08:00 ] 127.0.0.1 /scda/index.php/Index/Report/show.html?id=19
INFO: [ route_check ] --START--
INFO: CheckRoute Behavior ::run [ RunTime:0.000184s ]
INFO: [ route_check ] --END-- [ RunTime:0.000287s ]
INFO: [ app_begin ] --START--
INFO: ReadHtmlCache Behavior ::run [ RunTime:0.000170s ]
INFO: [ app_begin ] --END-- [ RunTime:0.000241s ]
SQL: SHOW COLUMNS FROM `report` [ RunTime:0.001039s ]
SQL: SELECT `id`,`title`,`content`,`author`,`time`,`click`,`del` FROM `report` WHERE ( `id` = 19 ) LIMIT 1   [ RunTime:0.000163s ]
INFO: [ view_parse ] --START--
SQL: SHOW COLUMNS FROM `program` [ RunTime:0.001284s ]
SQL: SELECT `introduce` FROM `program` WHERE ( `name` = '调研报告' ) LIMIT 1   [ RunTime:0.000147s ]
SQL: SELECT id,title,click,del FROM `report` WHERE ( `del` = 0 ) ORDER BY click desc LIMIT 10   [ RunTime:0.000140s ]
NOTIC: [8] Use of undefined constant Group_name - assumed 'Group_name' E:\wamp\www\scda\Index\Temp\Cache\Index\f3d2e5a0e1102fe65656301cc9219197.php 第 19 行.
NOTIC: [8] Use of undefined constant Group_name - assumed 'Group_name' E:\wamp\www\scda\Index\Temp\Cache\Index\f3d2e5a0e1102fe65656301cc9219197.php 第 19 行.
NOTIC: [8] Use of undefined constant Group_name - assumed 'Group_name' E:\wamp\www\scda\Index\Temp\Cache\Index\f3d2e5a0e1102fe65656301cc9219197.php 第 19 行.
NOTIC: [8] Use of undefined constant Group_name - assumed 'Group_name' E:\wamp\www\scda\Index\Temp\Cache\Index\f3d2e5a0e1102fe65656301cc9219197.php 第 19 行.
NOTIC: [8] Use of undefined constant Group_name - assumed 'Group_name' E:\wamp\www\scda\Index\Temp\Cache\Index\f3d2e5a0e1102fe65656301cc9219197.php 第 19 行.
NOTIC: [8] Use of undefined constant Group_name - assumed 'Group_name' E:\wamp\www\scda\Index\Temp\Cache\Index\f3d2e5a0e1102fe65656301cc9219197.php 第 19 行.
NOTIC: [8] Use of undefined constant Group_name - assumed 'Group_name' E:\wamp\www\scda\Index\Temp\Cache\Index\f3d2e5a0e1102fe65656301cc9219197.php 第 19 行.
NOTIC: [8] Use of undefined constant Group_name - assumed 'Group_name' E:\wamp\www\scda\Index\Temp\Cache\Index\f3d2e5a0e1102fe65656301cc9219197.php 第 19 行.
NOTIC: [8] Use of undefined constant Group_name - assumed 'Group_name' E:\wamp\www\scda\Index\Temp\Cache\Index\f3d2e5a0e1102fe65656301cc9219197.php 第 19 行.
NOTIC: [8] Use of undefined constant Group_name - assumed 'Group_name' E:\wamp\www\scda\Index\Temp\Cache\Index\f3d2e5a0e1102fe65656301cc9219197.php 第 19 行.
SQL: SHOW COLUMNS FROM `friends` [ RunTime:0.001054s ]
SQL: SELECT * FROM `friends` LIMIT 10   [ RunTime:0.000087s ]
INFO: ParseTemplate Behavior ::run [ RunTime:0.018415s ]
INFO: [ view_parse ] --END-- [ RunTime:0.018491s ]
INFO: [ view_filter ] --START--
INFO: ContentReplace Behavior ::run [ RunTime:0.000244s ]
INFO: TokenBuild Behavior ::run [ RunTime:0.000156s ]
INFO: WriteHtmlCache Behavior ::run [ RunTime:0.000114s ]
INFO: ShowRuntime Behavior ::run [ RunTime:0.000175s ]
INFO: [ view_filter ] --END-- [ RunTime:0.000841s ]
INFO: [ view_end ] --START--
INFO: ShowPageTrace Behavior ::run [ RunTime:0.000160s ]
INFO: [ view_end ] --END-- [ RunTime:0.000225s ]

[ 2013-09-17T13:49:51+08:00 ] 127.0.0.1 /scda/index.php/Index/News/index.html
INFO: [ route_check ] --START--
INFO: CheckRoute Behavior ::run [ RunTime:0.001260s ]
INFO: [ route_check ] --END-- [ RunTime:0.001461s ]
INFO: [ app_begin ] --START--
INFO: ReadHtmlCache Behavior ::run [ RunTime:0.000550s ]
INFO: [ app_begin ] --END-- [ RunTime:0.000645s ]
INFO: [ view_parse ] --START--
SQL: SHOW COLUMNS FROM `friends` [ RunTime:0.001425s ]
SQL: SELECT * FROM `friends` LIMIT 10   [ RunTime:0.000247s ]
INFO: ParseTemplate Behavior ::run [ RunTime:0.062998s ]
INFO: [ view_parse ] --END-- [ RunTime:0.063237s ]
INFO: [ view_filter ] --START--
INFO: ContentReplace Behavior ::run [ RunTime:0.000659s ]
INFO: TokenBuild Behavior ::run [ RunTime:0.000547s ]
INFO: WriteHtmlCache Behavior ::run [ RunTime:0.000486s ]
INFO: ShowRuntime Behavior ::run [ RunTime:0.000565s ]
INFO: [ view_filter ] --END-- [ RunTime:0.002457s ]
INFO: [ view_end ] --START--
INFO: ShowPageTrace Behavior ::run [ RunTime:0.000722s ]
INFO: [ view_end ] --END-- [ RunTime:0.000834s ]

[ 2013-09-17T13:49:51+08:00 ] 127.0.0.1 /scda/index.php/Index/News/index.html
INFO: [ route_check ] --START--
INFO: CheckRoute Behavior ::run [ RunTime:0.000203s ]
INFO: [ route_check ] --END-- [ RunTime:0.000306s ]
INFO: [ app_begin ] --START--
INFO: ReadHtmlCache Behavior ::run [ RunTime:0.000195s ]
INFO: [ app_begin ] --END-- [ RunTime:0.000276s ]
INFO: [ view_parse ] --START--
SQL: SHOW COLUMNS FROM `friends` [ RunTime:0.001090s ]
SQL: SELECT * FROM `friends` LIMIT 10   [ RunTime:0.000117s ]
INFO: ParseTemplate Behavior ::run [ RunTime:0.023575s ]
INFO: [ view_parse ] --END-- [ RunTime:0.023725s ]
INFO: [ view_filter ] --START--
INFO: ContentReplace Behavior ::run [ RunTime:0.000409s ]
INFO: TokenBuild Behavior ::run [ RunTime:0.000263s ]
INFO: WriteHtmlCache Behavior ::run [ RunTime:0.000165s ]
INFO: ShowRuntime Behavior ::run [ RunTime:0.000193s ]
INFO: [ view_filter ] --END-- [ RunTime:0.001263s ]
INFO: [ view_end ] --START--
INFO: ShowPageTrace Behavior ::run [ RunTime:0.000254s ]
INFO: [ view_end ] --END-- [ RunTime:0.000415s ]

[ 2013-09-17T13:49:54+08:00 ] 127.0.0.1 /scda/index.php/Index/Visit/index.html
INFO: [ route_check ] --START--
INFO: CheckRoute Behavior ::run [ RunTime:0.000230s ]
INFO: [ route_check ] --END-- [ RunTime:0.000349s ]
INFO: [ app_begin ] --START--
INFO: ReadHtmlCache Behavior ::run [ RunTime:0.000225s ]
INFO: [ app_begin ] --END-- [ RunTime:0.000326s ]
INFO: [ view_parse ] --START--
SQL: SHOW COLUMNS FROM `friends` [ RunTime:0.002967s ]
SQL: SELECT * FROM `friends` LIMIT 10   [ RunTime:0.000314s ]
INFO: ParseTemplate Behavior ::run [ RunTime:0.093240s ]
INFO: [ view_parse ] --END-- [ RunTime:0.093372s ]
INFO: [ view_filter ] --START--
INFO: ContentReplace Behavior ::run [ RunTime:0.000337s ]
INFO: TokenBuild Behavior ::run [ RunTime:0.000314s ]
INFO: WriteHtmlCache Behavior ::run [ RunTime:0.000186s ]
INFO: ShowRuntime Behavior ::run [ RunTime:0.000226s ]
INFO: [ view_filter ] --END-- [ RunTime:0.001325s ]
INFO: [ view_end ] --START--
INFO: ShowPageTrace Behavior ::run [ RunTime:0.000208s ]
INFO: [ view_end ] --END-- [ RunTime:0.000300s ]

[ 2013-09-17T13:49:55+08:00 ] 127.0.0.1 /scda/index.php/Index/Job/index.html
INFO: [ route_check ] --START--
INFO: CheckRoute Behavior ::run [ RunTime:0.000403s ]
INFO: [ route_check ] --END-- [ RunTime:0.000615s ]
INFO: [ app_begin ] --START--
INFO: ReadHtmlCache Behavior ::run [ RunTime:0.000431s ]
INFO: [ app_begin ] --END-- [ RunTime:0.000623s ]
SQL: SHOW COLUMNS FROM `job` [ RunTime:0.048171s ]
SQL: SELECT COUNT(*) AS tp_count FROM `job` WHERE ( `del` = 0 ) LIMIT 1   [ RunTime:0.000685s ]
SQL: SELECT `id`,`title`,`summary`,`author`,`time`,`click`,`del` FROM `job` WHERE ( `del` = 0 ) ORDER BY time desc LIMIT 0,10   [ RunTime:0.000895s ]
INFO: [ view_parse ] --START--
NOTIC: [8] Use of undefined constant Group_name - assumed 'Group_name' E:\wamp\www\scda\Index\Temp\Cache\Index\cae34e90e67cd068304a5a074cf6b958.php 第 84 行.
NOTIC: [8] Use of undefined constant Group_name - assumed 'Group_name' E:\wamp\www\scda\Index\Temp\Cache\Index\cae34e90e67cd068304a5a074cf6b958.php 第 84 行.
NOTIC: [8] Use of undefined constant Group_name - assumed 'Group_name' E:\wamp\www\scda\Index\Temp\Cache\Index\cae34e90e67cd068304a5a074cf6b958.php 第 84 行.
SQL: SHOW COLUMNS FROM `program` [ RunTime:0.001729s ]
SQL: SELECT `introduce` FROM `program` WHERE ( `name` = '就业信息' ) LIMIT 1   [ RunTime:0.000370s ]
SQL: SELECT id,title,click,del FROM `job` WHERE ( `del` = 0 ) ORDER BY click desc LIMIT 10   [ RunTime:0.000422s ]
NOTIC: [8] Use of undefined constant Group_name - assumed 'Group_name' E:\wamp\www\scda\Index\Temp\Cache\Index\36acf29adc36f9179b36df88fbbd4266.php 第 19 行.
NOTIC: [8] Use of undefined constant Group_name - assumed 'Group_name' E:\wamp\www\scda\Index\Temp\Cache\Index\36acf29adc36f9179b36df88fbbd4266.php 第 19 行.
NOTIC: [8] Use of undefined constant Group_name - assumed 'Group_name' E:\wamp\www\scda\Index\Temp\Cache\Index\36acf29adc36f9179b36df88fbbd4266.php 第 19 行.
SQL: SHOW COLUMNS FROM `friends` [ RunTime:0.001793s ]
SQL: SELECT * FROM `friends` LIMIT 10   [ RunTime:0.000195s ]
INFO: ParseTemplate Behavior ::run [ RunTime:0.051327s ]
INFO: [ view_parse ] --END-- [ RunTime:0.051541s ]
INFO: [ view_filter ] --START--
INFO: ContentReplace Behavior ::run [ RunTime:0.000438s ]
INFO: TokenBuild Behavior ::run [ RunTime:0.000458s ]
INFO: WriteHtmlCache Behavior ::run [ RunTime:0.000250s ]
INFO: ShowRuntime Behavior ::run [ RunTime:0.000340s ]
INFO: [ view_filter ] --END-- [ RunTime:0.001825s ]
INFO: [ view_end ] --START--
INFO: ShowPageTrace Behavior ::run [ RunTime:0.000301s ]
INFO: [ view_end ] --END-- [ RunTime:0.000419s ]

[ 2013-09-17T13:49:55+08:00 ] 127.0.0.1 /scda/index.php/Index/Video/index.html
INFO: [ route_check ] --START--
INFO: CheckRoute Behavior ::run [ RunTime:0.000394s ]
INFO: [ route_check ] --END-- [ RunTime:0.000604s ]
INFO: [ app_begin ] --START--
INFO: ReadHtmlCache Behavior ::run [ RunTime:0.000361s ]
INFO: [ app_begin ] --END-- [ RunTime:0.000515s ]
INFO: [ view_parse ] --START--
SQL: SHOW COLUMNS FROM `friends` [ RunTime:0.001034s ]
SQL: SELECT * FROM `friends` LIMIT 10   [ RunTime:0.000077s ]
INFO: ParseTemplate Behavior ::run [ RunTime:0.033714s ]
INFO: [ view_parse ] --END-- [ RunTime:0.033853s ]
INFO: [ view_filter ] --START--
INFO: ContentReplace Behavior ::run [ RunTime:0.000388s ]
INFO: TokenBuild Behavior ::run [ RunTime:0.000184s ]
INFO: WriteHtmlCache Behavior ::run [ RunTime:0.000129s ]
INFO: ShowRuntime Behavior ::run [ RunTime:0.000187s ]
INFO: [ view_filter ] --END-- [ RunTime:0.001059s ]
INFO: [ view_end ] --START--
INFO: ShowPageTrace Behavior ::run [ RunTime:0.000163s ]
INFO: [ view_end ] --END-- [ RunTime:0.000237s ]

[ 2013-09-17T13:51:32+08:00 ] 127.0.0.1 /scda/index.php/Index/Report/index.html
INFO: [ route_check ] --START--
INFO: CheckRoute Behavior ::run [ RunTime:0.000393s ]
INFO: [ route_check ] --END-- [ RunTime:0.000598s ]
INFO: [ app_begin ] --START--
INFO: ReadHtmlCache Behavior ::run [ RunTime:0.000406s ]
INFO: [ app_begin ] --END-- [ RunTime:0.000580s ]
SQL: SHOW COLUMNS FROM `report` [ RunTime:0.001128s ]
SQL: SELECT COUNT(*) AS tp_count FROM `report` WHERE ( `del` = 0 ) LIMIT 1   [ RunTime:0.000437s ]
SQL: SELECT `id`,`title`,`summary`,`author`,`time`,`click`,`del` FROM `report` WHERE ( `del` = 0 ) ORDER BY time desc LIMIT 0,10   [ RunTime:0.000091s ]
INFO: [ view_parse ] --START--
NOTIC: [8] Use of undefined constant Group_name - assumed 'Group_name' E:\wamp\www\scda\Index\Temp\Cache\Index\f4b39776831a787d1ec6ccda18253339.php 第 84 行.
NOTIC: [8] Use of undefined constant Group_name - assumed 'Group_name' E:\wamp\www\scda\Index\Temp\Cache\Index\f4b39776831a787d1ec6ccda18253339.php 第 84 行.
NOTIC: [8] Use of undefined constant Group_name - assumed 'Group_name' E:\wamp\www\scda\Index\Temp\Cache\Index\f4b39776831a787d1ec6ccda18253339.php 第 84 行.
NOTIC: [8] Use of undefined constant Group_name - assumed 'Group_name' E:\wamp\www\scda\Index\Temp\Cache\Index\f4b39776831a787d1ec6ccda18253339.php 第 84 行.
NOTIC: [8] Use of undefined constant Group_name - assumed 'Group_name' E:\wamp\www\scda\Index\Temp\Cache\Index\f4b39776831a787d1ec6ccda18253339.php 第 84 行.
NOTIC: [8] Use of undefined constant Group_name - assumed 'Group_name' E:\wamp\www\scda\Index\Temp\Cache\Index\f4b39776831a787d1ec6ccda18253339.php 第 84 行.
NOTIC: [8] Use of undefined constant Group_name - assumed 'Group_name' E:\wamp\www\scda\Index\Temp\Cache\Index\f4b39776831a787d1ec6ccda18253339.php 第 84 行.
NOTIC: [8] Use of undefined constant Group_name - assumed 'Group_name' E:\wamp\www\scda\Index\Temp\Cache\Index\f4b39776831a787d1ec6ccda18253339.php 第 84 行.
NOTIC: [8] Use of undefined constant Group_name - assumed 'Group_name' E:\wamp\www\scda\Index\Temp\Cache\Index\f4b39776831a787d1ec6ccda18253339.php 第 84 行.
NOTIC: [8] Use of undefined constant Group_name - assumed 'Group_name' E:\wamp\www\scda\Index\Temp\Cache\Index\f4b39776831a787d1ec6ccda18253339.php 第 84 行.
SQL: SHOW COLUMNS FROM `program` [ RunTime:0.001138s ]
SQL: SELECT `introduce` FROM `program` WHERE ( `name` = '调研报告' ) LIMIT 1   [ RunTime:0.000133s ]
SQL: SELECT id,title,click,del FROM `report` WHERE ( `del` = 0 ) ORDER BY click desc LIMIT 10   [ RunTime:0.000124s ]
NOTIC: [8] Use of undefined constant Group_name - assumed 'Group_name' E:\wamp\www\scda\Index\Temp\Cache\Index\f3d2e5a0e1102fe65656301cc9219197.php 第 19 行.
NOTIC: [8] Use of undefined constant Group_name - assumed 'Group_name' E:\wamp\www\scda\Index\Temp\Cache\Index\f3d2e5a0e1102fe65656301cc9219197.php 第 19 行.
NOTIC: [8] Use of undefined constant Group_name - assumed 'Group_name' E:\wamp\www\scda\Index\Temp\Cache\Index\f3d2e5a0e1102fe65656301cc9219197.php 第 19 行.
NOTIC: [8] Use of undefined constant Group_name - assumed 'Group_name' E:\wamp\www\scda\Index\Temp\Cache\Index\f3d2e5a0e1102fe65656301cc9219197.php 第 19 行.
NOTIC: [8] Use of undefined constant Group_name - assumed 'Group_name' E:\wamp\www\scda\Index\Temp\Cache\Index\f3d2e5a0e1102fe65656301cc9219197.php 第 19 行.
NOTIC: [8] Use of undefined constant Group_name - assumed 'Group_name' E:\wamp\www\scda\Index\Temp\Cache\Index\f3d2e5a0e1102fe65656301cc9219197.php 第 19 行.
NOTIC: [8] Use of undefined constant Group_name - assumed 'Group_name' E:\wamp\www\scda\Index\Temp\Cache\Index\f3d2e5a0e1102fe65656301cc9219197.php 第 19 行.
NOTIC: [8] Use of undefined constant Group_name - assumed 'Group_name' E:\wamp\www\scda\Index\Temp\Cache\Index\f3d2e5a0e1102fe65656301cc9219197.php 第 19 行.
NOTIC: [8] Use of undefined constant Group_name - assumed 'Group_name' E:\wamp\www\scda\Index\Temp\Cache\Index\f3d2e5a0e1102fe65656301cc9219197.php 第 19 行.
NOTIC: [8] Use of undefined constant Group_name - assumed 'Group_name' E:\wamp\www\scda\Index\Temp\Cache\Index\f3d2e5a0e1102fe65656301cc9219197.php 第 19 行.
SQL: SHOW COLUMNS FROM `friends` [ RunTime:0.000976s ]
SQL: SELECT * FROM `friends` LIMIT 10   [ RunTime:0.000135s ]
INFO: ParseTemplate Behavior ::run [ RunTime:0.023265s ]
INFO: [ view_parse ] --END-- [ RunTime:0.023354s ]
INFO: [ view_filter ] --START--
INFO: ContentReplace Behavior ::run [ RunTime:0.000562s ]
INFO: TokenBuild Behavior ::run [ RunTime:0.000289s ]
INFO: WriteHtmlCache Behavior ::run [ RunTime:0.000195s ]
INFO: ShowRuntime Behavior ::run [ RunTime:0.000299s ]
INFO: [ view_filter ] --END-- [ RunTime:0.001601s ]
INFO: [ view_end ] --START--
INFO: ShowPageTrace Behavior ::run [ RunTime:0.000273s ]
INFO: [ view_end ] --END-- [ RunTime:0.000377s ]

[ 2013-09-17T13:52:17+08:00 ] 127.0.0.1 /scda/index.php/Index/News/index.html
INFO: [ route_check ] --START--
INFO: CheckRoute Behavior ::run [ RunTime:0.000677s ]
INFO: [ route_check ] --END-- [ RunTime:0.000810s ]
INFO: [ app_begin ] --START--
INFO: ReadHtmlCache Behavior ::run [ RunTime:0.000641s ]
INFO: [ app_begin ] --END-- [ RunTime:0.000739s ]
INFO: [ view_parse ] --START--
SQL: SHOW COLUMNS FROM `friends` [ RunTime:0.001026s ]
SQL: SELECT * FROM `friends` LIMIT 10   [ RunTime:0.000162s ]
INFO: ParseTemplate Behavior ::run [ RunTime:0.035214s ]
INFO: [ view_parse ] --END-- [ RunTime:0.035329s ]
INFO: [ view_filter ] --START--
INFO: ContentReplace Behavior ::run [ RunTime:0.000512s ]
INFO: TokenBuild Behavior ::run [ RunTime:0.000421s ]
INFO: WriteHtmlCache Behavior ::run [ RunTime:0.000372s ]
INFO: ShowRuntime Behavior ::run [ RunTime:0.000435s ]
INFO: [ view_filter ] --END-- [ RunTime:0.001908s ]
INFO: [ view_end ] --START--
INFO: ShowPageTrace Behavior ::run [ RunTime:0.000451s ]
INFO: [ view_end ] --END-- [ RunTime:0.000523s ]

[ 2013-09-17T13:52:17+08:00 ] 127.0.0.1 /scda/index.php/Index/News/index.html
INFO: [ route_check ] --START--
INFO: CheckRoute Behavior ::run [ RunTime:0.000504s ]
INFO: [ route_check ] --END-- [ RunTime:0.000616s ]
INFO: [ app_begin ] --START--
INFO: ReadHtmlCache Behavior ::run [ RunTime:0.000458s ]
INFO: [ app_begin ] --END-- [ RunTime:0.000539s ]
INFO: [ view_parse ] --START--
SQL: SHOW COLUMNS FROM `friends` [ RunTime:0.001587s ]
SQL: SELECT * FROM `friends` LIMIT 10   [ RunTime:0.000273s ]
INFO: ParseTemplate Behavior ::run [ RunTime:0.033042s ]
INFO: [ view_parse ] --END-- [ RunTime:0.033171s ]
INFO: [ view_filter ] --START--
INFO: ContentReplace Behavior ::run [ RunTime:0.001038s ]
INFO: TokenBuild Behavior ::run [ RunTime:0.000761s ]
INFO: WriteHtmlCache Behavior ::run [ RunTime:0.000637s ]
INFO: ShowRuntime Behavior ::run [ RunTime:0.000755s ]
INFO: [ view_filter ] --END-- [ RunTime:0.003491s ]
INFO: [ view_end ] --START--
INFO: ShowPageTrace Behavior ::run [ RunTime:0.000751s ]
INFO: [ view_end ] --END-- [ RunTime:0.000889s ]

