[ 2013-11-10T09:08:13+08:00 ] 127.0.0.1 /scda/
INFO: [ app_begin ] --START--
INFO: ReadHtmlCache Behavior ::run [ RunTime:0.014025s ]
INFO: [ app_begin ] --END-- [ RunTime:0.014317s ]
SQL: SHOW COLUMNS FROM `index` [ RunTime:0.027005s ]
SQL: SELECT `id`,`cate_id`,`pic_id`,`title`,`content`,`time`,`more` FROM `index` WHERE ( `del` = 0 ) AND ( `cate_id` = 1 ) ORDER BY time desc LIMIT 3   [ RunTime:0.015579s ]
SQL: SHOW COLUMNS FROM `index_cate` [ RunTime:0.020711s ]
SQL: SELECT `name` FROM `index_cate` WHERE ( 1=1 AND id='1' ) LIMIT 1   [ RunTime:0.000582s ]
SQL: SHOW COLUMNS FROM `upload` [ RunTime:0.025748s ]
SQL: SELECT `directory`,`name` FROM `upload` WHERE ( 1=1 AND id='21' ) LIMIT 1   [ RunTime:0.015992s ]
SQL: SELECT `name` FROM `index_cate` WHERE ( 1=1 AND id='1' ) LIMIT 1   [ RunTime:0.000304s ]
SQL: SELECT `directory`,`name` FROM `upload` WHERE ( 1=1 AND id='18' ) LIMIT 1   [ RunTime:0.000516s ]
SQL: SELECT `name` FROM `index_cate` WHERE ( 1=1 AND id='1' ) LIMIT 1   [ RunTime:0.000295s ]
SQL: SELECT `directory`,`name` FROM `upload` WHERE ( 1=1 AND id='14' ) LIMIT 1   [ RunTime:0.000431s ]
SQL: SELECT `id`,`cate_id`,`pic_id`,`title`,`content`,`time`,`more` FROM `index` WHERE ( `del` = 0 ) AND ( `cate_id` = 2 ) ORDER BY time desc LIMIT 1   [ RunTime:0.000561s ]
SQL: SELECT `name` FROM `index_cate` WHERE ( 1=1 AND id='2' ) LIMIT 1   [ RunTime:0.000457s ]
SQL: SELECT `directory`,`name` FROM `upload` WHERE ( 1=1 AND id='8' ) LIMIT 1   [ RunTime:0.000464s ]
SQL: SELECT `id`,`cate_id`,`pic_id`,`title`,`content`,`time`,`more` FROM `index` WHERE ( `del` = 0 ) AND ( `cate_id` = 3 ) ORDER BY time desc LIMIT 1   [ RunTime:0.000527s ]
SQL: SELECT `name` FROM `index_cate` WHERE ( 1=1 AND id='3' ) LIMIT 1   [ RunTime:0.000449s ]
SQL: SELECT `directory`,`name` FROM `upload` WHERE ( 1=1 AND id='15' ) LIMIT 1   [ RunTime:0.000465s ]
SQL: SELECT `id`,`cate_id`,`pic_id`,`title`,`content`,`time`,`more` FROM `index` WHERE ( `del` = 0 ) AND ( `cate_id` = 4 ) ORDER BY time desc LIMIT 1   [ RunTime:0.000528s ]
SQL: SELECT `name` FROM `index_cate` WHERE ( 1=1 AND id='4' ) LIMIT 1   [ RunTime:0.000454s ]
SQL: SELECT `directory`,`name` FROM `upload` WHERE ( 1=1 AND id='16' ) LIMIT 1   [ RunTime:0.000458s ]
SQL: SELECT `id`,`cate_id`,`pic_id`,`title`,`content`,`time`,`more` FROM `index` WHERE ( `del` = 0 ) AND ( `cate_id` = 5 ) ORDER BY time desc LIMIT 1   [ RunTime:0.000529s ]
SQL: SELECT `name` FROM `index_cate` WHERE ( 1=1 AND id='5' ) LIMIT 1   [ RunTime:0.000450s ]
SQL: SELECT `directory`,`name` FROM `upload` WHERE ( 1=1 AND id='17' ) LIMIT 1   [ RunTime:0.000462s ]
SQL: SELECT `id`,`cate_id`,`pic_id`,`title`,`content`,`time`,`more` FROM `index` WHERE ( `del` = 0 ) AND ( `cate_id` = 6 ) ORDER BY time desc LIMIT 1   [ RunTime:0.000527s ]
SQL: SELECT `name` FROM `index_cate` WHERE ( 1=1 AND id='6' ) LIMIT 1   [ RunTime:0.000453s ]
SQL: SELECT `directory`,`name` FROM `upload` WHERE ( 1=1 AND id='19' ) LIMIT 1   [ RunTime:0.000665s ]
SQL: SELECT `id`,`cate_id`,`pic_id`,`title`,`content`,`time`,`more` FROM `index` WHERE ( `del` = 0 ) AND ( `cate_id` = 7 ) ORDER BY time desc LIMIT 1   [ RunTime:0.000578s ]
SQL: SELECT `name` FROM `index_cate` WHERE ( 1=1 AND id='7' ) LIMIT 1   [ RunTime:0.000464s ]
SQL: SELECT `directory`,`name` FROM `upload` WHERE ( 1=1 AND id='20' ) LIMIT 1   [ RunTime:0.000468s ]
INFO: [ view_parse ] --START--
NOTIC: [8] Undefined variable: name E:\wamp\www\scda\Index\Temp\Cache\Index\a82aed5f987f84a626c85a291db06960.php 第 32 行.
NOTIC: [8] Undefined variable: name E:\wamp\www\scda\Index\Temp\Cache\Index\a82aed5f987f84a626c85a291db06960.php 第 33 行.
NOTIC: [8] Undefined variable: name E:\wamp\www\scda\Index\Temp\Cache\Index\a82aed5f987f84a626c85a291db06960.php 第 34 行.
NOTIC: [8] Undefined variable: name E:\wamp\www\scda\Index\Temp\Cache\Index\a82aed5f987f84a626c85a291db06960.php 第 35 行.
NOTIC: [8] Undefined variable: name E:\wamp\www\scda\Index\Temp\Cache\Index\a82aed5f987f84a626c85a291db06960.php 第 36 行.
NOTIC: [8] Undefined variable: name E:\wamp\www\scda\Index\Temp\Cache\Index\a82aed5f987f84a626c85a291db06960.php 第 37 行.
NOTIC: [8] Undefined variable: name E:\wamp\www\scda\Index\Temp\Cache\Index\a82aed5f987f84a626c85a291db06960.php 第 38 行.
NOTIC: [8] Undefined variable: name E:\wamp\www\scda\Index\Temp\Cache\Index\a82aed5f987f84a626c85a291db06960.php 第 39 行.
SQL: SHOW COLUMNS FROM `friends` [ RunTime:0.025121s ]
SQL: SELECT * FROM `friends` LIMIT 10   [ RunTime:0.000334s ]
INFO: ParseTemplate Behavior ::run [ RunTime:0.166998s ]
INFO: [ view_parse ] --END-- [ RunTime:0.167209s ]
INFO: [ view_filter ] --START--
INFO: ContentReplace Behavior ::run [ RunTime:0.017996s ]
INFO: TokenBuild Behavior ::run [ RunTime:0.005443s ]
INFO: WriteHtmlCache Behavior ::run [ RunTime:0.002315s ]
INFO: ShowRuntime Behavior ::run [ RunTime:0.003294s ]
INFO: [ view_filter ] --END-- [ RunTime:0.029584s ]
INFO: [ view_end ] --START--
INFO: ShowPageTrace Behavior ::run [ RunTime:0.004359s ]
INFO: [ view_end ] --END-- [ RunTime:0.004542s ]

[ 2013-11-10T09:08:19+08:00 ] 127.0.0.1 /scda/index.php/Index/Direct/index.html
INFO: [ route_check ] --START--
INFO: CheckRoute Behavior ::run [ RunTime:0.024771s ]
INFO: [ route_check ] --END-- [ RunTime:0.025062s ]
INFO: [ app_begin ] --START--
INFO: ReadHtmlCache Behavior ::run [ RunTime:0.001246s ]
INFO: [ app_begin ] --END-- [ RunTime:0.001453s ]
SQL: SHOW COLUMNS FROM `direct` [ RunTime:0.023763s ]
SQL: SELECT COUNT(*) AS tp_count FROM `direct` WHERE ( `del` = 0 ) LIMIT 1   [ RunTime:0.000827s ]
SQL: SELECT `id`,`title`,`summary`,`author`,`time`,`click`,`del` FROM `direct` WHERE ( `del` = 0 ) ORDER BY time desc LIMIT 0,10   [ RunTime:0.022079s ]
INFO: [ view_parse ] --START--
NOTIC: [8] Use of undefined constant Group_name - assumed 'Group_name' E:\wamp\www\scda\Index\Temp\Cache\Index\0a334d84e307299fb84cb431ef9c2184.php 第 84 行.
NOTIC: [8] Use of undefined constant Group_name - assumed 'Group_name' E:\wamp\www\scda\Index\Temp\Cache\Index\0a334d84e307299fb84cb431ef9c2184.php 第 84 行.
NOTIC: [8] Use of undefined constant Group_name - assumed 'Group_name' E:\wamp\www\scda\Index\Temp\Cache\Index\0a334d84e307299fb84cb431ef9c2184.php 第 84 行.
NOTIC: [8] Use of undefined constant Group_name - assumed 'Group_name' E:\wamp\www\scda\Index\Temp\Cache\Index\0a334d84e307299fb84cb431ef9c2184.php 第 84 行.
SQL: SHOW COLUMNS FROM `program` [ RunTime:0.040215s ]
SQL: SELECT `introduce` FROM `program` WHERE ( `name` = '就业指导' ) LIMIT 1   [ RunTime:0.000561s ]
SQL: SELECT id,title,click,del FROM `direct` WHERE ( `del` = 0 ) ORDER BY click desc LIMIT 10   [ RunTime:0.000698s ]
NOTIC: [8] Use of undefined constant Group_name - assumed 'Group_name' E:\wamp\www\scda\Index\Temp\Cache\Index\29b026ed771a7d2c4fab22cb83dc9aca.php 第 19 行.
NOTIC: [8] Use of undefined constant Group_name - assumed 'Group_name' E:\wamp\www\scda\Index\Temp\Cache\Index\29b026ed771a7d2c4fab22cb83dc9aca.php 第 19 行.
NOTIC: [8] Use of undefined constant Group_name - assumed 'Group_name' E:\wamp\www\scda\Index\Temp\Cache\Index\29b026ed771a7d2c4fab22cb83dc9aca.php 第 19 行.
NOTIC: [8] Use of undefined constant Group_name - assumed 'Group_name' E:\wamp\www\scda\Index\Temp\Cache\Index\29b026ed771a7d2c4fab22cb83dc9aca.php 第 19 行.
SQL: SHOW COLUMNS FROM `friends` [ RunTime:0.002576s ]
SQL: SELECT * FROM `friends` LIMIT 10   [ RunTime:0.000238s ]
INFO: ParseTemplate Behavior ::run [ RunTime:0.137857s ]
INFO: [ view_parse ] --END-- [ RunTime:0.138101s ]
INFO: [ view_filter ] --START--
INFO: ContentReplace Behavior ::run [ RunTime:0.001333s ]
INFO: TokenBuild Behavior ::run [ RunTime:0.001113s ]
INFO: WriteHtmlCache Behavior ::run [ RunTime:0.001017s ]
INFO: ShowRuntime Behavior ::run [ RunTime:0.001217s ]
INFO: [ view_filter ] --END-- [ RunTime:0.005142s ]
INFO: [ view_end ] --START--
INFO: ShowPageTrace Behavior ::run [ RunTime:0.001136s ]
INFO: [ view_end ] --END-- [ RunTime:0.001316s ]

[ 2013-11-10T09:08:22+08:00 ] 127.0.0.1 /scda/index.php/Index/Direct/show.html?id=3
INFO: [ route_check ] --START--
INFO: CheckRoute Behavior ::run [ RunTime:0.001179s ]
INFO: [ route_check ] --END-- [ RunTime:0.001400s ]
INFO: [ app_begin ] --START--
INFO: ReadHtmlCache Behavior ::run [ RunTime:0.001160s ]
INFO: [ app_begin ] --END-- [ RunTime:0.001376s ]
SQL: SHOW COLUMNS FROM `direct` [ RunTime:0.002680s ]
SQL: SELECT `id`,`title`,`content`,`author`,`time`,`click`,`del` FROM `direct` WHERE ( `id` = 3 ) LIMIT 1   [ RunTime:0.000617s ]
INFO: [ view_parse ] --START--
SQL: SHOW COLUMNS FROM `program` [ RunTime:0.002365s ]
SQL: SELECT `introduce` FROM `program` WHERE ( `name` = '调研报告' ) LIMIT 1   [ RunTime:0.000436s ]
SQL: SHOW COLUMNS FROM `report` [ RunTime:0.048399s ]
SQL: SELECT id,title,click,del FROM `report` WHERE ( `del` = 0 ) ORDER BY click desc LIMIT 10   [ RunTime:0.015758s ]
NOTIC: [8] Use of undefined constant Group_name - assumed 'Group_name' E:\wamp\www\scda\Index\Temp\Cache\Index\f3d2e5a0e1102fe65656301cc9219197.php 第 19 行.
NOTIC: [8] Use of undefined constant Group_name - assumed 'Group_name' E:\wamp\www\scda\Index\Temp\Cache\Index\f3d2e5a0e1102fe65656301cc9219197.php 第 19 行.
NOTIC: [8] Use of undefined constant Group_name - assumed 'Group_name' E:\wamp\www\scda\Index\Temp\Cache\Index\f3d2e5a0e1102fe65656301cc9219197.php 第 19 行.
NOTIC: [8] Use of undefined constant Group_name - assumed 'Group_name' E:\wamp\www\scda\Index\Temp\Cache\Index\f3d2e5a0e1102fe65656301cc9219197.php 第 19 行.
NOTIC: [8] Use of undefined constant Group_name - assumed 'Group_name' E:\wamp\www\scda\Index\Temp\Cache\Index\f3d2e5a0e1102fe65656301cc9219197.php 第 19 行.
NOTIC: [8] Use of undefined constant Group_name - assumed 'Group_name' E:\wamp\www\scda\Index\Temp\Cache\Index\f3d2e5a0e1102fe65656301cc9219197.php 第 19 行.
NOTIC: [8] Use of undefined constant Group_name - assumed 'Group_name' E:\wamp\www\scda\Index\Temp\Cache\Index\f3d2e5a0e1102fe65656301cc9219197.php 第 19 行.
NOTIC: [8] Use of undefined constant Group_name - assumed 'Group_name' E:\wamp\www\scda\Index\Temp\Cache\Index\f3d2e5a0e1102fe65656301cc9219197.php 第 19 行.
NOTIC: [8] Use of undefined constant Group_name - assumed 'Group_name' E:\wamp\www\scda\Index\Temp\Cache\Index\f3d2e5a0e1102fe65656301cc9219197.php 第 19 行.
NOTIC: [8] Use of undefined constant Group_name - assumed 'Group_name' E:\wamp\www\scda\Index\Temp\Cache\Index\f3d2e5a0e1102fe65656301cc9219197.php 第 19 行.
SQL: SHOW COLUMNS FROM `friends` [ RunTime:0.002452s ]
SQL: SELECT * FROM `friends` LIMIT 10   [ RunTime:0.000226s ]
INFO: ParseTemplate Behavior ::run [ RunTime:0.196668s ]
INFO: [ view_parse ] --END-- [ RunTime:0.196862s ]
INFO: [ view_filter ] --START--
INFO: ContentReplace Behavior ::run [ RunTime:0.001295s ]
INFO: TokenBuild Behavior ::run [ RunTime:0.001085s ]
INFO: WriteHtmlCache Behavior ::run [ RunTime:0.000974s ]
INFO: ShowRuntime Behavior ::run [ RunTime:0.001109s ]
INFO: [ view_filter ] --END-- [ RunTime:0.004871s ]
INFO: [ view_end ] --START--
INFO: ShowPageTrace Behavior ::run [ RunTime:0.001243s ]
INFO: [ view_end ] --END-- [ RunTime:0.001423s ]

[ 2013-11-10T09:08:27+08:00 ] 127.0.0.1 /scda/index.php/Admin/Index/index.html
INFO: [ route_check ] --START--
INFO: CheckRoute Behavior ::run [ RunTime:0.000416s ]
INFO: [ route_check ] --END-- [ RunTime:0.000636s ]
INFO: [ app_begin ] --START--
INFO: ReadHtmlCache Behavior ::run [ RunTime:0.000411s ]
INFO: [ app_begin ] --END-- [ RunTime:0.000606s ]

[ 2013-11-10T09:08:27+08:00 ] 127.0.0.1 /scda/index.php/Admin/Login/index
INFO: [ route_check ] --START--
INFO: CheckRoute Behavior ::run [ RunTime:0.000402s ]
INFO: [ route_check ] --END-- [ RunTime:0.000607s ]
INFO: [ app_begin ] --START--
INFO: ReadHtmlCache Behavior ::run [ RunTime:0.000401s ]
INFO: [ app_begin ] --END-- [ RunTime:0.000583s ]
INFO: [ view_parse ] --START--
INFO: ParseTemplate Behavior ::run [ RunTime:0.015824s ]
INFO: [ view_parse ] --END-- [ RunTime:0.016032s ]
INFO: [ view_filter ] --START--
INFO: ContentReplace Behavior ::run [ RunTime:0.000450s ]
INFO: TokenBuild Behavior ::run [ RunTime:0.000351s ]
INFO: WriteHtmlCache Behavior ::run [ RunTime:0.000266s ]
INFO: ShowRuntime Behavior ::run [ RunTime:0.000382s ]
INFO: [ view_filter ] --END-- [ RunTime:0.001817s ]
INFO: [ view_end ] --START--
INFO: ShowPageTrace Behavior ::run [ RunTime:0.000370s ]
INFO: [ view_end ] --END-- [ RunTime:0.000501s ]

[ 2013-11-10T09:08:34+08:00 ] 127.0.0.1 /scda/index.php/Admin/Login/login
INFO: [ route_check ] --START--
INFO: CheckRoute Behavior ::run [ RunTime:0.000449s ]
INFO: [ route_check ] --END-- [ RunTime:0.000660s ]
INFO: [ app_begin ] --START--
INFO: ReadHtmlCache Behavior ::run [ RunTime:0.000422s ]
INFO: [ app_begin ] --END-- [ RunTime:0.000588s ]
SQL: SHOW COLUMNS FROM `user` [ RunTime:0.078664s ]
SQL: SELECT * FROM `user` WHERE ( `username` = 'admin' ) LIMIT 1   [ RunTime:0.000566s ]
SQL: UPDATE `user` SET `logintime`=1384045713,`loginip`='127.0.0.1' WHERE ( `id` = 6 ) [ RunTime:0.042525s ]

[ 2013-11-10T09:08:34+08:00 ] 127.0.0.1 /scda/index.php/Admin
INFO: [ route_check ] --START--
INFO: CheckRoute Behavior ::run [ RunTime:0.000401s ]
INFO: [ route_check ] --END-- [ RunTime:0.000610s ]
INFO: [ app_begin ] --START--
INFO: ReadHtmlCache Behavior ::run [ RunTime:0.000383s ]
INFO: [ app_begin ] --END-- [ RunTime:0.000546s ]
SQL: SHOW COLUMNS FROM `user` [ RunTime:0.002722s ]
SQL: UPDATE `user` SET `logintime`=1384045714 WHERE ( `id` = 6 ) [ RunTime:0.035552s ]
INFO: [ view_parse ] --START--
INFO: ParseTemplate Behavior ::run [ RunTime:0.032178s ]
INFO: [ view_parse ] --END-- [ RunTime:0.032342s ]
INFO: [ view_filter ] --START--
INFO: ContentReplace Behavior ::run [ RunTime:0.000300s ]
INFO: TokenBuild Behavior ::run [ RunTime:0.000230s ]
INFO: WriteHtmlCache Behavior ::run [ RunTime:0.000180s ]
INFO: ShowRuntime Behavior ::run [ RunTime:0.000261s ]
INFO: [ view_filter ] --END-- [ RunTime:0.001213s ]
INFO: [ view_end ] --START--
INFO: ShowPageTrace Behavior ::run [ RunTime:0.000255s ]
INFO: [ view_end ] --END-- [ RunTime:0.000343s ]

[ 2013-11-10T09:08:35+08:00 ] 127.0.0.1 /scda/index.php/Admin/Vip/index
INFO: [ route_check ] --START--
INFO: CheckRoute Behavior ::run [ RunTime:0.000424s ]
INFO: [ route_check ] --END-- [ RunTime:0.000635s ]
INFO: [ app_begin ] --START--
INFO: ReadHtmlCache Behavior ::run [ RunTime:0.000433s ]
INFO: [ app_begin ] --END-- [ RunTime:0.000630s ]
SQL: SHOW COLUMNS FROM `user` [ RunTime:0.002744s ]
SQL: UPDATE `user` SET `logintime`=1384045715 WHERE ( `id` = 6 ) [ RunTime:0.043956s ]
SQL: SELECT pid,username FROM `user` WHERE ( `id` = 6 ) LIMIT 1   [ RunTime:0.000588s ]

[ 2013-11-10T09:08:36+08:00 ] 127.0.0.1 /scda/index.php/Admin
INFO: [ route_check ] --START--
INFO: CheckRoute Behavior ::run [ RunTime:0.000429s ]
INFO: [ route_check ] --END-- [ RunTime:0.000651s ]
INFO: [ app_begin ] --START--
INFO: ReadHtmlCache Behavior ::run [ RunTime:0.000522s ]
INFO: [ app_begin ] --END-- [ RunTime:0.000695s ]
SQL: SHOW COLUMNS FROM `user` [ RunTime:0.002793s ]
SQL: UPDATE `user` SET `logintime`=1384045716 WHERE ( `id` = 6 ) [ RunTime:0.038522s ]
INFO: [ view_parse ] --START--
INFO: ParseTemplate Behavior ::run [ RunTime:0.026083s ]
INFO: [ view_parse ] --END-- [ RunTime:0.026283s ]
INFO: [ view_filter ] --START--
INFO: ContentReplace Behavior ::run [ RunTime:0.000467s ]
INFO: TokenBuild Behavior ::run [ RunTime:0.000370s ]
INFO: WriteHtmlCache Behavior ::run [ RunTime:0.000285s ]
INFO: ShowRuntime Behavior ::run [ RunTime:0.000414s ]
INFO: [ view_filter ] --END-- [ RunTime:0.001924s ]
INFO: [ view_end ] --START--
INFO: ShowPageTrace Behavior ::run [ RunTime:0.000364s ]
INFO: [ view_end ] --END-- [ RunTime:0.000506s ]

[ 2013-11-10T09:08:38+08:00 ] 127.0.0.1 /scda/index.php/Admin/IndexBoard/index
INFO: [ route_check ] --START--
INFO: CheckRoute Behavior ::run [ RunTime:0.000411s ]
INFO: [ route_check ] --END-- [ RunTime:0.000645s ]
INFO: [ app_begin ] --START--
INFO: ReadHtmlCache Behavior ::run [ RunTime:0.000374s ]
INFO: [ app_begin ] --END-- [ RunTime:0.000549s ]
SQL: SHOW COLUMNS FROM `user` [ RunTime:0.002612s ]
SQL: UPDATE `user` SET `logintime`=1384045718 WHERE ( `id` = 6 ) [ RunTime:0.035235s ]
SQL: SHOW COLUMNS FROM `index` [ RunTime:0.002702s ]
SQL: SELECT COUNT(*) AS tp_count FROM `index` WHERE ( `del` = 0 ) LIMIT 1   [ RunTime:0.000539s ]
SQL: SHOW COLUMNS FROM `index` [ RunTime:0.002470s ]
SQL: SELECT `id`,`cate_id`,`pic_id`,`title`,`content`,`time`,`more` FROM `index` WHERE ( `del` = 0 ) ORDER BY time desc LIMIT 0,15   [ RunTime:0.001096s ]
SQL: SHOW COLUMNS FROM `index_cate` [ RunTime:0.002202s ]
SQL: SELECT `name` FROM `index_cate` WHERE ( 1=1 AND id='1' ) LIMIT 1   [ RunTime:0.000297s ]
SQL: SHOW COLUMNS FROM `upload` [ RunTime:0.004112s ]
SQL: SELECT `directory`,`name` FROM `upload` WHERE ( 1=1 AND id='21' ) LIMIT 1   [ RunTime:0.001121s ]
SQL: SELECT `name` FROM `index_cate` WHERE ( 1=1 AND id='7' ) LIMIT 1   [ RunTime:0.000574s ]
SQL: SELECT `directory`,`name` FROM `upload` WHERE ( 1=1 AND id='20' ) LIMIT 1   [ RunTime:0.000307s ]
SQL: SELECT `name` FROM `index_cate` WHERE ( 1=1 AND id='6' ) LIMIT 1   [ RunTime:0.000302s ]
SQL: SELECT `directory`,`name` FROM `upload` WHERE ( 1=1 AND id='19' ) LIMIT 1   [ RunTime:0.000299s ]
SQL: SELECT `name` FROM `index_cate` WHERE ( 1=1 AND id='1' ) LIMIT 1   [ RunTime:0.000298s ]
SQL: SELECT `directory`,`name` FROM `upload` WHERE ( 1=1 AND id='18' ) LIMIT 1   [ RunTime:0.000299s ]
SQL: SELECT `name` FROM `index_cate` WHERE ( 1=1 AND id='5' ) LIMIT 1   [ RunTime:0.000295s ]
SQL: SELECT `directory`,`name` FROM `upload` WHERE ( 1=1 AND id='17' ) LIMIT 1   [ RunTime:0.000296s ]
SQL: SELECT `name` FROM `index_cate` WHERE ( 1=1 AND id='4' ) LIMIT 1   [ RunTime:0.000297s ]
SQL: SELECT `directory`,`name` FROM `upload` WHERE ( 1=1 AND id='16' ) LIMIT 1   [ RunTime:0.000299s ]
SQL: SELECT `name` FROM `index_cate` WHERE ( 1=1 AND id='3' ) LIMIT 1   [ RunTime:0.000295s ]
SQL: SELECT `directory`,`name` FROM `upload` WHERE ( 1=1 AND id='15' ) LIMIT 1   [ RunTime:0.000295s ]
SQL: SELECT `name` FROM `index_cate` WHERE ( 1=1 AND id='1' ) LIMIT 1   [ RunTime:0.000312s ]
SQL: SELECT `directory`,`name` FROM `upload` WHERE ( 1=1 AND id='14' ) LIMIT 1   [ RunTime:0.000234s ]
SQL: SELECT `name` FROM `index_cate` WHERE ( 1=1 AND id='1' ) LIMIT 1   [ RunTime:0.000227s ]
SQL: SELECT `directory`,`name` FROM `upload` WHERE ( 1=1 AND id='9' ) LIMIT 1   [ RunTime:0.000511s ]
SQL: SELECT `name` FROM `index_cate` WHERE ( 1=1 AND id='1' ) LIMIT 1   [ RunTime:0.000332s ]
SQL: SELECT `directory`,`name` FROM `upload` WHERE ( 1=1 AND id='1' ) LIMIT 1   [ RunTime:0.000627s ]
SQL: SELECT `name` FROM `index_cate` WHERE ( 1=1 AND id='2' ) LIMIT 1   [ RunTime:0.000307s ]
SQL: SELECT `directory`,`name` FROM `upload` WHERE ( 1=1 AND id='8' ) LIMIT 1   [ RunTime:0.000298s ]
INFO: [ view_parse ] --START--
INFO: ParseTemplate Behavior ::run [ RunTime:0.031132s ]
INFO: [ view_parse ] --END-- [ RunTime:0.031372s ]
INFO: [ view_filter ] --START--
INFO: ContentReplace Behavior ::run [ RunTime:0.000493s ]
INFO: TokenBuild Behavior ::run [ RunTime:0.000523s ]
INFO: WriteHtmlCache Behavior ::run [ RunTime:0.000294s ]
INFO: ShowRuntime Behavior ::run [ RunTime:0.000423s ]
INFO: [ view_filter ] --END-- [ RunTime:0.002157s ]
INFO: [ view_end ] --START--
INFO: ShowPageTrace Behavior ::run [ RunTime:0.000379s ]
INFO: [ view_end ] --END-- [ RunTime:0.000528s ]

[ 2013-11-10T09:08:40+08:00 ] 127.0.0.1 /scda/index.php/Admin/IndexBoard/addMessages
INFO: [ route_check ] --START--
INFO: CheckRoute Behavior ::run [ RunTime:0.000178s ]
INFO: [ route_check ] --END-- [ RunTime:0.000276s ]
INFO: [ app_begin ] --START--
INFO: ReadHtmlCache Behavior ::run [ RunTime:0.000190s ]
INFO: [ app_begin ] --END-- [ RunTime:0.000283s ]
SQL: SHOW COLUMNS FROM `user` [ RunTime:0.001163s ]
SQL: UPDATE `user` SET `logintime`=1384045720 WHERE ( `id` = 6 ) [ RunTime:0.084790s ]
SQL: SHOW COLUMNS FROM `index_cate` [ RunTime:0.002544s ]
SQL: SELECT * FROM `index_cate`  [ RunTime:0.000385s ]
INFO: [ view_parse ] --START--
INFO: ParseTemplate Behavior ::run [ RunTime:0.028562s ]
INFO: [ view_parse ] --END-- [ RunTime:0.028792s ]
INFO: [ view_filter ] --START--
INFO: ContentReplace Behavior ::run [ RunTime:0.000440s ]
INFO: TokenBuild Behavior ::run [ RunTime:0.000371s ]
INFO: WriteHtmlCache Behavior ::run [ RunTime:0.000286s ]
INFO: ShowRuntime Behavior ::run [ RunTime:0.000423s ]
INFO: [ view_filter ] --END-- [ RunTime:0.001933s ]
INFO: [ view_end ] --START--
INFO: ShowPageTrace Behavior ::run [ RunTime:0.000354s ]
INFO: [ view_end ] --END-- [ RunTime:0.000489s ]

[ 2013-11-10T09:08:41+08:00 ] 127.0.0.1 /scda/index.php/Admin/IndexBoard/trash
INFO: [ route_check ] --START--
INFO: CheckRoute Behavior ::run [ RunTime:0.000405s ]
INFO: [ route_check ] --END-- [ RunTime:0.000614s ]
INFO: [ app_begin ] --START--
INFO: ReadHtmlCache Behavior ::run [ RunTime:0.000380s ]
INFO: [ app_begin ] --END-- [ RunTime:0.000543s ]
SQL: SHOW COLUMNS FROM `user` [ RunTime:0.002482s ]
SQL: UPDATE `user` SET `logintime`=1384045721 WHERE ( `id` = 6 ) [ RunTime:0.046809s ]
SQL: SHOW COLUMNS FROM `index` [ RunTime:0.002621s ]
SQL: SELECT COUNT(*) AS tp_count FROM `index` WHERE ( `del` = 1 ) LIMIT 1   [ RunTime:0.000532s ]
SQL: SHOW COLUMNS FROM `index` [ RunTime:0.002374s ]
SQL: SELECT `id`,`cate_id`,`pic_id`,`title`,`content`,`time`,`more` FROM `index` WHERE ( `del` = 1 ) ORDER BY time desc LIMIT 0,15   [ RunTime:0.000560s ]
INFO: [ view_parse ] --START--
INFO: ParseTemplate Behavior ::run [ RunTime:0.014615s ]
INFO: [ view_parse ] --END-- [ RunTime:0.014893s ]
INFO: [ view_filter ] --START--
INFO: ContentReplace Behavior ::run [ RunTime:0.000437s ]
INFO: TokenBuild Behavior ::run [ RunTime:0.000378s ]
INFO: WriteHtmlCache Behavior ::run [ RunTime:0.000294s ]
INFO: ShowRuntime Behavior ::run [ RunTime:0.000451s ]
INFO: [ view_filter ] --END-- [ RunTime:0.001960s ]
INFO: [ view_end ] --START--
INFO: ShowPageTrace Behavior ::run [ RunTime:0.000368s ]
INFO: [ view_end ] --END-- [ RunTime:0.000506s ]

[ 2013-11-10T09:08:43+08:00 ] 127.0.0.1 /scda/index.php/Admin/News/addNews
INFO: [ route_check ] --START--
INFO: CheckRoute Behavior ::run [ RunTime:0.000693s ]
INFO: [ route_check ] --END-- [ RunTime:0.000937s ]
INFO: [ app_begin ] --START--
INFO: ReadHtmlCache Behavior ::run [ RunTime:0.000405s ]
INFO: [ app_begin ] --END-- [ RunTime:0.000584s ]
SQL: SHOW COLUMNS FROM `user` [ RunTime:0.002545s ]
SQL: UPDATE `user` SET `logintime`=1384045723 WHERE ( `id` = 6 ) [ RunTime:0.032578s ]
SQL: SHOW COLUMNS FROM `news_cate` [ RunTime:0.023271s ]
SQL: SELECT * FROM `news_cate`  [ RunTime:0.000548s ]
INFO: [ view_parse ] --START--
INFO: ParseTemplate Behavior ::run [ RunTime:0.030312s ]
INFO: [ view_parse ] --END-- [ RunTime:0.030580s ]
INFO: [ view_filter ] --START--
INFO: ContentReplace Behavior ::run [ RunTime:0.000477s ]
INFO: TokenBuild Behavior ::run [ RunTime:0.000369s ]
INFO: WriteHtmlCache Behavior ::run [ RunTime:0.000287s ]
INFO: ShowRuntime Behavior ::run [ RunTime:0.000420s ]
INFO: [ view_filter ] --END-- [ RunTime:0.001956s ]
INFO: [ view_end ] --START--
INFO: ShowPageTrace Behavior ::run [ RunTime:0.000365s ]
INFO: [ view_end ] --END-- [ RunTime:0.000538s ]

[ 2013-11-10T09:08:47+08:00 ] 127.0.0.1 /scda/index.php/Admin/Rbac/index
INFO: [ route_check ] --START--
INFO: CheckRoute Behavior ::run [ RunTime:0.000497s ]
INFO: [ route_check ] --END-- [ RunTime:0.000732s ]
INFO: [ app_begin ] --START--
INFO: ReadHtmlCache Behavior ::run [ RunTime:0.000390s ]
INFO: [ app_begin ] --END-- [ RunTime:0.000562s ]
SQL: SHOW COLUMNS FROM `user` [ RunTime:0.002685s ]
SQL: UPDATE `user` SET `logintime`=1384045727 WHERE ( `id` = 6 ) [ RunTime:0.038239s ]
SQL: SHOW COLUMNS FROM `user` [ RunTime:0.002581s ]
SQL: SELECT `id`,`pid`,`username`,`logintime`,`loginip`,`lock` FROM `user`  [ RunTime:0.000522s ]
SQL: SHOW COLUMNS FROM `role` [ RunTime:0.024296s ]
NOTIC: [8] Undefined index:  mapping_order E:\wamp\www\scda\ThinkPHP\Extend\Model\RelationModel.class.php 第 188 行.
NOTIC: [8] Undefined index:  mapping_limit E:\wamp\www\scda\ThinkPHP\Extend\Model\RelationModel.class.php 第 189 行.
NOTIC: [8] Undefined index:  relation_foreign_key E:\wamp\www\scda\ThinkPHP\Extend\Model\RelationModel.class.php 第 190 行.
SQL: SELECT b.id,name,remark FROM role_user AS a, role AS b WHERE a.role_id = b.id AND a. user_id='2' [ RunTime:0.051656s ]
NOTIC: [8] Undefined index:  mapping_order E:\wamp\www\scda\ThinkPHP\Extend\Model\RelationModel.class.php 第 188 行.
NOTIC: [8] Undefined index:  mapping_limit E:\wamp\www\scda\ThinkPHP\Extend\Model\RelationModel.class.php 第 189 行.
NOTIC: [8] Undefined index:  relation_foreign_key E:\wamp\www\scda\ThinkPHP\Extend\Model\RelationModel.class.php 第 190 行.
SQL: SELECT b.id,name,remark FROM role_user AS a, role AS b WHERE a.role_id = b.id AND a. user_id='3' [ RunTime:0.000774s ]
NOTIC: [8] Undefined index:  mapping_order E:\wamp\www\scda\ThinkPHP\Extend\Model\RelationModel.class.php 第 188 行.
NOTIC: [8] Undefined index:  mapping_limit E:\wamp\www\scda\ThinkPHP\Extend\Model\RelationModel.class.php 第 189 行.
NOTIC: [8] Undefined index:  relation_foreign_key E:\wamp\www\scda\ThinkPHP\Extend\Model\RelationModel.class.php 第 190 行.
SQL: SELECT b.id,name,remark FROM role_user AS a, role AS b WHERE a.role_id = b.id AND a. user_id='4' [ RunTime:0.000586s ]
NOTIC: [8] Undefined index:  mapping_order E:\wamp\www\scda\ThinkPHP\Extend\Model\RelationModel.class.php 第 188 行.
NOTIC: [8] Undefined index:  mapping_limit E:\wamp\www\scda\ThinkPHP\Extend\Model\RelationModel.class.php 第 189 行.
NOTIC: [8] Undefined index:  relation_foreign_key E:\wamp\www\scda\ThinkPHP\Extend\Model\RelationModel.class.php 第 190 行.
SQL: SELECT b.id,name,remark FROM role_user AS a, role AS b WHERE a.role_id = b.id AND a. user_id='5' [ RunTime:0.000580s ]
NOTIC: [8] Undefined index:  mapping_order E:\wamp\www\scda\ThinkPHP\Extend\Model\RelationModel.class.php 第 188 行.
NOTIC: [8] Undefined index:  mapping_limit E:\wamp\www\scda\ThinkPHP\Extend\Model\RelationModel.class.php 第 189 行.
NOTIC: [8] Undefined index:  relation_foreign_key E:\wamp\www\scda\ThinkPHP\Extend\Model\RelationModel.class.php 第 190 行.
SQL: SELECT b.id,name,remark FROM role_user AS a, role AS b WHERE a.role_id = b.id AND a. user_id='6' [ RunTime:0.000516s ]
INFO: [ view_parse ] --START--
INFO: ParseTemplate Behavior ::run [ RunTime:0.017169s ]
INFO: [ view_parse ] --END-- [ RunTime:0.017501s ]
INFO: [ view_filter ] --START--
INFO: ContentReplace Behavior ::run [ RunTime:0.000478s ]
INFO: TokenBuild Behavior ::run [ RunTime:0.000379s ]
INFO: WriteHtmlCache Behavior ::run [ RunTime:0.000289s ]
INFO: ShowRuntime Behavior ::run [ RunTime:0.000461s ]
INFO: [ view_filter ] --END-- [ RunTime:0.002002s ]
INFO: [ view_end ] --START--
INFO: ShowPageTrace Behavior ::run [ RunTime:0.000366s ]
INFO: [ view_end ] --END-- [ RunTime:0.000537s ]

[ 2013-11-10T09:08:48+08:00 ] 127.0.0.1 /scda/index.php/Admin/Rbac/role
INFO: [ route_check ] --START--
INFO: CheckRoute Behavior ::run [ RunTime:0.000408s ]
INFO: [ route_check ] --END-- [ RunTime:0.000625s ]
INFO: [ app_begin ] --START--
INFO: ReadHtmlCache Behavior ::run [ RunTime:0.000384s ]
INFO: [ app_begin ] --END-- [ RunTime:0.000548s ]
SQL: SHOW COLUMNS FROM `user` [ RunTime:0.002355s ]
SQL: UPDATE `user` SET `logintime`=1384045728 WHERE ( `id` = 6 ) [ RunTime:0.067063s ]
SQL: SHOW COLUMNS FROM `role` [ RunTime:0.002530s ]
SQL: SELECT * FROM `role`  [ RunTime:0.000411s ]
INFO: [ view_parse ] --START--
INFO: ParseTemplate Behavior ::run [ RunTime:0.020518s ]
INFO: [ view_parse ] --END-- [ RunTime:0.020728s ]
INFO: [ view_filter ] --START--
INFO: ContentReplace Behavior ::run [ RunTime:0.000386s ]
INFO: TokenBuild Behavior ::run [ RunTime:0.000339s ]
INFO: WriteHtmlCache Behavior ::run [ RunTime:0.000268s ]
INFO: ShowRuntime Behavior ::run [ RunTime:0.000378s ]
INFO: [ view_filter ] --END-- [ RunTime:0.001726s ]
INFO: [ view_end ] --START--
INFO: ShowPageTrace Behavior ::run [ RunTime:0.000340s ]
INFO: [ view_end ] --END-- [ RunTime:0.000466s ]

[ 2013-11-10T09:08:49+08:00 ] 127.0.0.1 /scda/index.php/Admin/Rbac/role
INFO: [ route_check ] --START--
INFO: CheckRoute Behavior ::run [ RunTime:0.000404s ]
INFO: [ route_check ] --END-- [ RunTime:0.000614s ]
INFO: [ app_begin ] --START--
INFO: ReadHtmlCache Behavior ::run [ RunTime:0.000426s ]
INFO: [ app_begin ] --END-- [ RunTime:0.000843s ]
SQL: SHOW COLUMNS FROM `user` [ RunTime:0.002715s ]
SQL: UPDATE `user` SET `logintime`=1384045729 WHERE ( `id` = 6 ) [ RunTime:0.055870s ]
SQL: SHOW COLUMNS FROM `role` [ RunTime:0.003441s ]
SQL: SELECT * FROM `role`  [ RunTime:0.000307s ]
INFO: [ view_parse ] --START--
INFO: ParseTemplate Behavior ::run [ RunTime:0.012248s ]
INFO: [ view_parse ] --END-- [ RunTime:0.012511s ]
INFO: [ view_filter ] --START--
INFO: ContentReplace Behavior ::run [ RunTime:0.000427s ]
INFO: TokenBuild Behavior ::run [ RunTime:0.000401s ]
INFO: WriteHtmlCache Behavior ::run [ RunTime:0.000326s ]
INFO: ShowRuntime Behavior ::run [ RunTime:0.000415s ]
INFO: [ view_filter ] --END-- [ RunTime:0.001969s ]
INFO: [ view_end ] --START--
INFO: ShowPageTrace Behavior ::run [ RunTime:0.000374s ]
INFO: [ view_end ] --END-- [ RunTime:0.000511s ]

[ 2013-11-10T09:08:49+08:00 ] 127.0.0.1 /scda/index.php/Admin/Rbac/node
INFO: [ route_check ] --START--
INFO: CheckRoute Behavior ::run [ RunTime:0.000416s ]
INFO: [ route_check ] --END-- [ RunTime:0.000651s ]
INFO: [ app_begin ] --START--
INFO: ReadHtmlCache Behavior ::run [ RunTime:0.000397s ]
INFO: [ app_begin ] --END-- [ RunTime:0.000587s ]
SQL: SHOW COLUMNS FROM `user` [ RunTime:0.002589s ]
SQL: UPDATE `user` SET `logintime`=1384045729 WHERE ( `id` = 6 ) [ RunTime:0.000388s ]
SQL: SHOW COLUMNS FROM `node` [ RunTime:0.064300s ]
SQL: SELECT `id`,`name`,`title`,`pid` FROM `node` ORDER BY sort  [ RunTime:0.015214s ]
INFO: [ view_parse ] --START--
INFO: ParseTemplate Behavior ::run [ RunTime:0.030252s ]
INFO: [ view_parse ] --END-- [ RunTime:0.030446s ]
INFO: [ view_filter ] --START--
INFO: ContentReplace Behavior ::run [ RunTime:0.000479s ]
INFO: TokenBuild Behavior ::run [ RunTime:0.000346s ]
INFO: WriteHtmlCache Behavior ::run [ RunTime:0.000264s ]
INFO: ShowRuntime Behavior ::run [ RunTime:0.000391s ]
INFO: [ view_filter ] --END-- [ RunTime:0.001838s ]
INFO: [ view_end ] --START--
INFO: ShowPageTrace Behavior ::run [ RunTime:0.000446s ]
INFO: [ view_end ] --END-- [ RunTime:0.000632s ]

[ 2013-11-10T09:08:55+08:00 ] 127.0.0.1 /scda/index.php/Admin/Rbac/node
INFO: [ route_check ] --START--
INFO: CheckRoute Behavior ::run [ RunTime:0.001113s ]
INFO: [ route_check ] --END-- [ RunTime:0.001333s ]
INFO: [ app_begin ] --START--
INFO: ReadHtmlCache Behavior ::run [ RunTime:0.000770s ]
INFO: [ app_begin ] --END-- [ RunTime:0.001275s ]
SQL: SHOW COLUMNS FROM `user` [ RunTime:0.001841s ]
SQL: UPDATE `user` SET `logintime`=1384045734 WHERE ( `id` = 6 ) [ RunTime:0.317556s ]
SQL: SHOW COLUMNS FROM `node` [ RunTime:0.003275s ]
SQL: SELECT `id`,`name`,`title`,`pid` FROM `node` ORDER BY sort  [ RunTime:0.000299s ]
INFO: [ view_parse ] --START--
INFO: ParseTemplate Behavior ::run [ RunTime:0.018965s ]
INFO: [ view_parse ] --END-- [ RunTime:0.019172s ]
INFO: [ view_filter ] --START--
INFO: ContentReplace Behavior ::run [ RunTime:0.000733s ]
INFO: TokenBuild Behavior ::run [ RunTime:0.000407s ]
INFO: WriteHtmlCache Behavior ::run [ RunTime:0.000295s ]
INFO: ShowRuntime Behavior ::run [ RunTime:0.000582s ]
INFO: [ view_filter ] --END-- [ RunTime:0.002446s ]
INFO: [ view_end ] --START--
INFO: ShowPageTrace Behavior ::run [ RunTime:0.000420s ]
INFO: [ view_end ] --END-- [ RunTime:0.000585s ]

[ 2013-11-10T09:08:56+08:00 ] 127.0.0.1 /scda/index.php/Admin/Video/index
INFO: [ route_check ] --START--
INFO: CheckRoute Behavior ::run [ RunTime:0.000404s ]
INFO: [ route_check ] --END-- [ RunTime:0.000612s ]
INFO: [ app_begin ] --START--
INFO: ReadHtmlCache Behavior ::run [ RunTime:0.000393s ]
INFO: [ app_begin ] --END-- [ RunTime:0.000570s ]
SQL: SHOW COLUMNS FROM `user` [ RunTime:0.002529s ]
SQL: UPDATE `user` SET `logintime`=1384045736 WHERE ( `id` = 6 ) [ RunTime:0.112475s ]
SQL: SHOW COLUMNS FROM `video` [ RunTime:0.134372s ]
SQL: SELECT COUNT(*) AS tp_count FROM `video` WHERE ( `del` = 0 ) LIMIT 1   [ RunTime:0.000296s ]
SQL: SHOW COLUMNS FROM `video` [ RunTime:0.002682s ]
SQL: SELECT `id`,`title`,`type`,`summary`,`pic_id`,`video_id`,`time`,`author`,`click`,`cid` FROM `video` WHERE ( `del` = 0 ) ORDER BY time desc LIMIT 0,15   [ RunTime:0.043119s ]
SQL: SHOW COLUMNS FROM `video_cate` [ RunTime:0.039955s ]
SQL: SELECT `name`,`color` FROM `video_cate` WHERE ( 1=1 AND id='3' ) LIMIT 1   [ RunTime:0.000553s ]
SQL: SELECT `name`,`color` FROM `video_cate` WHERE ( 1=1 AND id='10' ) LIMIT 1   [ RunTime:0.000474s ]
SQL: SELECT `name`,`color` FROM `video_cate` WHERE ( 1=1 AND id='9' ) LIMIT 1   [ RunTime:0.000459s ]
SQL: SELECT `name`,`color` FROM `video_cate` WHERE ( 1=1 AND id='8' ) LIMIT 1   [ RunTime:0.000458s ]
SQL: SELECT `name`,`color` FROM `video_cate` WHERE ( 1=1 AND id='7' ) LIMIT 1   [ RunTime:0.000460s ]
SQL: SELECT `name`,`color` FROM `video_cate` WHERE ( 1=1 AND id='6' ) LIMIT 1   [ RunTime:0.000465s ]
SQL: SELECT `name`,`color` FROM `video_cate` WHERE ( 1=1 AND id='5' ) LIMIT 1   [ RunTime:0.000566s ]
SQL: SELECT `name`,`color` FROM `video_cate` WHERE ( 1=1 AND id='2' ) LIMIT 1   [ RunTime:0.000452s ]
SQL: SELECT `name`,`color` FROM `video_cate` WHERE ( 1=1 AND id='2' ) LIMIT 1   [ RunTime:0.000220s ]
SQL: SELECT `name`,`color` FROM `video_cate` WHERE ( 1=1 AND id='2' ) LIMIT 1   [ RunTime:0.000209s ]
SQL: SELECT `name`,`color` FROM `video_cate` WHERE ( 1=1 AND id='2' ) LIMIT 1   [ RunTime:0.000206s ]
SQL: SELECT `name`,`color` FROM `video_cate` WHERE ( 1=1 AND id='4' ) LIMIT 1   [ RunTime:0.000405s ]
INFO: [ view_parse ] --START--
INFO: ParseTemplate Behavior ::run [ RunTime:0.025320s ]
INFO: [ view_parse ] --END-- [ RunTime:0.025579s ]
INFO: [ view_filter ] --START--
INFO: ContentReplace Behavior ::run [ RunTime:0.000487s ]
INFO: TokenBuild Behavior ::run [ RunTime:0.000371s ]
INFO: WriteHtmlCache Behavior ::run [ RunTime:0.000284s ]
INFO: ShowRuntime Behavior ::run [ RunTime:0.000439s ]
INFO: [ view_filter ] --END-- [ RunTime:0.002013s ]
INFO: [ view_end ] --START--
INFO: ShowPageTrace Behavior ::run [ RunTime:0.000373s ]
INFO: [ view_end ] --END-- [ RunTime:0.000513s ]

[ 2013-11-10T09:08:57+08:00 ] 127.0.0.1 /scda/index.php/Admin/Video/addVideo
INFO: [ route_check ] --START--
INFO: CheckRoute Behavior ::run [ RunTime:0.000443s ]
INFO: [ route_check ] --END-- [ RunTime:0.000664s ]
INFO: [ app_begin ] --START--
INFO: ReadHtmlCache Behavior ::run [ RunTime:0.000382s ]
INFO: [ app_begin ] --END-- [ RunTime:0.000544s ]
SQL: SHOW COLUMNS FROM `user` [ RunTime:0.002478s ]
SQL: UPDATE `user` SET `logintime`=1384045737 WHERE ( `id` = 6 ) [ RunTime:0.031467s ]
SQL: SHOW COLUMNS FROM `video_cate` [ RunTime:0.002507s ]
SQL: SELECT * FROM `video_cate`  [ RunTime:0.000419s ]
INFO: [ view_parse ] --START--
INFO: ParseTemplate Behavior ::run [ RunTime:0.015662s ]
INFO: [ view_parse ] --END-- [ RunTime:0.015868s ]
INFO: [ view_filter ] --START--
INFO: ContentReplace Behavior ::run [ RunTime:0.000516s ]
INFO: TokenBuild Behavior ::run [ RunTime:0.000389s ]
INFO: WriteHtmlCache Behavior ::run [ RunTime:0.000290s ]
INFO: ShowRuntime Behavior ::run [ RunTime:0.000416s ]
INFO: [ view_filter ] --END-- [ RunTime:0.002004s ]
INFO: [ view_end ] --START--
INFO: ShowPageTrace Behavior ::run [ RunTime:0.000365s ]
INFO: [ view_end ] --END-- [ RunTime:0.000502s ]

[ 2013-11-10T09:08:57+08:00 ] 127.0.0.1 /scda/index.php/Admin/Video/button?id=85143b0e944943a15c1810af34c00b11
INFO: [ route_check ] --START--
INFO: CheckRoute Behavior ::run [ RunTime:0.000378s ]
INFO: [ route_check ] --END-- [ RunTime:0.000582s ]
INFO: [ app_begin ] --START--
INFO: ReadHtmlCache Behavior ::run [ RunTime:0.000357s ]
INFO: [ app_begin ] --END-- [ RunTime:0.000512s ]
SQL: SHOW COLUMNS FROM `user` [ RunTime:0.001601s ]
SQL: UPDATE `user` SET `logintime`=1384045737 WHERE ( `id` = 6 ) [ RunTime:0.000252s ]

[ 2013-11-10T09:08:58+08:00 ] 127.0.0.1 /scda/index.php/Admin/Video/cate
INFO: [ route_check ] --START--
INFO: CheckRoute Behavior ::run [ RunTime:0.000461s ]
INFO: [ route_check ] --END-- [ RunTime:0.000691s ]
INFO: [ app_begin ] --START--
INFO: ReadHtmlCache Behavior ::run [ RunTime:0.000402s ]
INFO: [ app_begin ] --END-- [ RunTime:0.000584s ]
SQL: SHOW COLUMNS FROM `user` [ RunTime:0.002642s ]
SQL: UPDATE `user` SET `logintime`=1384045738 WHERE ( `id` = 6 ) [ RunTime:0.026736s ]
SQL: SHOW COLUMNS FROM `video_cate` [ RunTime:0.002847s ]
SQL: SELECT * FROM `video_cate` ORDER BY sort ASC  [ RunTime:0.000544s ]
INFO: [ view_parse ] --START--
INFO: ParseTemplate Behavior ::run [ RunTime:0.029133s ]
INFO: [ view_parse ] --END-- [ RunTime:0.029331s ]
INFO: [ view_filter ] --START--
INFO: ContentReplace Behavior ::run [ RunTime:0.000454s ]
INFO: TokenBuild Behavior ::run [ RunTime:0.000351s ]
INFO: WriteHtmlCache Behavior ::run [ RunTime:0.000269s ]
INFO: ShowRuntime Behavior ::run [ RunTime:0.000418s ]
INFO: [ view_filter ] --END-- [ RunTime:0.001857s ]
INFO: [ view_end ] --START--
INFO: ShowPageTrace Behavior ::run [ RunTime:0.000342s ]
INFO: [ view_end ] --END-- [ RunTime:0.000471s ]

[ 2013-11-10T09:09:01+08:00 ] 127.0.0.1 /scda/index.php/Admin/Index/logout
INFO: [ route_check ] --START--
INFO: CheckRoute Behavior ::run [ RunTime:0.000454s ]
INFO: [ route_check ] --END-- [ RunTime:0.000695s ]
INFO: [ app_begin ] --START--
INFO: ReadHtmlCache Behavior ::run [ RunTime:0.000396s ]
INFO: [ app_begin ] --END-- [ RunTime:0.000571s ]
SQL: SHOW COLUMNS FROM `user` [ RunTime:0.002405s ]
SQL: UPDATE `user` SET `logintime`=1384045741 WHERE ( `id` = 6 ) [ RunTime:0.103581s ]

[ 2013-11-10T09:09:01+08:00 ] 127.0.0.1 /scda/index.php/Admin/Login/index
INFO: [ route_check ] --START--
INFO: CheckRoute Behavior ::run [ RunTime:0.000405s ]
INFO: [ route_check ] --END-- [ RunTime:0.000612s ]
INFO: [ app_begin ] --START--
INFO: ReadHtmlCache Behavior ::run [ RunTime:0.000378s ]
INFO: [ app_begin ] --END-- [ RunTime:0.000537s ]
INFO: [ view_parse ] --START--
INFO: ParseTemplate Behavior ::run [ RunTime:0.010770s ]
INFO: [ view_parse ] --END-- [ RunTime:0.010979s ]
INFO: [ view_filter ] --START--
INFO: ContentReplace Behavior ::run [ RunTime:0.000444s ]
INFO: TokenBuild Behavior ::run [ RunTime:0.000375s ]
INFO: WriteHtmlCache Behavior ::run [ RunTime:0.000286s ]
INFO: ShowRuntime Behavior ::run [ RunTime:0.000412s ]
INFO: [ view_filter ] --END-- [ RunTime:0.001907s ]
INFO: [ view_end ] --START--
INFO: ShowPageTrace Behavior ::run [ RunTime:0.000365s ]
INFO: [ view_end ] --END-- [ RunTime:0.000502s ]

[ 2013-11-10T09:09:03+08:00 ] 127.0.0.1 /scda/index.php/Index/Index/index
INFO: [ route_check ] --START--
INFO: CheckRoute Behavior ::run [ RunTime:0.000413s ]
INFO: [ route_check ] --END-- [ RunTime:0.000633s ]
INFO: [ app_begin ] --START--
INFO: ReadHtmlCache Behavior ::run [ RunTime:0.000420s ]
INFO: [ app_begin ] --END-- [ RunTime:0.000600s ]
SQL: SHOW COLUMNS FROM `index` [ RunTime:0.002477s ]
SQL: SELECT `id`,`cate_id`,`pic_id`,`title`,`content`,`time`,`more` FROM `index` WHERE ( `del` = 0 ) AND ( `cate_id` = 1 ) ORDER BY time desc LIMIT 3   [ RunTime:0.000317s ]
SQL: SHOW COLUMNS FROM `index_cate` [ RunTime:0.002128s ]
SQL: SELECT `name` FROM `index_cate` WHERE ( 1=1 AND id='1' ) LIMIT 1   [ RunTime:0.000409s ]
SQL: SHOW COLUMNS FROM `upload` [ RunTime:0.002454s ]
SQL: SELECT `directory`,`name` FROM `upload` WHERE ( 1=1 AND id='21' ) LIMIT 1   [ RunTime:0.000347s ]
SQL: SELECT `name` FROM `index_cate` WHERE ( 1=1 AND id='1' ) LIMIT 1   [ RunTime:0.000300s ]
SQL: SELECT `directory`,`name` FROM `upload` WHERE ( 1=1 AND id='18' ) LIMIT 1   [ RunTime:0.000297s ]
SQL: SELECT `name` FROM `index_cate` WHERE ( 1=1 AND id='1' ) LIMIT 1   [ RunTime:0.000293s ]
SQL: SELECT `directory`,`name` FROM `upload` WHERE ( 1=1 AND id='14' ) LIMIT 1   [ RunTime:0.000294s ]
SQL: SELECT `id`,`cate_id`,`pic_id`,`title`,`content`,`time`,`more` FROM `index` WHERE ( `del` = 0 ) AND ( `cate_id` = 2 ) ORDER BY time desc LIMIT 1   [ RunTime:0.000303s ]
SQL: SELECT `name` FROM `index_cate` WHERE ( 1=1 AND id='2' ) LIMIT 1   [ RunTime:0.000292s ]
SQL: SELECT `directory`,`name` FROM `upload` WHERE ( 1=1 AND id='8' ) LIMIT 1   [ RunTime:0.000294s ]
SQL: SELECT `id`,`cate_id`,`pic_id`,`title`,`content`,`time`,`more` FROM `index` WHERE ( `del` = 0 ) AND ( `cate_id` = 3 ) ORDER BY time desc LIMIT 1   [ RunTime:0.000300s ]
SQL: SELECT `name` FROM `index_cate` WHERE ( 1=1 AND id='3' ) LIMIT 1   [ RunTime:0.000292s ]
SQL: SELECT `directory`,`name` FROM `upload` WHERE ( 1=1 AND id='15' ) LIMIT 1   [ RunTime:0.000294s ]
SQL: SELECT `id`,`cate_id`,`pic_id`,`title`,`content`,`time`,`more` FROM `index` WHERE ( `del` = 0 ) AND ( `cate_id` = 4 ) ORDER BY time desc LIMIT 1   [ RunTime:0.000308s ]
SQL: SELECT `name` FROM `index_cate` WHERE ( 1=1 AND id='4' ) LIMIT 1   [ RunTime:0.000214s ]
SQL: SELECT `directory`,`name` FROM `upload` WHERE ( 1=1 AND id='16' ) LIMIT 1   [ RunTime:0.000223s ]
SQL: SELECT `id`,`cate_id`,`pic_id`,`title`,`content`,`time`,`more` FROM `index` WHERE ( `del` = 0 ) AND ( `cate_id` = 5 ) ORDER BY time desc LIMIT 1   [ RunTime:0.000276s ]
SQL: SELECT `name` FROM `index_cate` WHERE ( 1=1 AND id='5' ) LIMIT 1   [ RunTime:0.000302s ]
SQL: SELECT `directory`,`name` FROM `upload` WHERE ( 1=1 AND id='17' ) LIMIT 1   [ RunTime:0.000293s ]
SQL: SELECT `id`,`cate_id`,`pic_id`,`title`,`content`,`time`,`more` FROM `index` WHERE ( `del` = 0 ) AND ( `cate_id` = 6 ) ORDER BY time desc LIMIT 1   [ RunTime:0.000298s ]
SQL: SELECT `name` FROM `index_cate` WHERE ( 1=1 AND id='6' ) LIMIT 1   [ RunTime:0.000291s ]
SQL: SELECT `directory`,`name` FROM `upload` WHERE ( 1=1 AND id='19' ) LIMIT 1   [ RunTime:0.000292s ]
SQL: SELECT `id`,`cate_id`,`pic_id`,`title`,`content`,`time`,`more` FROM `index` WHERE ( `del` = 0 ) AND ( `cate_id` = 7 ) ORDER BY time desc LIMIT 1   [ RunTime:0.000296s ]
SQL: SELECT `name` FROM `index_cate` WHERE ( 1=1 AND id='7' ) LIMIT 1   [ RunTime:0.000289s ]
SQL: SELECT `directory`,`name` FROM `upload` WHERE ( 1=1 AND id='20' ) LIMIT 1   [ RunTime:0.000292s ]
INFO: [ view_parse ] --START--
NOTIC: [8] Undefined variable: name E:\wamp\www\scda\Index\Temp\Cache\Index\a82aed5f987f84a626c85a291db06960.php 第 32 行.
NOTIC: [8] Undefined variable: name E:\wamp\www\scda\Index\Temp\Cache\Index\a82aed5f987f84a626c85a291db06960.php 第 33 行.
NOTIC: [8] Undefined variable: name E:\wamp\www\scda\Index\Temp\Cache\Index\a82aed5f987f84a626c85a291db06960.php 第 34 行.
NOTIC: [8] Undefined variable: name E:\wamp\www\scda\Index\Temp\Cache\Index\a82aed5f987f84a626c85a291db06960.php 第 35 行.
NOTIC: [8] Undefined variable: name E:\wamp\www\scda\Index\Temp\Cache\Index\a82aed5f987f84a626c85a291db06960.php 第 36 行.
NOTIC: [8] Undefined variable: name E:\wamp\www\scda\Index\Temp\Cache\Index\a82aed5f987f84a626c85a291db06960.php 第 37 行.
NOTIC: [8] Undefined variable: name E:\wamp\www\scda\Index\Temp\Cache\Index\a82aed5f987f84a626c85a291db06960.php 第 38 行.
NOTIC: [8] Undefined variable: name E:\wamp\www\scda\Index\Temp\Cache\Index\a82aed5f987f84a626c85a291db06960.php 第 39 行.
SQL: SHOW COLUMNS FROM `friends` [ RunTime:0.001595s ]
SQL: SELECT * FROM `friends` LIMIT 10   [ RunTime:0.000210s ]
INFO: ParseTemplate Behavior ::run [ RunTime:0.027360s ]
INFO: [ view_parse ] --END-- [ RunTime:0.027507s ]
INFO: [ view_filter ] --START--
INFO: ContentReplace Behavior ::run [ RunTime:0.000341s ]
INFO: TokenBuild Behavior ::run [ RunTime:0.000247s ]
INFO: WriteHtmlCache Behavior ::run [ RunTime:0.000182s ]
INFO: ShowRuntime Behavior ::run [ RunTime:0.000267s ]
INFO: [ view_filter ] --END-- [ RunTime:0.001283s ]
INFO: [ view_end ] --START--
INFO: ShowPageTrace Behavior ::run [ RunTime:0.000243s ]
INFO: [ view_end ] --END-- [ RunTime:0.000337s ]

[ 2013-11-10T09:09:05+08:00 ] 127.0.0.1 /scda/index.php/Index/Video/index.html
INFO: [ route_check ] --START--
INFO: CheckRoute Behavior ::run [ RunTime:0.000415s ]
INFO: [ route_check ] --END-- [ RunTime:0.000633s ]
INFO: [ app_begin ] --START--
INFO: ReadHtmlCache Behavior ::run [ RunTime:0.000389s ]
INFO: [ app_begin ] --END-- [ RunTime:0.000550s ]
SQL: SHOW COLUMNS FROM `video` [ RunTime:0.002556s ]
SQL: SELECT `id`,`title`,`type`,`summary`,`pic_id`,`video_id`,`time`,`click`,`cid`,`del` FROM `video` WHERE ( `del` = 0 ) AND ( `type` = 1 ) ORDER BY time desc  [ RunTime:0.001143s ]
SQL: SHOW COLUMNS FROM `upload` [ RunTime:0.002282s ]
SQL: SELECT `directory` FROM `upload` WHERE ( 1=1 AND id='52' ) LIMIT 1   [ RunTime:0.000432s ]
SQL: SELECT `directory` FROM `upload` WHERE ( 1=1 AND id='38' ) LIMIT 1   [ RunTime:0.000446s ]
SQL: SELECT `id`,`title`,`type`,`pic_id`,`video_id`,`time`,`click`,`cid`,`del` FROM `video` WHERE ( `del` = 0 ) AND ( `cid` = 5 ) ORDER BY time desc LIMIT 1   [ RunTime:0.071141s ]
SQL: SELECT `directory` FROM `upload` WHERE ( 1=1 AND id='40' ) LIMIT 1   [ RunTime:0.000588s ]
SQL: SELECT `id`,`title`,`type`,`pic_id`,`video_id`,`time`,`click`,`cid`,`del` FROM `video` WHERE ( `del` = 0 ) AND ( `cid` = 6 ) ORDER BY time desc LIMIT 1   [ RunTime:0.000605s ]
SQL: SELECT `directory` FROM `upload` WHERE ( 1=1 AND id='42' ) LIMIT 1   [ RunTime:0.000481s ]
SQL: SELECT `id`,`title`,`type`,`pic_id`,`video_id`,`time`,`click`,`cid`,`del` FROM `video` WHERE ( `del` = 0 ) AND ( `cid` = 7 ) ORDER BY time desc LIMIT 1   [ RunTime:0.000581s ]
SQL: SELECT `directory` FROM `upload` WHERE ( 1=1 AND id='44' ) LIMIT 1   [ RunTime:0.000461s ]
SQL: SELECT `id`,`title`,`type`,`pic_id`,`video_id`,`time`,`click`,`cid`,`del` FROM `video` WHERE ( `del` = 0 ) AND ( `cid` = 8 ) ORDER BY time desc LIMIT 1   [ RunTime:0.000578s ]
SQL: SELECT `directory` FROM `upload` WHERE ( 1=1 AND id='46' ) LIMIT 1   [ RunTime:0.000484s ]
SQL: SELECT `id`,`title`,`type`,`pic_id`,`video_id`,`time`,`click`,`cid`,`del` FROM `video` WHERE ( `del` = 0 ) AND ( `cid` = 9 ) ORDER BY time desc LIMIT 1   [ RunTime:0.000581s ]
SQL: SELECT `directory` FROM `upload` WHERE ( 1=1 AND id='48' ) LIMIT 1   [ RunTime:0.000459s ]
SQL: SELECT `id`,`title`,`type`,`pic_id`,`video_id`,`time`,`click`,`cid`,`del` FROM `video` WHERE ( `del` = 0 ) AND ( `cid` = 10 ) ORDER BY time desc LIMIT 1   [ RunTime:0.000583s ]
SQL: SELECT `directory` FROM `upload` WHERE ( 1=1 AND id='50' ) LIMIT 1   [ RunTime:0.000883s ]
SQL: SELECT `id`,`title`,`type`,`pic_id`,`video_id`,`time`,`click`,`cid`,`del` FROM `video` WHERE ( `del` = 0 ) AND ( `cid` = 2 ) ORDER BY time desc LIMIT 4   [ RunTime:0.000623s ]
SQL: SELECT `directory` FROM `upload` WHERE ( 1=1 AND id='38' ) LIMIT 1   [ RunTime:0.000233s ]
SQL: SELECT `directory` FROM `upload` WHERE ( 1=1 AND id='35' ) LIMIT 1   [ RunTime:0.000445s ]
SQL: SELECT `directory` FROM `upload` WHERE ( 1=1 AND id='32' ) LIMIT 1   [ RunTime:0.000471s ]
SQL: SELECT `directory` FROM `upload` WHERE ( 1=1 AND id='4' ) LIMIT 1   [ RunTime:0.000476s ]
SQL: SELECT `id`,`title`,`type`,`pic_id`,`video_id`,`time`,`click`,`cid`,`del` FROM `video` WHERE ( `del` = 0 ) AND ( `cid` = 3 ) ORDER BY time desc LIMIT 4   [ RunTime:0.003319s ]
SQL: SELECT `directory` FROM `upload` WHERE ( 1=1 AND id='52' ) LIMIT 1   [ RunTime:0.000314s ]
SQL: SELECT `id`,`title`,`type`,`pic_id`,`video_id`,`time`,`click`,`cid`,`del` FROM `video` WHERE ( `del` = 0 ) AND ( `cid` = 4 ) ORDER BY time desc LIMIT 4   [ RunTime:0.000740s ]
SQL: SELECT `directory` FROM `upload` WHERE ( 1=1 AND id='4' ) LIMIT 1   [ RunTime:0.000304s ]
SQL: SHOW COLUMNS FROM `video` [ RunTime:0.002693s ]
SQL: SELECT `id`,`title`,`type`,`pic_id`,`video_id`,`time`,`click`,`cid`,`del` FROM `video` WHERE ( `del` = 0 ) ORDER BY click desc LIMIT 10   [ RunTime:0.000762s ]
INFO: [ view_parse ] --START--
NOTIC: [8] Use of undefined constant Group_name - assumed 'Group_name' E:\wamp\www\scda\Index\Temp\Cache\Index\b9fd99f1a5e3ec2fa911b11dde91c420.php 第 66 行.
NOTIC: [8] Use of undefined constant Group_name - assumed 'Group_name' E:\wamp\www\scda\Index\Temp\Cache\Index\b9fd99f1a5e3ec2fa911b11dde91c420.php 第 66 行.
NOTIC: [8] Use of undefined constant Group_name - assumed 'Group_name' E:\wamp\www\scda\Index\Temp\Cache\Index\b9fd99f1a5e3ec2fa911b11dde91c420.php 第 89 行.
NOTIC: [8] Use of undefined constant Group_name - assumed 'Group_name' E:\wamp\www\scda\Index\Temp\Cache\Index\b9fd99f1a5e3ec2fa911b11dde91c420.php 第 98 行.
NOTIC: [8] Use of undefined constant Group_name - assumed 'Group_name' E:\wamp\www\scda\Index\Temp\Cache\Index\b9fd99f1a5e3ec2fa911b11dde91c420.php 第 107 行.
NOTIC: [8] Use of undefined constant Group_name - assumed 'Group_name' E:\wamp\www\scda\Index\Temp\Cache\Index\b9fd99f1a5e3ec2fa911b11dde91c420.php 第 116 行.
NOTIC: [8] Use of undefined constant Group_name - assumed 'Group_name' E:\wamp\www\scda\Index\Temp\Cache\Index\b9fd99f1a5e3ec2fa911b11dde91c420.php 第 125 行.
NOTIC: [8] Use of undefined constant Group_name - assumed 'Group_name' E:\wamp\www\scda\Index\Temp\Cache\Index\b9fd99f1a5e3ec2fa911b11dde91c420.php 第 134 行.
NOTIC: [8] Use of undefined constant Group_name - assumed 'Group_name' E:\wamp\www\scda\Index\Temp\Cache\Index\b9fd99f1a5e3ec2fa911b11dde91c420.php 第 154 行.
NOTIC: [8] Use of undefined constant Group_name - assumed 'Group_name' E:\wamp\www\scda\Index\Temp\Cache\Index\b9fd99f1a5e3ec2fa911b11dde91c420.php 第 154 行.
NOTIC: [8] Use of undefined constant Group_name - assumed 'Group_name' E:\wamp\www\scda\Index\Temp\Cache\Index\b9fd99f1a5e3ec2fa911b11dde91c420.php 第 154 行.
NOTIC: [8] Use of undefined constant Group_name - assumed 'Group_name' E:\wamp\www\scda\Index\Temp\Cache\Index\b9fd99f1a5e3ec2fa911b11dde91c420.php 第 154 行.
NOTIC: [8] Use of undefined constant Group_name - assumed 'Group_name' E:\wamp\www\scda\Index\Temp\Cache\Index\b9fd99f1a5e3ec2fa911b11dde91c420.php 第 154 行.
NOTIC: [8] Use of undefined constant Group_name - assumed 'Group_name' E:\wamp\www\scda\Index\Temp\Cache\Index\b9fd99f1a5e3ec2fa911b11dde91c420.php 第 154 行.
NOTIC: [8] Use of undefined constant Group_name - assumed 'Group_name' E:\wamp\www\scda\Index\Temp\Cache\Index\b9fd99f1a5e3ec2fa911b11dde91c420.php 第 154 行.
NOTIC: [8] Use of undefined constant Group_name - assumed 'Group_name' E:\wamp\www\scda\Index\Temp\Cache\Index\b9fd99f1a5e3ec2fa911b11dde91c420.php 第 154 行.
NOTIC: [8] Use of undefined constant Group_name - assumed 'Group_name' E:\wamp\www\scda\Index\Temp\Cache\Index\b9fd99f1a5e3ec2fa911b11dde91c420.php 第 154 行.
NOTIC: [8] Use of undefined constant Group_name - assumed 'Group_name' E:\wamp\www\scda\Index\Temp\Cache\Index\b9fd99f1a5e3ec2fa911b11dde91c420.php 第 159 行.
NOTIC: [8] Use of undefined constant Group_name - assumed 'Group_name' E:\wamp\www\scda\Index\Temp\Cache\Index\b9fd99f1a5e3ec2fa911b11dde91c420.php 第 202 行.
NOTIC: [8] Use of undefined constant Group_name - assumed 'Group_name' E:\wamp\www\scda\Index\Temp\Cache\Index\b9fd99f1a5e3ec2fa911b11dde91c420.php 第 202 行.
NOTIC: [8] Use of undefined constant Group_name - assumed 'Group_name' E:\wamp\www\scda\Index\Temp\Cache\Index\b9fd99f1a5e3ec2fa911b11dde91c420.php 第 202 行.
NOTIC: [8] Use of undefined constant Group_name - assumed 'Group_name' E:\wamp\www\scda\Index\Temp\Cache\Index\b9fd99f1a5e3ec2fa911b11dde91c420.php 第 202 行.
NOTIC: [8] Use of undefined constant Group_name - assumed 'Group_name' E:\wamp\www\scda\Index\Temp\Cache\Index\b9fd99f1a5e3ec2fa911b11dde91c420.php 第 221 行.
NOTIC: [8] Use of undefined constant Group_name - assumed 'Group_name' E:\wamp\www\scda\Index\Temp\Cache\Index\b9fd99f1a5e3ec2fa911b11dde91c420.php 第 239 行.
SQL: SHOW COLUMNS FROM `friends` [ RunTime:0.001531s ]
SQL: SELECT * FROM `friends` LIMIT 10   [ RunTime:0.000517s ]
INFO: ParseTemplate Behavior ::run [ RunTime:0.052636s ]
INFO: [ view_parse ] --END-- [ RunTime:0.052798s ]
INFO: [ view_filter ] --START--
INFO: ContentReplace Behavior ::run [ RunTime:0.000379s ]
INFO: TokenBuild Behavior ::run [ RunTime:0.000538s ]
INFO: WriteHtmlCache Behavior ::run [ RunTime:0.000187s ]
INFO: ShowRuntime Behavior ::run [ RunTime:0.000277s ]
INFO: [ view_filter ] --END-- [ RunTime:0.001634s ]
INFO: [ view_end ] --START--
INFO: ShowPageTrace Behavior ::run [ RunTime:0.001054s ]
INFO: [ view_end ] --END-- [ RunTime:0.001178s ]

[ 2013-11-10T09:09:07+08:00 ] 127.0.0.1 /scda/index.php/Index/Video/show.html?id=10&vid=37
INFO: [ route_check ] --START--
INFO: CheckRoute Behavior ::run [ RunTime:0.000420s ]
INFO: [ route_check ] --END-- [ RunTime:0.000641s ]
INFO: [ app_begin ] --START--
INFO: ReadHtmlCache Behavior ::run [ RunTime:0.000949s ]
INFO: [ app_begin ] --END-- [ RunTime:0.001153s ]
SQL: SHOW COLUMNS FROM `video` [ RunTime:0.002774s ]
SQL: SELECT * FROM `video` WHERE ( `id` = 10 ) LIMIT 1   [ RunTime:0.000528s ]
SQL: SHOW COLUMNS FROM `upload` [ RunTime:0.003110s ]
SQL: SELECT * FROM `upload` WHERE ( `id` = 37 ) LIMIT 1   [ RunTime:0.000475s ]
INFO: [ view_parse ] --START--
SQL: SHOW COLUMNS FROM `friends` [ RunTime:0.002072s ]
SQL: SELECT * FROM `friends` LIMIT 10   [ RunTime:0.000189s ]
INFO: ParseTemplate Behavior ::run [ RunTime:0.025523s ]
INFO: [ view_parse ] --END-- [ RunTime:0.025723s ]
INFO: [ view_filter ] --START--
INFO: ContentReplace Behavior ::run [ RunTime:0.000377s ]
INFO: TokenBuild Behavior ::run [ RunTime:0.000264s ]
INFO: WriteHtmlCache Behavior ::run [ RunTime:0.000196s ]
INFO: ShowRuntime Behavior ::run [ RunTime:0.000285s ]
INFO: [ view_filter ] --END-- [ RunTime:0.001403s ]
INFO: [ view_end ] --START--
INFO: ShowPageTrace Behavior ::run [ RunTime:0.000257s ]
INFO: [ view_end ] --END-- [ RunTime:0.000353s ]

