[ 2013-12-11T01:01:05+08:00 ] 127.0.0.1 /scda/
INFO: [ app_begin ] --START--
INFO: ReadHtmlCache Behavior ::run [ RunTime:0.004807s ]
INFO: [ app_begin ] --END-- [ RunTime:0.005027s ]
SQL: SHOW COLUMNS FROM `index` [ RunTime:0.019563s ]
SQL: SELECT `id`,`cate_id`,`pic_id`,`title`,`content`,`time`,`more` FROM `index` WHERE ( `del` = 0 ) AND ( `cate_id` = 1 ) ORDER BY time desc LIMIT 3   [ RunTime:0.016222s ]
SQL: SHOW COLUMNS FROM `index_cate` [ RunTime:0.010915s ]
SQL: SELECT `name` FROM `index_cate` WHERE ( 1=1 AND id='1' ) LIMIT 1   [ RunTime:0.070981s ]
SQL: SHOW COLUMNS FROM `upload` [ RunTime:0.023027s ]
SQL: SELECT `directory`,`name` FROM `upload` WHERE ( 1=1 AND id='21' ) LIMIT 1   [ RunTime:0.014845s ]
SQL: SELECT `name` FROM `index_cate` WHERE ( 1=1 AND id='1' ) LIMIT 1   [ RunTime:0.000338s ]
SQL: SELECT `directory`,`name` FROM `upload` WHERE ( 1=1 AND id='18' ) LIMIT 1   [ RunTime:0.000527s ]
SQL: SELECT `name` FROM `index_cate` WHERE ( 1=1 AND id='1' ) LIMIT 1   [ RunTime:0.000296s ]
SQL: SELECT `directory`,`name` FROM `upload` WHERE ( 1=1 AND id='14' ) LIMIT 1   [ RunTime:0.000507s ]
SQL: SELECT `id`,`cate_id`,`pic_id`,`title`,`content`,`time`,`more` FROM `index` WHERE ( `del` = 0 ) AND ( `cate_id` = 2 ) ORDER BY time desc LIMIT 1   [ RunTime:0.000578s ]
SQL: SELECT `name` FROM `index_cate` WHERE ( 1=1 AND id='2' ) LIMIT 1   [ RunTime:0.000421s ]
SQL: SELECT `directory`,`name` FROM `upload` WHERE ( 1=1 AND id='8' ) LIMIT 1   [ RunTime:0.000444s ]
SQL: SELECT `id`,`cate_id`,`pic_id`,`title`,`content`,`time`,`more` FROM `index` WHERE ( `del` = 0 ) AND ( `cate_id` = 3 ) ORDER BY time desc LIMIT 1   [ RunTime:0.000641s ]
SQL: SELECT `name` FROM `index_cate` WHERE ( 1=1 AND id='3' ) LIMIT 1   [ RunTime:0.000492s ]
SQL: SELECT `directory`,`name` FROM `upload` WHERE ( 1=1 AND id='15' ) LIMIT 1   [ RunTime:0.000333s ]
SQL: SELECT `id`,`cate_id`,`pic_id`,`title`,`content`,`time`,`more` FROM `index` WHERE ( `del` = 0 ) AND ( `cate_id` = 4 ) ORDER BY time desc LIMIT 1   [ RunTime:0.000705s ]
SQL: SELECT `name` FROM `index_cate` WHERE ( 1=1 AND id='4' ) LIMIT 1   [ RunTime:0.000502s ]
SQL: SELECT `directory`,`name` FROM `upload` WHERE ( 1=1 AND id='16' ) LIMIT 1   [ RunTime:0.008214s ]
SQL: SELECT `id`,`cate_id`,`pic_id`,`title`,`content`,`time`,`more` FROM `index` WHERE ( `del` = 0 ) AND ( `cate_id` = 5 ) ORDER BY time desc LIMIT 1   [ RunTime:0.001001s ]
SQL: SELECT `name` FROM `index_cate` WHERE ( 1=1 AND id='5' ) LIMIT 1   [ RunTime:0.000378s ]
SQL: SELECT `directory`,`name` FROM `upload` WHERE ( 1=1 AND id='17' ) LIMIT 1   [ RunTime:0.000312s ]
SQL: SELECT `id`,`cate_id`,`pic_id`,`title`,`content`,`time`,`more` FROM `index` WHERE ( `del` = 0 ) AND ( `cate_id` = 6 ) ORDER BY time desc LIMIT 1   [ RunTime:0.000432s ]
SQL: SELECT `name` FROM `index_cate` WHERE ( 1=1 AND id='6' ) LIMIT 1   [ RunTime:0.000709s ]
SQL: SELECT `directory`,`name` FROM `upload` WHERE ( 1=1 AND id='19' ) LIMIT 1   [ RunTime:0.000318s ]
SQL: SELECT `id`,`cate_id`,`pic_id`,`title`,`content`,`time`,`more` FROM `index` WHERE ( `del` = 0 ) AND ( `cate_id` = 7 ) ORDER BY time desc LIMIT 1   [ RunTime:0.000378s ]
SQL: SELECT `name` FROM `index_cate` WHERE ( 1=1 AND id='7' ) LIMIT 1   [ RunTime:0.000339s ]
SQL: SELECT `directory`,`name` FROM `upload` WHERE ( 1=1 AND id='20' ) LIMIT 1   [ RunTime:0.000331s ]
INFO: [ view_parse ] --START--
NOTIC: [8] Undefined variable: name E:\wamp\www\scda\Index\Temp\Cache\Index\a82aed5f987f84a626c85a291db06960.php 第 35 行.
NOTIC: [8] Undefined variable: name E:\wamp\www\scda\Index\Temp\Cache\Index\a82aed5f987f84a626c85a291db06960.php 第 36 行.
NOTIC: [8] Undefined variable: name E:\wamp\www\scda\Index\Temp\Cache\Index\a82aed5f987f84a626c85a291db06960.php 第 37 行.
NOTIC: [8] Undefined variable: name E:\wamp\www\scda\Index\Temp\Cache\Index\a82aed5f987f84a626c85a291db06960.php 第 38 行.
NOTIC: [8] Undefined variable: name E:\wamp\www\scda\Index\Temp\Cache\Index\a82aed5f987f84a626c85a291db06960.php 第 39 行.
NOTIC: [8] Undefined variable: name E:\wamp\www\scda\Index\Temp\Cache\Index\a82aed5f987f84a626c85a291db06960.php 第 40 行.
NOTIC: [8] Undefined variable: name E:\wamp\www\scda\Index\Temp\Cache\Index\a82aed5f987f84a626c85a291db06960.php 第 41 行.
NOTIC: [8] Undefined variable: name E:\wamp\www\scda\Index\Temp\Cache\Index\a82aed5f987f84a626c85a291db06960.php 第 42 行.
SQL: SHOW COLUMNS FROM `friends` [ RunTime:0.024964s ]
SQL: SELECT * FROM `friends` LIMIT 10   [ RunTime:0.000573s ]
INFO: ParseTemplate Behavior ::run [ RunTime:0.120126s ]
INFO: [ view_parse ] --END-- [ RunTime:0.120450s ]
INFO: [ view_filter ] --START--
INFO: ContentReplace Behavior ::run [ RunTime:0.013494s ]
INFO: TokenBuild Behavior ::run [ RunTime:0.005436s ]
INFO: WriteHtmlCache Behavior ::run [ RunTime:0.003694s ]
INFO: ShowRuntime Behavior ::run [ RunTime:0.008452s ]
INFO: [ view_filter ] --END-- [ RunTime:0.031877s ]
INFO: [ view_end ] --START--
INFO: ShowPageTrace Behavior ::run [ RunTime:0.007093s ]
INFO: [ view_end ] --END-- [ RunTime:0.007391s ]

