[ 2014-01-18T17:14:55+08:00 ] 127.0.0.1 /scda/
INFO: [ app_begin ] --START--
INFO: ReadHtmlCache Behavior ::run [ RunTime:0.013993s ]
INFO: [ app_begin ] --END-- [ RunTime:0.014254s ]
SQL: SHOW COLUMNS FROM `index` [ RunTime:0.045473s ]
SQL: SELECT `id`,`cate_id`,`pic_id`,`title`,`content`,`time`,`more` FROM `index` WHERE ( `del` = 0 ) AND ( `cate_id` = 1 ) ORDER BY time desc LIMIT 3   [ RunTime:0.015775s ]
SQL: SHOW COLUMNS FROM `index_cate` [ RunTime:0.020671s ]
SQL: SELECT `name` FROM `index_cate` WHERE ( 1=1 AND id='1' ) LIMIT 1   [ RunTime:0.000984s ]
SQL: SHOW COLUMNS FROM `upload` [ RunTime:0.026232s ]
SQL: SELECT `directory`,`name` FROM `upload` WHERE ( 1=1 AND id='21' ) LIMIT 1   [ RunTime:0.015485s ]
SQL: SELECT `name` FROM `index_cate` WHERE ( 1=1 AND id='1' ) LIMIT 1   [ RunTime:0.000411s ]
SQL: SELECT `directory`,`name` FROM `upload` WHERE ( 1=1 AND id='18' ) LIMIT 1   [ RunTime:0.000530s ]
SQL: SELECT `name` FROM `index_cate` WHERE ( 1=1 AND id='1' ) LIMIT 1   [ RunTime:0.000283s ]
SQL: SELECT `directory`,`name` FROM `upload` WHERE ( 1=1 AND id='14' ) LIMIT 1   [ RunTime:0.000477s ]
SQL: SELECT `id`,`cate_id`,`pic_id`,`title`,`content`,`time`,`more` FROM `index` WHERE ( `del` = 0 ) AND ( `cate_id` = 2 ) ORDER BY time desc LIMIT 1   [ RunTime:0.000535s ]
SQL: SELECT `name` FROM `index_cate` WHERE ( 1=1 AND id='2' ) LIMIT 1   [ RunTime:0.000440s ]
SQL: SELECT `directory`,`name` FROM `upload` WHERE ( 1=1 AND id='8' ) LIMIT 1   [ RunTime:0.000443s ]
SQL: SELECT `id`,`cate_id`,`pic_id`,`title`,`content`,`time`,`more` FROM `index` WHERE ( `del` = 0 ) AND ( `cate_id` = 3 ) ORDER BY time desc LIMIT 1   [ RunTime:0.000503s ]
SQL: SELECT `name` FROM `index_cate` WHERE ( 1=1 AND id='3' ) LIMIT 1   [ RunTime:0.000588s ]
SQL: SELECT `directory`,`name` FROM `upload` WHERE ( 1=1 AND id='15' ) LIMIT 1   [ RunTime:0.001404s ]
SQL: SELECT `id`,`cate_id`,`pic_id`,`title`,`content`,`time`,`more` FROM `index` WHERE ( `del` = 0 ) AND ( `cate_id` = 4 ) ORDER BY time desc LIMIT 1   [ RunTime:0.000768s ]
SQL: SELECT `name` FROM `index_cate` WHERE ( 1=1 AND id='4' ) LIMIT 1   [ RunTime:0.000457s ]
SQL: SELECT `directory`,`name` FROM `upload` WHERE ( 1=1 AND id='16' ) LIMIT 1   [ RunTime:0.000407s ]
SQL: SELECT `id`,`cate_id`,`pic_id`,`title`,`content`,`time`,`more` FROM `index` WHERE ( `del` = 0 ) AND ( `cate_id` = 5 ) ORDER BY time desc LIMIT 1   [ RunTime:0.000619s ]
SQL: SELECT `name` FROM `index_cate` WHERE ( 1=1 AND id='5' ) LIMIT 1   [ RunTime:0.000485s ]
SQL: SELECT `directory`,`name` FROM `upload` WHERE ( 1=1 AND id='17' ) LIMIT 1   [ RunTime:0.000411s ]
SQL: SELECT `id`,`cate_id`,`pic_id`,`title`,`content`,`time`,`more` FROM `index` WHERE ( `del` = 0 ) AND ( `cate_id` = 6 ) ORDER BY time desc LIMIT 1   [ RunTime:0.000469s ]
SQL: SELECT `name` FROM `index_cate` WHERE ( 1=1 AND id='6' ) LIMIT 1   [ RunTime:0.000371s ]
SQL: SELECT `directory`,`name` FROM `upload` WHERE ( 1=1 AND id='19' ) LIMIT 1   [ RunTime:0.000367s ]
SQL: SELECT `id`,`cate_id`,`pic_id`,`title`,`content`,`time`,`more` FROM `index` WHERE ( `del` = 0 ) AND ( `cate_id` = 7 ) ORDER BY time desc LIMIT 1   [ RunTime:0.000497s ]
SQL: SELECT `name` FROM `index_cate` WHERE ( 1=1 AND id='7' ) LIMIT 1   [ RunTime:0.000441s ]
SQL: SELECT `directory`,`name` FROM `upload` WHERE ( 1=1 AND id='20' ) LIMIT 1   [ RunTime:0.001702s ]
INFO: [ view_parse ] --START--
NOTIC: [8] Undefined variable: name E:\wamp\www\scda\Index\Temp\Cache\Index\a82aed5f987f84a626c85a291db06960.php 第 35 行.
NOTIC: [8] Undefined variable: name E:\wamp\www\scda\Index\Temp\Cache\Index\a82aed5f987f84a626c85a291db06960.php 第 36 行.
NOTIC: [8] Undefined variable: name E:\wamp\www\scda\Index\Temp\Cache\Index\a82aed5f987f84a626c85a291db06960.php 第 37 行.
NOTIC: [8] Undefined variable: name E:\wamp\www\scda\Index\Temp\Cache\Index\a82aed5f987f84a626c85a291db06960.php 第 38 行.
NOTIC: [8] Undefined variable: name E:\wamp\www\scda\Index\Temp\Cache\Index\a82aed5f987f84a626c85a291db06960.php 第 39 行.
NOTIC: [8] Undefined variable: name E:\wamp\www\scda\Index\Temp\Cache\Index\a82aed5f987f84a626c85a291db06960.php 第 40 行.
NOTIC: [8] Undefined variable: name E:\wamp\www\scda\Index\Temp\Cache\Index\a82aed5f987f84a626c85a291db06960.php 第 41 行.
NOTIC: [8] Undefined variable: name E:\wamp\www\scda\Index\Temp\Cache\Index\a82aed5f987f84a626c85a291db06960.php 第 42 行.
SQL: SHOW COLUMNS FROM `friends` [ RunTime:0.041352s ]
SQL: SELECT * FROM `friends` LIMIT 10   [ RunTime:0.001300s ]
INFO: ParseTemplate Behavior ::run [ RunTime:0.271216s ]
INFO: [ view_parse ] --END-- [ RunTime:0.271442s ]
INFO: [ view_filter ] --START--
INFO: ContentReplace Behavior ::run [ RunTime:0.012090s ]
INFO: TokenBuild Behavior ::run [ RunTime:0.005614s ]
INFO: WriteHtmlCache Behavior ::run [ RunTime:0.002186s ]
INFO: ShowRuntime Behavior ::run [ RunTime:0.004962s ]
INFO: [ view_filter ] --END-- [ RunTime:0.025433s ]
INFO: [ view_end ] --START--
INFO: ShowPageTrace Behavior ::run [ RunTime:0.005170s ]
INFO: [ view_end ] --END-- [ RunTime:0.005359s ]

[ 2014-01-18T17:15:03+08:00 ] 127.0.0.1 /scda/index.php/Index/News/index.html
INFO: [ route_check ] --START--
INFO: CheckRoute Behavior ::run [ RunTime:0.058926s ]
INFO: [ route_check ] --END-- [ RunTime:0.059128s ]
INFO: [ app_begin ] --START--
INFO: ReadHtmlCache Behavior ::run [ RunTime:0.001172s ]
INFO: [ app_begin ] --END-- [ RunTime:0.001373s ]
INFO: [ view_parse ] --START--
SQL: SHOW COLUMNS FROM `friends` [ RunTime:0.003236s ]
SQL: SELECT * FROM `friends` LIMIT 10   [ RunTime:0.000358s ]
INFO: ParseTemplate Behavior ::run [ RunTime:0.088379s ]
INFO: [ view_parse ] --END-- [ RunTime:0.088631s ]
INFO: [ view_filter ] --START--
INFO: ContentReplace Behavior ::run [ RunTime:0.000763s ]
INFO: TokenBuild Behavior ::run [ RunTime:0.000562s ]
INFO: WriteHtmlCache Behavior ::run [ RunTime:0.000504s ]
INFO: ShowRuntime Behavior ::run [ RunTime:0.000573s ]
INFO: [ view_filter ] --END-- [ RunTime:0.002609s ]
INFO: [ view_end ] --START--
INFO: ShowPageTrace Behavior ::run [ RunTime:0.000587s ]
INFO: [ view_end ] --END-- [ RunTime:0.000704s ]

[ 2014-01-18T17:15:03+08:00 ] 127.0.0.1 /scda/index.php/Index/News/index.html
INFO: [ route_check ] --START--
INFO: CheckRoute Behavior ::run [ RunTime:0.001262s ]
INFO: [ route_check ] --END-- [ RunTime:0.001505s ]
INFO: [ app_begin ] --START--
INFO: ReadHtmlCache Behavior ::run [ RunTime:0.000465s ]
INFO: [ app_begin ] --END-- [ RunTime:0.000644s ]
INFO: [ view_parse ] --START--
SQL: SHOW COLUMNS FROM `friends` [ RunTime:0.001642s ]
SQL: SELECT * FROM `friends` LIMIT 10   [ RunTime:0.000343s ]
INFO: ParseTemplate Behavior ::run [ RunTime:0.028083s ]
INFO: [ view_parse ] --END-- [ RunTime:0.028197s ]
INFO: [ view_filter ] --START--
INFO: ContentReplace Behavior ::run [ RunTime:0.000575s ]
INFO: TokenBuild Behavior ::run [ RunTime:0.000214s ]
INFO: WriteHtmlCache Behavior ::run [ RunTime:0.000145s ]
INFO: ShowRuntime Behavior ::run [ RunTime:0.000202s ]
INFO: [ view_filter ] --END-- [ RunTime:0.001389s ]
INFO: [ view_end ] --START--
INFO: ShowPageTrace Behavior ::run [ RunTime:0.000175s ]
INFO: [ view_end ] --END-- [ RunTime:0.000245s ]

[ 2014-01-18T17:15:46+08:00 ] 127.0.0.1 /scda/index.php/Index/Report/index.html
INFO: [ route_check ] --START--
INFO: CheckRoute Behavior ::run [ RunTime:0.000210s ]
INFO: [ route_check ] --END-- [ RunTime:0.000324s ]
INFO: [ app_begin ] --START--
INFO: ReadHtmlCache Behavior ::run [ RunTime:0.000296s ]
INFO: [ app_begin ] --END-- [ RunTime:0.000396s ]
SQL: SHOW COLUMNS FROM `report` [ RunTime:0.065491s ]
SQL: SELECT COUNT(*) AS tp_count FROM `report` WHERE ( `del` = 0 ) LIMIT 1   [ RunTime:0.000404s ]
SQL: SELECT `id`,`title`,`summary`,`author`,`time`,`click`,`del` FROM `report` WHERE ( `del` = 0 ) ORDER BY time desc LIMIT 0,10   [ RunTime:0.010584s ]
INFO: [ view_parse ] --START--
NOTIC: [8] Use of undefined constant Group_name - assumed 'Group_name' E:\wamp\www\scda\Index\Temp\Cache\Index\f4b39776831a787d1ec6ccda18253339.php 第 84 行.
NOTIC: [8] Use of undefined constant Group_name - assumed 'Group_name' E:\wamp\www\scda\Index\Temp\Cache\Index\f4b39776831a787d1ec6ccda18253339.php 第 84 行.
NOTIC: [8] Use of undefined constant Group_name - assumed 'Group_name' E:\wamp\www\scda\Index\Temp\Cache\Index\f4b39776831a787d1ec6ccda18253339.php 第 84 行.
NOTIC: [8] Use of undefined constant Group_name - assumed 'Group_name' E:\wamp\www\scda\Index\Temp\Cache\Index\f4b39776831a787d1ec6ccda18253339.php 第 84 行.
NOTIC: [8] Use of undefined constant Group_name - assumed 'Group_name' E:\wamp\www\scda\Index\Temp\Cache\Index\f4b39776831a787d1ec6ccda18253339.php 第 84 行.
NOTIC: [8] Use of undefined constant Group_name - assumed 'Group_name' E:\wamp\www\scda\Index\Temp\Cache\Index\f4b39776831a787d1ec6ccda18253339.php 第 84 行.
NOTIC: [8] Use of undefined constant Group_name - assumed 'Group_name' E:\wamp\www\scda\Index\Temp\Cache\Index\f4b39776831a787d1ec6ccda18253339.php 第 84 行.
NOTIC: [8] Use of undefined constant Group_name - assumed 'Group_name' E:\wamp\www\scda\Index\Temp\Cache\Index\f4b39776831a787d1ec6ccda18253339.php 第 84 行.
NOTIC: [8] Use of undefined constant Group_name - assumed 'Group_name' E:\wamp\www\scda\Index\Temp\Cache\Index\f4b39776831a787d1ec6ccda18253339.php 第 84 行.
NOTIC: [8] Use of undefined constant Group_name - assumed 'Group_name' E:\wamp\www\scda\Index\Temp\Cache\Index\f4b39776831a787d1ec6ccda18253339.php 第 84 行.
SQL: SHOW COLUMNS FROM `program` [ RunTime:0.022277s ]
SQL: SELECT `introduce` FROM `program` WHERE ( `name` = '调研报告' ) LIMIT 1   [ RunTime:0.000396s ]
SQL: SELECT id,title,click,del FROM `report` WHERE ( `del` = 0 ) ORDER BY click desc LIMIT 10   [ RunTime:0.000382s ]
NOTIC: [8] Use of undefined constant Group_name - assumed 'Group_name' E:\wamp\www\scda\Index\Temp\Cache\Index\f3d2e5a0e1102fe65656301cc9219197.php 第 19 行.
NOTIC: [8] Use of undefined constant Group_name - assumed 'Group_name' E:\wamp\www\scda\Index\Temp\Cache\Index\f3d2e5a0e1102fe65656301cc9219197.php 第 19 行.
NOTIC: [8] Use of undefined constant Group_name - assumed 'Group_name' E:\wamp\www\scda\Index\Temp\Cache\Index\f3d2e5a0e1102fe65656301cc9219197.php 第 19 行.
NOTIC: [8] Use of undefined constant Group_name - assumed 'Group_name' E:\wamp\www\scda\Index\Temp\Cache\Index\f3d2e5a0e1102fe65656301cc9219197.php 第 19 行.
NOTIC: [8] Use of undefined constant Group_name - assumed 'Group_name' E:\wamp\www\scda\Index\Temp\Cache\Index\f3d2e5a0e1102fe65656301cc9219197.php 第 19 行.
NOTIC: [8] Use of undefined constant Group_name - assumed 'Group_name' E:\wamp\www\scda\Index\Temp\Cache\Index\f3d2e5a0e1102fe65656301cc9219197.php 第 19 行.
NOTIC: [8] Use of undefined constant Group_name - assumed 'Group_name' E:\wamp\www\scda\Index\Temp\Cache\Index\f3d2e5a0e1102fe65656301cc9219197.php 第 19 行.
NOTIC: [8] Use of undefined constant Group_name - assumed 'Group_name' E:\wamp\www\scda\Index\Temp\Cache\Index\f3d2e5a0e1102fe65656301cc9219197.php 第 19 行.
NOTIC: [8] Use of undefined constant Group_name - assumed 'Group_name' E:\wamp\www\scda\Index\Temp\Cache\Index\f3d2e5a0e1102fe65656301cc9219197.php 第 19 行.
NOTIC: [8] Use of undefined constant Group_name - assumed 'Group_name' E:\wamp\www\scda\Index\Temp\Cache\Index\f3d2e5a0e1102fe65656301cc9219197.php 第 19 行.
SQL: SHOW COLUMNS FROM `friends` [ RunTime:0.002124s ]
SQL: SELECT * FROM `friends` LIMIT 10   [ RunTime:0.000249s ]
INFO: ParseTemplate Behavior ::run [ RunTime:0.097527s ]
INFO: [ view_parse ] --END-- [ RunTime:0.097652s ]
INFO: [ view_filter ] --START--
INFO: ContentReplace Behavior ::run [ RunTime:0.000457s ]
INFO: TokenBuild Behavior ::run [ RunTime:0.000228s ]
INFO: WriteHtmlCache Behavior ::run [ RunTime:0.000164s ]
INFO: ShowRuntime Behavior ::run [ RunTime:0.000201s ]
INFO: [ view_filter ] --END-- [ RunTime:0.001234s ]
INFO: [ view_end ] --START--
INFO: ShowPageTrace Behavior ::run [ RunTime:0.000198s ]
INFO: [ view_end ] --END-- [ RunTime:0.000319s ]

[ 2014-01-18T17:15:46+08:00 ] 127.0.0.1 /scda/index.php/Index/Direct/index.html
INFO: [ route_check ] --START--
INFO: CheckRoute Behavior ::run [ RunTime:0.000442s ]
INFO: [ route_check ] --END-- [ RunTime:0.000802s ]
INFO: [ app_begin ] --START--
INFO: ReadHtmlCache Behavior ::run [ RunTime:0.000721s ]
INFO: [ app_begin ] --END-- [ RunTime:0.000913s ]
SQL: SHOW COLUMNS FROM `direct` [ RunTime:0.042998s ]
SQL: SELECT COUNT(*) AS tp_count FROM `direct` WHERE ( `del` = 0 ) LIMIT 1   [ RunTime:0.000478s ]
SQL: SELECT `id`,`title`,`summary`,`author`,`time`,`click`,`del` FROM `direct` WHERE ( `del` = 0 ) ORDER BY time desc LIMIT 0,10   [ RunTime:0.012824s ]
INFO: [ view_parse ] --START--
NOTIC: [8] Use of undefined constant Group_name - assumed 'Group_name' E:\wamp\www\scda\Index\Temp\Cache\Index\0a334d84e307299fb84cb431ef9c2184.php 第 84 行.
NOTIC: [8] Use of undefined constant Group_name - assumed 'Group_name' E:\wamp\www\scda\Index\Temp\Cache\Index\0a334d84e307299fb84cb431ef9c2184.php 第 84 行.
NOTIC: [8] Use of undefined constant Group_name - assumed 'Group_name' E:\wamp\www\scda\Index\Temp\Cache\Index\0a334d84e307299fb84cb431ef9c2184.php 第 84 行.
NOTIC: [8] Use of undefined constant Group_name - assumed 'Group_name' E:\wamp\www\scda\Index\Temp\Cache\Index\0a334d84e307299fb84cb431ef9c2184.php 第 84 行.
SQL: SHOW COLUMNS FROM `program` [ RunTime:0.002237s ]
SQL: SELECT `introduce` FROM `program` WHERE ( `name` = '就业指导' ) LIMIT 1   [ RunTime:0.000408s ]
SQL: SELECT id,title,click,del FROM `direct` WHERE ( `del` = 0 ) ORDER BY click desc LIMIT 10   [ RunTime:0.000336s ]
NOTIC: [8] Use of undefined constant Group_name - assumed 'Group_name' E:\wamp\www\scda\Index\Temp\Cache\Index\29b026ed771a7d2c4fab22cb83dc9aca.php 第 19 行.
NOTIC: [8] Use of undefined constant Group_name - assumed 'Group_name' E:\wamp\www\scda\Index\Temp\Cache\Index\29b026ed771a7d2c4fab22cb83dc9aca.php 第 19 行.
NOTIC: [8] Use of undefined constant Group_name - assumed 'Group_name' E:\wamp\www\scda\Index\Temp\Cache\Index\29b026ed771a7d2c4fab22cb83dc9aca.php 第 19 行.
NOTIC: [8] Use of undefined constant Group_name - assumed 'Group_name' E:\wamp\www\scda\Index\Temp\Cache\Index\29b026ed771a7d2c4fab22cb83dc9aca.php 第 19 行.
SQL: SHOW COLUMNS FROM `friends` [ RunTime:0.001676s ]
SQL: SELECT * FROM `friends` LIMIT 10   [ RunTime:0.000377s ]
INFO: ParseTemplate Behavior ::run [ RunTime:0.055722s ]
INFO: [ view_parse ] --END-- [ RunTime:0.055903s ]
INFO: [ view_filter ] --START--
INFO: ContentReplace Behavior ::run [ RunTime:0.000261s ]
INFO: TokenBuild Behavior ::run [ RunTime:0.000182s ]
INFO: WriteHtmlCache Behavior ::run [ RunTime:0.000139s ]
INFO: ShowRuntime Behavior ::run [ RunTime:0.000177s ]
INFO: [ view_filter ] --END-- [ RunTime:0.000928s ]
INFO: [ view_end ] --START--
INFO: ShowPageTrace Behavior ::run [ RunTime:0.000179s ]
INFO: [ view_end ] --END-- [ RunTime:0.000246s ]

[ 2014-01-18T17:15:47+08:00 ] 127.0.0.1 /scda/index.php/Index/Assess/index.html
INFO: [ route_check ] --START--
INFO: CheckRoute Behavior ::run [ RunTime:0.000444s ]
INFO: [ route_check ] --END-- [ RunTime:0.000677s ]
INFO: [ app_begin ] --START--
INFO: ReadHtmlCache Behavior ::run [ RunTime:0.000463s ]
INFO: [ app_begin ] --END-- [ RunTime:0.000660s ]
SQL: SHOW COLUMNS FROM `assess` [ RunTime:0.084896s ]
SQL: SELECT COUNT(*) AS tp_count FROM `assess` WHERE ( `del` = 0 ) LIMIT 1   [ RunTime:0.002673s ]
SQL: SELECT `id`,`title`,`summary`,`author`,`time`,`click`,`del` FROM `assess` WHERE ( `del` = 0 ) ORDER BY time desc LIMIT 0,10   [ RunTime:0.001177s ]
INFO: [ view_parse ] --START--
NOTIC: [8] Use of undefined constant Group_name - assumed 'Group_name' E:\wamp\www\scda\Index\Temp\Cache\Index\d96cc6aa0835d9d52460e251b2dbef93.php 第 84 行.
NOTIC: [8] Use of undefined constant Group_name - assumed 'Group_name' E:\wamp\www\scda\Index\Temp\Cache\Index\d96cc6aa0835d9d52460e251b2dbef93.php 第 84 行.
NOTIC: [8] Use of undefined constant Group_name - assumed 'Group_name' E:\wamp\www\scda\Index\Temp\Cache\Index\d96cc6aa0835d9d52460e251b2dbef93.php 第 84 行.
SQL: SHOW COLUMNS FROM `program` [ RunTime:0.001865s ]
SQL: SELECT `introduce` FROM `program` WHERE ( `name` = '职业测评' ) LIMIT 1   [ RunTime:0.000372s ]
SQL: SELECT id,title,click,del FROM `assess` WHERE ( `del` = 0 ) ORDER BY click desc LIMIT 10   [ RunTime:0.000336s ]
NOTIC: [8] Use of undefined constant Group_name - assumed 'Group_name' E:\wamp\www\scda\Index\Temp\Cache\Index\5a64fae2b4db7c56cb49357425c86fe0.php 第 19 行.
NOTIC: [8] Use of undefined constant Group_name - assumed 'Group_name' E:\wamp\www\scda\Index\Temp\Cache\Index\5a64fae2b4db7c56cb49357425c86fe0.php 第 19 行.
NOTIC: [8] Use of undefined constant Group_name - assumed 'Group_name' E:\wamp\www\scda\Index\Temp\Cache\Index\5a64fae2b4db7c56cb49357425c86fe0.php 第 19 行.
SQL: SHOW COLUMNS FROM `friends` [ RunTime:0.001985s ]
SQL: SELECT * FROM `friends` LIMIT 10   [ RunTime:0.000934s ]
INFO: ParseTemplate Behavior ::run [ RunTime:0.061323s ]
INFO: [ view_parse ] --END-- [ RunTime:0.061592s ]
INFO: [ view_filter ] --START--
INFO: ContentReplace Behavior ::run [ RunTime:0.000353s ]
INFO: TokenBuild Behavior ::run [ RunTime:0.000250s ]
INFO: WriteHtmlCache Behavior ::run [ RunTime:0.000165s ]
INFO: ShowRuntime Behavior ::run [ RunTime:0.000229s ]
INFO: [ view_filter ] --END-- [ RunTime:0.001232s ]
INFO: [ view_end ] --START--
INFO: ShowPageTrace Behavior ::run [ RunTime:0.000252s ]
INFO: [ view_end ] --END-- [ RunTime:0.000341s ]

[ 2014-01-18T17:15:48+08:00 ] 127.0.0.1 /scda/index.php/Index/Job/index.html
INFO: [ route_check ] --START--
INFO: CheckRoute Behavior ::run [ RunTime:0.001229s ]
INFO: [ route_check ] --END-- [ RunTime:0.001463s ]
INFO: [ app_begin ] --START--
INFO: ReadHtmlCache Behavior ::run [ RunTime:0.001060s ]
INFO: [ app_begin ] --END-- [ RunTime:0.001232s ]
SQL: SHOW COLUMNS FROM `job` [ RunTime:0.043914s ]
SQL: SELECT COUNT(*) AS tp_count FROM `job` WHERE ( `del` = 0 ) LIMIT 1   [ RunTime:0.000626s ]
SQL: SELECT `id`,`title`,`summary`,`author`,`time`,`click`,`del` FROM `job` WHERE ( `del` = 0 ) ORDER BY time desc LIMIT 0,10   [ RunTime:0.000989s ]
INFO: [ view_parse ] --START--
NOTIC: [8] Use of undefined constant Group_name - assumed 'Group_name' E:\wamp\www\scda\Index\Temp\Cache\Index\cae34e90e67cd068304a5a074cf6b958.php 第 84 行.
NOTIC: [8] Use of undefined constant Group_name - assumed 'Group_name' E:\wamp\www\scda\Index\Temp\Cache\Index\cae34e90e67cd068304a5a074cf6b958.php 第 84 行.
NOTIC: [8] Use of undefined constant Group_name - assumed 'Group_name' E:\wamp\www\scda\Index\Temp\Cache\Index\cae34e90e67cd068304a5a074cf6b958.php 第 84 行.
SQL: SHOW COLUMNS FROM `program` [ RunTime:0.001838s ]
SQL: SELECT `introduce` FROM `program` WHERE ( `name` = '就业信息' ) LIMIT 1   [ RunTime:0.000555s ]
SQL: SELECT id,title,click,del FROM `job` WHERE ( `del` = 0 ) ORDER BY click desc LIMIT 10   [ RunTime:0.000407s ]
NOTIC: [8] Use of undefined constant Group_name - assumed 'Group_name' E:\wamp\www\scda\Index\Temp\Cache\Index\36acf29adc36f9179b36df88fbbd4266.php 第 19 行.
NOTIC: [8] Use of undefined constant Group_name - assumed 'Group_name' E:\wamp\www\scda\Index\Temp\Cache\Index\36acf29adc36f9179b36df88fbbd4266.php 第 19 行.
NOTIC: [8] Use of undefined constant Group_name - assumed 'Group_name' E:\wamp\www\scda\Index\Temp\Cache\Index\36acf29adc36f9179b36df88fbbd4266.php 第 19 行.
SQL: SHOW COLUMNS FROM `friends` [ RunTime:0.001843s ]
SQL: SELECT * FROM `friends` LIMIT 10   [ RunTime:0.000334s ]
INFO: ParseTemplate Behavior ::run [ RunTime:0.088148s ]
INFO: [ view_parse ] --END-- [ RunTime:0.088326s ]
INFO: [ view_filter ] --START--
INFO: ContentReplace Behavior ::run [ RunTime:0.000718s ]
INFO: TokenBuild Behavior ::run [ RunTime:0.000613s ]
INFO: WriteHtmlCache Behavior ::run [ RunTime:0.000511s ]
INFO: ShowRuntime Behavior ::run [ RunTime:0.000570s ]
INFO: [ view_filter ] --END-- [ RunTime:0.002652s ]
INFO: [ view_end ] --START--
INFO: ShowPageTrace Behavior ::run [ RunTime:0.000663s ]
INFO: [ view_end ] --END-- [ RunTime:0.000774s ]

[ 2014-01-18T17:15:48+08:00 ] 127.0.0.1 /scda/index.php/Index/Video/index.html
INFO: [ route_check ] --START--
INFO: CheckRoute Behavior ::run [ RunTime:0.000452s ]
INFO: [ route_check ] --END-- [ RunTime:0.000680s ]
INFO: [ app_begin ] --START--
INFO: ReadHtmlCache Behavior ::run [ RunTime:0.000446s ]
INFO: [ app_begin ] --END-- [ RunTime:0.000630s ]
SQL: SHOW COLUMNS FROM `video` [ RunTime:0.033339s ]
SQL: SELECT `id`,`title`,`type`,`summary`,`pic_id`,`video_id`,`time`,`click`,`cid`,`del` FROM `video` WHERE ( `del` = 0 ) AND ( `type` = 1 ) ORDER BY time desc  [ RunTime:0.011542s ]
SQL: SHOW COLUMNS FROM `upload` [ RunTime:0.002583s ]
SQL: SELECT `directory` FROM `upload` WHERE ( 1=1 AND id='52' ) LIMIT 1   [ RunTime:0.000575s ]
SQL: SELECT `directory` FROM `upload` WHERE ( 1=1 AND id='38' ) LIMIT 1   [ RunTime:0.000355s ]
SQL: SELECT `id`,`title`,`type`,`pic_id`,`video_id`,`time`,`click`,`cid`,`del` FROM `video` WHERE ( `del` = 0 ) AND ( `cid` = 5 ) ORDER BY time desc LIMIT 1   [ RunTime:0.008774s ]
SQL: SELECT `directory` FROM `upload` WHERE ( 1=1 AND id='40' ) LIMIT 1   [ RunTime:0.000422s ]
SQL: SELECT `id`,`title`,`type`,`pic_id`,`video_id`,`time`,`click`,`cid`,`del` FROM `video` WHERE ( `del` = 0 ) AND ( `cid` = 6 ) ORDER BY time desc LIMIT 1   [ RunTime:0.000454s ]
SQL: SELECT `directory` FROM `upload` WHERE ( 1=1 AND id='42' ) LIMIT 1   [ RunTime:0.000359s ]
SQL: SELECT `id`,`title`,`type`,`pic_id`,`video_id`,`time`,`click`,`cid`,`del` FROM `video` WHERE ( `del` = 0 ) AND ( `cid` = 7 ) ORDER BY time desc LIMIT 1   [ RunTime:0.000431s ]
SQL: SELECT `directory` FROM `upload` WHERE ( 1=1 AND id='44' ) LIMIT 1   [ RunTime:0.000355s ]
SQL: SELECT `id`,`title`,`type`,`pic_id`,`video_id`,`time`,`click`,`cid`,`del` FROM `video` WHERE ( `del` = 0 ) AND ( `cid` = 8 ) ORDER BY time desc LIMIT 1   [ RunTime:0.000430s ]
SQL: SELECT `directory` FROM `upload` WHERE ( 1=1 AND id='46' ) LIMIT 1   [ RunTime:0.000345s ]
SQL: SELECT `id`,`title`,`type`,`pic_id`,`video_id`,`time`,`click`,`cid`,`del` FROM `video` WHERE ( `del` = 0 ) AND ( `cid` = 9 ) ORDER BY time desc LIMIT 1   [ RunTime:0.000426s ]
SQL: SELECT `directory` FROM `upload` WHERE ( 1=1 AND id='48' ) LIMIT 1   [ RunTime:0.001275s ]
SQL: SELECT `id`,`title`,`type`,`pic_id`,`video_id`,`time`,`click`,`cid`,`del` FROM `video` WHERE ( `del` = 0 ) AND ( `cid` = 10 ) ORDER BY time desc LIMIT 1   [ RunTime:0.001900s ]
SQL: SELECT `directory` FROM `upload` WHERE ( 1=1 AND id='50' ) LIMIT 1   [ RunTime:0.000278s ]
SQL: SELECT `id`,`title`,`type`,`pic_id`,`video_id`,`time`,`click`,`cid`,`del` FROM `video` WHERE ( `del` = 0 ) AND ( `cid` = 2 ) ORDER BY time desc LIMIT 4   [ RunTime:0.000418s ]
SQL: SELECT `directory` FROM `upload` WHERE ( 1=1 AND id='38' ) LIMIT 1   [ RunTime:0.000115s ]
SQL: SELECT `directory` FROM `upload` WHERE ( 1=1 AND id='35' ) LIMIT 1   [ RunTime:0.000575s ]
SQL: SELECT `directory` FROM `upload` WHERE ( 1=1 AND id='32' ) LIMIT 1   [ RunTime:0.002122s ]
SQL: SELECT `directory` FROM `upload` WHERE ( 1=1 AND id='4' ) LIMIT 1   [ RunTime:0.000420s ]
SQL: SELECT `id`,`title`,`type`,`pic_id`,`video_id`,`time`,`click`,`cid`,`del` FROM `video` WHERE ( `del` = 0 ) AND ( `cid` = 3 ) ORDER BY time desc LIMIT 4   [ RunTime:0.000365s ]
SQL: SELECT `directory` FROM `upload` WHERE ( 1=1 AND id='52' ) LIMIT 1   [ RunTime:0.000185s ]
SQL: SELECT `id`,`title`,`type`,`pic_id`,`video_id`,`time`,`click`,`cid`,`del` FROM `video` WHERE ( `del` = 0 ) AND ( `cid` = 4 ) ORDER BY time desc LIMIT 4   [ RunTime:0.000370s ]
SQL: SELECT `directory` FROM `upload` WHERE ( 1=1 AND id='4' ) LIMIT 1   [ RunTime:0.000176s ]
SQL: SHOW COLUMNS FROM `video` [ RunTime:0.001789s ]
SQL: SELECT `id`,`title`,`type`,`pic_id`,`video_id`,`time`,`click`,`cid`,`del` FROM `video` WHERE ( `del` = 0 ) ORDER BY click desc LIMIT 10   [ RunTime:0.000342s ]
INFO: [ view_parse ] --START--
NOTIC: [8] Use of undefined constant Group_name - assumed 'Group_name' E:\wamp\www\scda\Index\Temp\Cache\Index\b9fd99f1a5e3ec2fa911b11dde91c420.php 第 66 行.
NOTIC: [8] Use of undefined constant Group_name - assumed 'Group_name' E:\wamp\www\scda\Index\Temp\Cache\Index\b9fd99f1a5e3ec2fa911b11dde91c420.php 第 66 行.
NOTIC: [8] Use of undefined constant Group_name - assumed 'Group_name' E:\wamp\www\scda\Index\Temp\Cache\Index\b9fd99f1a5e3ec2fa911b11dde91c420.php 第 89 行.
NOTIC: [8] Use of undefined constant Group_name - assumed 'Group_name' E:\wamp\www\scda\Index\Temp\Cache\Index\b9fd99f1a5e3ec2fa911b11dde91c420.php 第 98 行.
NOTIC: [8] Use of undefined constant Group_name - assumed 'Group_name' E:\wamp\www\scda\Index\Temp\Cache\Index\b9fd99f1a5e3ec2fa911b11dde91c420.php 第 107 行.
NOTIC: [8] Use of undefined constant Group_name - assumed 'Group_name' E:\wamp\www\scda\Index\Temp\Cache\Index\b9fd99f1a5e3ec2fa911b11dde91c420.php 第 116 行.
NOTIC: [8] Use of undefined constant Group_name - assumed 'Group_name' E:\wamp\www\scda\Index\Temp\Cache\Index\b9fd99f1a5e3ec2fa911b11dde91c420.php 第 125 行.
NOTIC: [8] Use of undefined constant Group_name - assumed 'Group_name' E:\wamp\www\scda\Index\Temp\Cache\Index\b9fd99f1a5e3ec2fa911b11dde91c420.php 第 134 行.
NOTIC: [8] Use of undefined constant Group_name - assumed 'Group_name' E:\wamp\www\scda\Index\Temp\Cache\Index\b9fd99f1a5e3ec2fa911b11dde91c420.php 第 154 行.
NOTIC: [8] Use of undefined constant Group_name - assumed 'Group_name' E:\wamp\www\scda\Index\Temp\Cache\Index\b9fd99f1a5e3ec2fa911b11dde91c420.php 第 154 行.
NOTIC: [8] Use of undefined constant Group_name - assumed 'Group_name' E:\wamp\www\scda\Index\Temp\Cache\Index\b9fd99f1a5e3ec2fa911b11dde91c420.php 第 154 行.
NOTIC: [8] Use of undefined constant Group_name - assumed 'Group_name' E:\wamp\www\scda\Index\Temp\Cache\Index\b9fd99f1a5e3ec2fa911b11dde91c420.php 第 154 行.
NOTIC: [8] Use of undefined constant Group_name - assumed 'Group_name' E:\wamp\www\scda\Index\Temp\Cache\Index\b9fd99f1a5e3ec2fa911b11dde91c420.php 第 154 行.
NOTIC: [8] Use of undefined constant Group_name - assumed 'Group_name' E:\wamp\www\scda\Index\Temp\Cache\Index\b9fd99f1a5e3ec2fa911b11dde91c420.php 第 154 行.
NOTIC: [8] Use of undefined constant Group_name - assumed 'Group_name' E:\wamp\www\scda\Index\Temp\Cache\Index\b9fd99f1a5e3ec2fa911b11dde91c420.php 第 154 行.
NOTIC: [8] Use of undefined constant Group_name - assumed 'Group_name' E:\wamp\www\scda\Index\Temp\Cache\Index\b9fd99f1a5e3ec2fa911b11dde91c420.php 第 154 行.
NOTIC: [8] Use of undefined constant Group_name - assumed 'Group_name' E:\wamp\www\scda\Index\Temp\Cache\Index\b9fd99f1a5e3ec2fa911b11dde91c420.php 第 154 行.
NOTIC: [8] Use of undefined constant Group_name - assumed 'Group_name' E:\wamp\www\scda\Index\Temp\Cache\Index\b9fd99f1a5e3ec2fa911b11dde91c420.php 第 159 行.
NOTIC: [8] Use of undefined constant Group_name - assumed 'Group_name' E:\wamp\www\scda\Index\Temp\Cache\Index\b9fd99f1a5e3ec2fa911b11dde91c420.php 第 202 行.
NOTIC: [8] Use of undefined constant Group_name - assumed 'Group_name' E:\wamp\www\scda\Index\Temp\Cache\Index\b9fd99f1a5e3ec2fa911b11dde91c420.php 第 202 行.
NOTIC: [8] Use of undefined constant Group_name - assumed 'Group_name' E:\wamp\www\scda\Index\Temp\Cache\Index\b9fd99f1a5e3ec2fa911b11dde91c420.php 第 202 行.
NOTIC: [8] Use of undefined constant Group_name - assumed 'Group_name' E:\wamp\www\scda\Index\Temp\Cache\Index\b9fd99f1a5e3ec2fa911b11dde91c420.php 第 202 行.
NOTIC: [8] Use of undefined constant Group_name - assumed 'Group_name' E:\wamp\www\scda\Index\Temp\Cache\Index\b9fd99f1a5e3ec2fa911b11dde91c420.php 第 221 行.
NOTIC: [8] Use of undefined constant Group_name - assumed 'Group_name' E:\wamp\www\scda\Index\Temp\Cache\Index\b9fd99f1a5e3ec2fa911b11dde91c420.php 第 239 行.
SQL: SHOW COLUMNS FROM `friends` [ RunTime:0.001655s ]
SQL: SELECT * FROM `friends` LIMIT 10   [ RunTime:0.000343s ]
INFO: ParseTemplate Behavior ::run [ RunTime:0.043125s ]
INFO: [ view_parse ] --END-- [ RunTime:0.043235s ]
INFO: [ view_filter ] --START--
INFO: ContentReplace Behavior ::run [ RunTime:0.000259s ]
INFO: TokenBuild Behavior ::run [ RunTime:0.000168s ]
INFO: WriteHtmlCache Behavior ::run [ RunTime:0.000120s ]
INFO: ShowRuntime Behavior ::run [ RunTime:0.000180s ]
INFO: [ view_filter ] --END-- [ RunTime:0.000899s ]
INFO: [ view_end ] --START--
INFO: ShowPageTrace Behavior ::run [ RunTime:0.000169s ]
INFO: [ view_end ] --END-- [ RunTime:0.000234s ]

[ 2014-01-18T17:15:56+08:00 ] 127.0.0.1 /scda/index.php/Index/News/index.html
INFO: [ route_check ] --START--
INFO: CheckRoute Behavior ::run [ RunTime:0.001221s ]
INFO: [ route_check ] --END-- [ RunTime:0.001460s ]
INFO: [ app_begin ] --START--
INFO: ReadHtmlCache Behavior ::run [ RunTime:0.001090s ]
INFO: [ app_begin ] --END-- [ RunTime:0.001275s ]
INFO: [ view_parse ] --START--
SQL: SHOW COLUMNS FROM `friends` [ RunTime:0.001568s ]
SQL: SELECT * FROM `friends` LIMIT 10   [ RunTime:0.000294s ]
INFO: ParseTemplate Behavior ::run [ RunTime:0.036571s ]
INFO: [ view_parse ] --END-- [ RunTime:0.036741s ]
INFO: [ view_filter ] --START--
INFO: ContentReplace Behavior ::run [ RunTime:0.000617s ]
INFO: TokenBuild Behavior ::run [ RunTime:0.000440s ]
INFO: WriteHtmlCache Behavior ::run [ RunTime:0.000389s ]
INFO: ShowRuntime Behavior ::run [ RunTime:0.000493s ]
INFO: [ view_filter ] --END-- [ RunTime:0.002112s ]
INFO: [ view_end ] --START--
INFO: ShowPageTrace Behavior ::run [ RunTime:0.000596s ]
INFO: [ view_end ] --END-- [ RunTime:0.000695s ]

[ 2014-01-18T17:15:56+08:00 ] 127.0.0.1 /scda/index.php/Index/News/index.html
INFO: [ route_check ] --START--
INFO: CheckRoute Behavior ::run [ RunTime:0.000294s ]
INFO: [ route_check ] --END-- [ RunTime:0.000428s ]
INFO: [ app_begin ] --START--
INFO: ReadHtmlCache Behavior ::run [ RunTime:0.000243s ]
INFO: [ app_begin ] --END-- [ RunTime:0.000327s ]
INFO: [ view_parse ] --START--
SQL: SHOW COLUMNS FROM `friends` [ RunTime:0.002206s ]
SQL: SELECT * FROM `friends` LIMIT 10   [ RunTime:0.000544s ]
INFO: ParseTemplate Behavior ::run [ RunTime:0.032340s ]
INFO: [ view_parse ] --END-- [ RunTime:0.032470s ]
INFO: [ view_filter ] --START--
INFO: ContentReplace Behavior ::run [ RunTime:0.000281s ]
INFO: TokenBuild Behavior ::run [ RunTime:0.000179s ]
INFO: WriteHtmlCache Behavior ::run [ RunTime:0.000126s ]
INFO: ShowRuntime Behavior ::run [ RunTime:0.000203s ]
INFO: [ view_filter ] --END-- [ RunTime:0.000974s ]
INFO: [ view_end ] --START--
INFO: ShowPageTrace Behavior ::run [ RunTime:0.000186s ]
INFO: [ view_end ] --END-- [ RunTime:0.000259s ]

[ 2014-01-18T17:16:41+08:00 ] 127.0.0.1 /scda/
INFO: [ app_begin ] --START--
INFO: ReadHtmlCache Behavior ::run [ RunTime:0.000288s ]
INFO: [ app_begin ] --END-- [ RunTime:0.000438s ]
NOTIC: [2] mysql_connect() [<a href='function.mysql-connect'>function.mysql-connect</a>]: Unknown MySQL server host 'localhost' (11001) E:\wamp\www\scda\ThinkPHP\Extend\Driver\Session\SessionDb.class.php 第 100 行.
NOTIC: [2] mysql_select_db(): supplied argument is not a valid MySQL-Link resource E:\wamp\www\scda\ThinkPHP\Extend\Driver\Session\SessionDb.class.php 第 103 行.
NOTIC: [8] Undefined offset:  1 E:\wamp\www\scda\ThinkPHP\Extend\Driver\Session\SessionDb.class.php 第 129 行.
NOTIC: [2] mysql_query(): supplied argument is not a valid MySQL-Link resource E:\wamp\www\scda\ThinkPHP\Extend\Driver\Session\SessionDb.class.php 第 130 行.
NOTIC: [2] mysql_connect() [<a href='function.mysql-connect'>function.mysql-connect</a>]: Unknown MySQL server host 'localhost' (11001) E:\wamp\www\scda\ThinkPHP\Lib\Driver\Db\DbMysql.class.php 第 55 行.
ERR: Unknown MySQL server host 'localhost' (11001)

