[ 2014-01-20T15:02:55+08:00 ] 127.0.0.1 /scda/
INFO: [ app_begin ] --START--
INFO: ReadHtmlCache Behavior ::run [ RunTime:0.005101s ]
INFO: [ app_begin ] --END-- [ RunTime:0.005335s ]
SQL: SHOW COLUMNS FROM `index` [ RunTime:0.003381s ]
SQL: SELECT `id`,`cate_id`,`pic_id`,`title`,`content`,`time`,`more` FROM `index` WHERE ( `del` = 0 ) AND ( `cate_id` = 1 ) ORDER BY time desc LIMIT 3   [ RunTime:0.016423s ]
SQL: SHOW COLUMNS FROM `index_cate` [ RunTime:0.003183s ]
SQL: SELECT `name` FROM `index_cate` WHERE ( 1=1 AND id='1' ) LIMIT 1   [ RunTime:0.000883s ]
SQL: SHOW COLUMNS FROM `upload` [ RunTime:0.003272s ]
SQL: SELECT `directory`,`name` FROM `upload` WHERE ( 1=1 AND id='21' ) LIMIT 1   [ RunTime:0.000720s ]
SQL: SELECT `name` FROM `index_cate` WHERE ( 1=1 AND id='1' ) LIMIT 1   [ RunTime:0.000349s ]
SQL: SELECT `directory`,`name` FROM `upload` WHERE ( 1=1 AND id='18' ) LIMIT 1   [ RunTime:0.000503s ]
SQL: SELECT `name` FROM `index_cate` WHERE ( 1=1 AND id='1' ) LIMIT 1   [ RunTime:0.000270s ]
SQL: SELECT `directory`,`name` FROM `upload` WHERE ( 1=1 AND id='14' ) LIMIT 1   [ RunTime:0.000473s ]
SQL: SELECT `id`,`cate_id`,`pic_id`,`title`,`content`,`time`,`more` FROM `index` WHERE ( `del` = 0 ) AND ( `cate_id` = 2 ) ORDER BY time desc LIMIT 1   [ RunTime:0.000603s ]
SQL: SELECT `name` FROM `index_cate` WHERE ( 1=1 AND id='2' ) LIMIT 1   [ RunTime:0.000512s ]
SQL: SELECT `directory`,`name` FROM `upload` WHERE ( 1=1 AND id='8' ) LIMIT 1   [ RunTime:0.000510s ]
SQL: SELECT `id`,`cate_id`,`pic_id`,`title`,`content`,`time`,`more` FROM `index` WHERE ( `del` = 0 ) AND ( `cate_id` = 3 ) ORDER BY time desc LIMIT 1   [ RunTime:0.000584s ]
SQL: SELECT `name` FROM `index_cate` WHERE ( 1=1 AND id='3' ) LIMIT 1   [ RunTime:0.000499s ]
SQL: SELECT `directory`,`name` FROM `upload` WHERE ( 1=1 AND id='15' ) LIMIT 1   [ RunTime:0.000517s ]
SQL: SELECT `id`,`cate_id`,`pic_id`,`title`,`content`,`time`,`more` FROM `index` WHERE ( `del` = 0 ) AND ( `cate_id` = 4 ) ORDER BY time desc LIMIT 1   [ RunTime:0.000712s ]
SQL: SELECT `name` FROM `index_cate` WHERE ( 1=1 AND id='4' ) LIMIT 1   [ RunTime:0.000520s ]
SQL: SELECT `directory`,`name` FROM `upload` WHERE ( 1=1 AND id='16' ) LIMIT 1   [ RunTime:0.000520s ]
SQL: SELECT `id`,`cate_id`,`pic_id`,`title`,`content`,`time`,`more` FROM `index` WHERE ( `del` = 0 ) AND ( `cate_id` = 5 ) ORDER BY time desc LIMIT 1   [ RunTime:0.000698s ]
SQL: SELECT `name` FROM `index_cate` WHERE ( 1=1 AND id='5' ) LIMIT 1   [ RunTime:0.000586s ]
SQL: SELECT `directory`,`name` FROM `upload` WHERE ( 1=1 AND id='17' ) LIMIT 1   [ RunTime:0.000565s ]
SQL: SELECT `id`,`cate_id`,`pic_id`,`title`,`content`,`time`,`more` FROM `index` WHERE ( `del` = 0 ) AND ( `cate_id` = 6 ) ORDER BY time desc LIMIT 1   [ RunTime:0.000673s ]
SQL: SELECT `name` FROM `index_cate` WHERE ( 1=1 AND id='6' ) LIMIT 1   [ RunTime:0.000522s ]
SQL: SELECT `directory`,`name` FROM `upload` WHERE ( 1=1 AND id='19' ) LIMIT 1   [ RunTime:0.001572s ]
SQL: SELECT `id`,`cate_id`,`pic_id`,`title`,`content`,`time`,`more` FROM `index` WHERE ( `del` = 0 ) AND ( `cate_id` = 7 ) ORDER BY time desc LIMIT 1   [ RunTime:0.000590s ]
SQL: SELECT `name` FROM `index_cate` WHERE ( 1=1 AND id='7' ) LIMIT 1   [ RunTime:0.000451s ]
SQL: SELECT `directory`,`name` FROM `upload` WHERE ( 1=1 AND id='20' ) LIMIT 1   [ RunTime:0.000491s ]
INFO: [ view_parse ] --START--
NOTIC: [8] Undefined variable: name E:\wamp\www\scda\Index\Temp\Cache\Index\a82aed5f987f84a626c85a291db06960.php 第 35 行.
NOTIC: [8] Undefined variable: name E:\wamp\www\scda\Index\Temp\Cache\Index\a82aed5f987f84a626c85a291db06960.php 第 36 行.
NOTIC: [8] Undefined variable: name E:\wamp\www\scda\Index\Temp\Cache\Index\a82aed5f987f84a626c85a291db06960.php 第 37 行.
NOTIC: [8] Undefined variable: name E:\wamp\www\scda\Index\Temp\Cache\Index\a82aed5f987f84a626c85a291db06960.php 第 38 行.
NOTIC: [8] Undefined variable: name E:\wamp\www\scda\Index\Temp\Cache\Index\a82aed5f987f84a626c85a291db06960.php 第 39 行.
NOTIC: [8] Undefined variable: name E:\wamp\www\scda\Index\Temp\Cache\Index\a82aed5f987f84a626c85a291db06960.php 第 40 行.
NOTIC: [8] Undefined variable: name E:\wamp\www\scda\Index\Temp\Cache\Index\a82aed5f987f84a626c85a291db06960.php 第 41 行.
NOTIC: [8] Undefined variable: name E:\wamp\www\scda\Index\Temp\Cache\Index\a82aed5f987f84a626c85a291db06960.php 第 42 行.
SQL: SHOW COLUMNS FROM `friends` [ RunTime:0.002152s ]
SQL: SELECT * FROM `friends` LIMIT 10   [ RunTime:0.000542s ]
INFO: ParseTemplate Behavior ::run [ RunTime:0.184249s ]
INFO: [ view_parse ] --END-- [ RunTime:0.184422s ]
INFO: [ view_filter ] --START--
INFO: ContentReplace Behavior ::run [ RunTime:0.018358s ]
INFO: TokenBuild Behavior ::run [ RunTime:0.005466s ]
INFO: WriteHtmlCache Behavior ::run [ RunTime:0.002305s ]
INFO: ShowRuntime Behavior ::run [ RunTime:0.002955s ]
INFO: [ view_filter ] --END-- [ RunTime:0.029470s ]
INFO: [ view_end ] --START--
INFO: ShowPageTrace Behavior ::run [ RunTime:0.003277s ]
INFO: [ view_end ] --END-- [ RunTime:0.003410s ]

[ 2014-01-20T15:02:58+08:00 ] 127.0.0.1 /scda/index.php/Admin/Index/index.html
INFO: [ route_check ] --START--
INFO: CheckRoute Behavior ::run [ RunTime:0.050393s ]
INFO: [ route_check ] --END-- [ RunTime:0.050555s ]
INFO: [ app_begin ] --START--
INFO: ReadHtmlCache Behavior ::run [ RunTime:0.002162s ]
INFO: [ app_begin ] --END-- [ RunTime:0.002366s ]

[ 2014-01-20T15:02:58+08:00 ] 127.0.0.1 /scda/index.php/Admin/Login/index
INFO: [ route_check ] --START--
INFO: CheckRoute Behavior ::run [ RunTime:0.002041s ]
INFO: [ route_check ] --END-- [ RunTime:0.002256s ]
INFO: [ app_begin ] --START--
INFO: ReadHtmlCache Behavior ::run [ RunTime:0.001959s ]
INFO: [ app_begin ] --END-- [ RunTime:0.002120s ]
INFO: [ view_parse ] --START--
INFO: ParseTemplate Behavior ::run [ RunTime:0.030820s ]
INFO: [ view_parse ] --END-- [ RunTime:0.031031s ]
INFO: [ view_filter ] --START--
INFO: ContentReplace Behavior ::run [ RunTime:0.002830s ]
INFO: TokenBuild Behavior ::run [ RunTime:0.001996s ]
INFO: WriteHtmlCache Behavior ::run [ RunTime:0.001893s ]
INFO: ShowRuntime Behavior ::run [ RunTime:0.002041s ]
INFO: [ view_filter ] --END-- [ RunTime:0.009205s ]
INFO: [ view_end ] --START--
INFO: ShowPageTrace Behavior ::run [ RunTime:0.002011s ]
INFO: [ view_end ] --END-- [ RunTime:0.002124s ]

[ 2014-01-20T15:03:09+08:00 ] 127.0.0.1 /scda/index.php/Admin/Login/login
INFO: [ route_check ] --START--
INFO: CheckRoute Behavior ::run [ RunTime:0.002136s ]
INFO: [ route_check ] --END-- [ RunTime:0.002318s ]
INFO: [ app_begin ] --START--
INFO: ReadHtmlCache Behavior ::run [ RunTime:0.001432s ]
INFO: [ app_begin ] --END-- [ RunTime:0.001587s ]
NOTIC: [2] mysql_connect() [<a href='function.mysql-connect'>function.mysql-connect</a>]: Unknown MySQL server host 'localhost' (11001) E:\wamp\www\scda\ThinkPHP\Extend\Driver\Session\SessionDb.class.php 第 100 行.
NOTIC: [2] mysql_select_db(): supplied argument is not a valid MySQL-Link resource E:\wamp\www\scda\ThinkPHP\Extend\Driver\Session\SessionDb.class.php 第 103 行.
NOTIC: [8] Undefined offset:  1 E:\wamp\www\scda\ThinkPHP\Extend\Driver\Session\SessionDb.class.php 第 129 行.
NOTIC: [2] mysql_query(): supplied argument is not a valid MySQL-Link resource E:\wamp\www\scda\ThinkPHP\Extend\Driver\Session\SessionDb.class.php 第 130 行.
NOTIC: [2] mysql_connect() [<a href='function.mysql-connect'>function.mysql-connect</a>]: Unknown MySQL server host 'localhost' (11001) E:\wamp\www\scda\ThinkPHP\Lib\Driver\Db\DbMysql.class.php 第 55 行.
ERR: Unknown MySQL server host 'localhost' (11001)

[ 2014-01-20T15:06:50+08:00 ] 127.0.0.1 /scda/
INFO: [ app_begin ] --START--
INFO: ReadHtmlCache Behavior ::run [ RunTime:0.015564s ]
INFO: [ app_begin ] --END-- [ RunTime:0.015835s ]
SQL: SHOW COLUMNS FROM `index` [ RunTime:0.087125s ]
SQL: SELECT `id`,`cate_id`,`pic_id`,`title`,`content`,`time`,`more` FROM `index` WHERE ( `del` = 0 ) AND ( `cate_id` = 1 ) ORDER BY time desc LIMIT 3   [ RunTime:0.026008s ]
SQL: SHOW COLUMNS FROM `index_cate` [ RunTime:0.017375s ]
SQL: SELECT `name` FROM `index_cate` WHERE ( 1=1 AND id='1' ) LIMIT 1   [ RunTime:0.001678s ]
SQL: SHOW COLUMNS FROM `upload` [ RunTime:0.035038s ]
SQL: SELECT `directory`,`name` FROM `upload` WHERE ( 1=1 AND id='21' ) LIMIT 1   [ RunTime:0.015371s ]
SQL: SELECT `name` FROM `index_cate` WHERE ( 1=1 AND id='1' ) LIMIT 1   [ RunTime:0.000466s ]
SQL: SELECT `directory`,`name` FROM `upload` WHERE ( 1=1 AND id='18' ) LIMIT 1   [ RunTime:0.000585s ]
SQL: SELECT `name` FROM `index_cate` WHERE ( 1=1 AND id='1' ) LIMIT 1   [ RunTime:0.000335s ]
SQL: SELECT `directory`,`name` FROM `upload` WHERE ( 1=1 AND id='14' ) LIMIT 1   [ RunTime:0.000517s ]
SQL: SELECT `id`,`cate_id`,`pic_id`,`title`,`content`,`time`,`more` FROM `index` WHERE ( `del` = 0 ) AND ( `cate_id` = 2 ) ORDER BY time desc LIMIT 1   [ RunTime:0.000622s ]
SQL: SELECT `name` FROM `index_cate` WHERE ( 1=1 AND id='2' ) LIMIT 1   [ RunTime:0.000509s ]
SQL: SELECT `directory`,`name` FROM `upload` WHERE ( 1=1 AND id='8' ) LIMIT 1   [ RunTime:0.000591s ]
SQL: SELECT `id`,`cate_id`,`pic_id`,`title`,`content`,`time`,`more` FROM `index` WHERE ( `del` = 0 ) AND ( `cate_id` = 3 ) ORDER BY time desc LIMIT 1   [ RunTime:0.000768s ]
SQL: SELECT `name` FROM `index_cate` WHERE ( 1=1 AND id='3' ) LIMIT 1   [ RunTime:0.000512s ]
SQL: SELECT `directory`,`name` FROM `upload` WHERE ( 1=1 AND id='15' ) LIMIT 1   [ RunTime:0.000588s ]
SQL: SELECT `id`,`cate_id`,`pic_id`,`title`,`content`,`time`,`more` FROM `index` WHERE ( `del` = 0 ) AND ( `cate_id` = 4 ) ORDER BY time desc LIMIT 1   [ RunTime:0.000887s ]
SQL: SELECT `name` FROM `index_cate` WHERE ( 1=1 AND id='4' ) LIMIT 1   [ RunTime:0.000553s ]
SQL: SELECT `directory`,`name` FROM `upload` WHERE ( 1=1 AND id='16' ) LIMIT 1   [ RunTime:0.000512s ]
SQL: SELECT `id`,`cate_id`,`pic_id`,`title`,`content`,`time`,`more` FROM `index` WHERE ( `del` = 0 ) AND ( `cate_id` = 5 ) ORDER BY time desc LIMIT 1   [ RunTime:0.000584s ]
SQL: SELECT `name` FROM `index_cate` WHERE ( 1=1 AND id='5' ) LIMIT 1   [ RunTime:0.000493s ]
SQL: SELECT `directory`,`name` FROM `upload` WHERE ( 1=1 AND id='17' ) LIMIT 1   [ RunTime:0.000510s ]
SQL: SELECT `id`,`cate_id`,`pic_id`,`title`,`content`,`time`,`more` FROM `index` WHERE ( `del` = 0 ) AND ( `cate_id` = 6 ) ORDER BY time desc LIMIT 1   [ RunTime:0.000576s ]
SQL: SELECT `name` FROM `index_cate` WHERE ( 1=1 AND id='6' ) LIMIT 1   [ RunTime:0.000508s ]
SQL: SELECT `directory`,`name` FROM `upload` WHERE ( 1=1 AND id='19' ) LIMIT 1   [ RunTime:0.000542s ]
SQL: SELECT `id`,`cate_id`,`pic_id`,`title`,`content`,`time`,`more` FROM `index` WHERE ( `del` = 0 ) AND ( `cate_id` = 7 ) ORDER BY time desc LIMIT 1   [ RunTime:0.000589s ]
SQL: SELECT `name` FROM `index_cate` WHERE ( 1=1 AND id='7' ) LIMIT 1   [ RunTime:0.000511s ]
SQL: SELECT `directory`,`name` FROM `upload` WHERE ( 1=1 AND id='20' ) LIMIT 1   [ RunTime:0.000512s ]
INFO: [ view_parse ] --START--
NOTIC: [8] Undefined variable: name E:\wamp\www\scda\Index\Temp\Cache\Index\a82aed5f987f84a626c85a291db06960.php 第 35 行.
NOTIC: [8] Undefined variable: name E:\wamp\www\scda\Index\Temp\Cache\Index\a82aed5f987f84a626c85a291db06960.php 第 36 行.
NOTIC: [8] Undefined variable: name E:\wamp\www\scda\Index\Temp\Cache\Index\a82aed5f987f84a626c85a291db06960.php 第 37 行.
NOTIC: [8] Undefined variable: name E:\wamp\www\scda\Index\Temp\Cache\Index\a82aed5f987f84a626c85a291db06960.php 第 38 行.
NOTIC: [8] Undefined variable: name E:\wamp\www\scda\Index\Temp\Cache\Index\a82aed5f987f84a626c85a291db06960.php 第 39 行.
NOTIC: [8] Undefined variable: name E:\wamp\www\scda\Index\Temp\Cache\Index\a82aed5f987f84a626c85a291db06960.php 第 40 行.
NOTIC: [8] Undefined variable: name E:\wamp\www\scda\Index\Temp\Cache\Index\a82aed5f987f84a626c85a291db06960.php 第 41 行.
NOTIC: [8] Undefined variable: name E:\wamp\www\scda\Index\Temp\Cache\Index\a82aed5f987f84a626c85a291db06960.php 第 42 行.
SQL: SHOW COLUMNS FROM `friends` [ RunTime:0.041287s ]
SQL: SELECT * FROM `friends` LIMIT 10   [ RunTime:0.001254s ]
INFO: ParseTemplate Behavior ::run [ RunTime:0.398643s ]
INFO: [ view_parse ] --END-- [ RunTime:0.398921s ]
INFO: [ view_filter ] --START--
INFO: ContentReplace Behavior ::run [ RunTime:0.011222s ]
INFO: TokenBuild Behavior ::run [ RunTime:0.005288s ]
INFO: WriteHtmlCache Behavior ::run [ RunTime:0.002507s ]
INFO: ShowRuntime Behavior ::run [ RunTime:0.003045s ]
INFO: [ view_filter ] --END-- [ RunTime:0.022644s ]
INFO: [ view_end ] --START--
INFO: ShowPageTrace Behavior ::run [ RunTime:0.004445s ]
INFO: [ view_end ] --END-- [ RunTime:0.004645s ]

[ 2014-01-20T15:06:55+08:00 ] 127.0.0.1 /scda/index.php/Index/News/index.html
INFO: [ route_check ] --START--
INFO: CheckRoute Behavior ::run [ RunTime:0.022444s ]
INFO: [ route_check ] --END-- [ RunTime:0.022673s ]
INFO: [ app_begin ] --START--
INFO: ReadHtmlCache Behavior ::run [ RunTime:0.000417s ]
INFO: [ app_begin ] --END-- [ RunTime:0.000563s ]
SQL: SHOW COLUMNS FROM `video` [ RunTime:0.098461s ]
SQL: SELECT `id`,`title`,`type`,`summary`,`pic_id`,`video_id`,`time`,`click`,`cid`,`del` FROM `video` WHERE ( `del` = 0 ) AND ( `cid` = 3 ) ORDER BY time desc LIMIT 3   [ RunTime:0.033342s ]
SQL: SHOW COLUMNS FROM `upload` [ RunTime:0.003810s ]
SQL: SELECT `directory` FROM `upload` WHERE ( 1=1 AND id='60' ) LIMIT 1   [ RunTime:0.001073s ]
SQL: SELECT `directory` FROM `upload` WHERE ( 1=1 AND id='54' ) LIMIT 1   [ RunTime:0.000550s ]
SQL: SELECT `directory` FROM `upload` WHERE ( 1=1 AND id='52' ) LIMIT 1   [ RunTime:0.000531s ]
INFO: [ view_parse ] --START--
NOTIC: [8] Use of undefined constant Group_name - assumed 'Group_name' E:\wamp\www\scda\Index\Temp\Cache\Index\9737e78c8088a1cb4d07fd2940cfec67.php 第 272 行.
NOTIC: [8] Use of undefined constant Group_name - assumed 'Group_name' E:\wamp\www\scda\Index\Temp\Cache\Index\9737e78c8088a1cb4d07fd2940cfec67.php 第 272 行.
NOTIC: [8] Use of undefined constant Group_name - assumed 'Group_name' E:\wamp\www\scda\Index\Temp\Cache\Index\9737e78c8088a1cb4d07fd2940cfec67.php 第 272 行.
SQL: SHOW COLUMNS FROM `friends` [ RunTime:0.002247s ]
SQL: SELECT * FROM `friends` LIMIT 10   [ RunTime:0.000450s ]
INFO: ParseTemplate Behavior ::run [ RunTime:0.078214s ]
INFO: [ view_parse ] --END-- [ RunTime:0.078419s ]
INFO: [ view_filter ] --START--
INFO: ContentReplace Behavior ::run [ RunTime:0.000356s ]
INFO: TokenBuild Behavior ::run [ RunTime:0.000244s ]
INFO: WriteHtmlCache Behavior ::run [ RunTime:0.000179s ]
INFO: ShowRuntime Behavior ::run [ RunTime:0.000271s ]
INFO: [ view_filter ] --END-- [ RunTime:0.001288s ]
INFO: [ view_end ] --START--
INFO: ShowPageTrace Behavior ::run [ RunTime:0.000245s ]
INFO: [ view_end ] --END-- [ RunTime:0.000339s ]

[ 2014-01-20T15:06:56+08:00 ] 127.0.0.1 /scda/index.php/Index/News/index.html
INFO: [ route_check ] --START--
INFO: CheckRoute Behavior ::run [ RunTime:0.000713s ]
INFO: [ route_check ] --END-- [ RunTime:0.000849s ]
INFO: [ app_begin ] --START--
INFO: ReadHtmlCache Behavior ::run [ RunTime:0.000661s ]
INFO: [ app_begin ] --END-- [ RunTime:0.000760s ]
SQL: SHOW COLUMNS FROM `video` [ RunTime:0.002294s ]
SQL: SELECT `id`,`title`,`type`,`summary`,`pic_id`,`video_id`,`time`,`click`,`cid`,`del` FROM `video` WHERE ( `del` = 0 ) AND ( `cid` = 3 ) ORDER BY time desc LIMIT 3   [ RunTime:0.000222s ]
SQL: SHOW COLUMNS FROM `upload` [ RunTime:0.002044s ]
SQL: SELECT `directory` FROM `upload` WHERE ( 1=1 AND id='60' ) LIMIT 1   [ RunTime:0.000549s ]
SQL: SELECT `directory` FROM `upload` WHERE ( 1=1 AND id='54' ) LIMIT 1   [ RunTime:0.000192s ]
SQL: SELECT `directory` FROM `upload` WHERE ( 1=1 AND id='52' ) LIMIT 1   [ RunTime:0.000181s ]
INFO: [ view_parse ] --START--
NOTIC: [8] Use of undefined constant Group_name - assumed 'Group_name' E:\wamp\www\scda\Index\Temp\Cache\Index\9737e78c8088a1cb4d07fd2940cfec67.php 第 272 行.
NOTIC: [8] Use of undefined constant Group_name - assumed 'Group_name' E:\wamp\www\scda\Index\Temp\Cache\Index\9737e78c8088a1cb4d07fd2940cfec67.php 第 272 行.
NOTIC: [8] Use of undefined constant Group_name - assumed 'Group_name' E:\wamp\www\scda\Index\Temp\Cache\Index\9737e78c8088a1cb4d07fd2940cfec67.php 第 272 行.
SQL: SHOW COLUMNS FROM `friends` [ RunTime:0.002172s ]
SQL: SELECT * FROM `friends` LIMIT 10   [ RunTime:0.000328s ]
INFO: ParseTemplate Behavior ::run [ RunTime:0.045866s ]
INFO: [ view_parse ] --END-- [ RunTime:0.046041s ]
INFO: [ view_filter ] --START--
INFO: ContentReplace Behavior ::run [ RunTime:0.000875s ]
INFO: TokenBuild Behavior ::run [ RunTime:0.000683s ]
INFO: WriteHtmlCache Behavior ::run [ RunTime:0.000611s ]
INFO: ShowRuntime Behavior ::run [ RunTime:0.000697s ]
INFO: [ view_filter ] --END-- [ RunTime:0.003111s ]
INFO: [ view_end ] --START--
INFO: ShowPageTrace Behavior ::run [ RunTime:0.000702s ]
INFO: [ view_end ] --END-- [ RunTime:0.000804s ]

[ 2014-01-20T15:07:01+08:00 ] 127.0.0.1 /scda/index.php/Index/Video/show.html?id=19&vid=59
INFO: [ route_check ] --START--
INFO: CheckRoute Behavior ::run [ RunTime:0.000746s ]
INFO: [ route_check ] --END-- [ RunTime:0.000888s ]
INFO: [ app_begin ] --START--
INFO: ReadHtmlCache Behavior ::run [ RunTime:0.000704s ]
INFO: [ app_begin ] --END-- [ RunTime:0.000808s ]
SQL: SHOW COLUMNS FROM `video` [ RunTime:0.043863s ]
SQL: SELECT * FROM `video` WHERE ( `id` = 19 ) LIMIT 1   [ RunTime:0.000427s ]
SQL: SHOW COLUMNS FROM `upload` [ RunTime:0.002406s ]
SQL: SELECT * FROM `upload` WHERE ( `id` = 59 ) LIMIT 1   [ RunTime:0.000657s ]
INFO: [ view_parse ] --START--
SQL: SHOW COLUMNS FROM `friends` [ RunTime:0.003211s ]
SQL: SELECT * FROM `friends` LIMIT 10   [ RunTime:0.000590s ]
INFO: ParseTemplate Behavior ::run [ RunTime:0.086000s ]
INFO: [ view_parse ] --END-- [ RunTime:0.086289s ]
INFO: [ view_filter ] --START--
INFO: ContentReplace Behavior ::run [ RunTime:0.001148s ]
INFO: TokenBuild Behavior ::run [ RunTime:0.001020s ]
INFO: WriteHtmlCache Behavior ::run [ RunTime:0.000929s ]
INFO: ShowRuntime Behavior ::run [ RunTime:0.001050s ]
INFO: [ view_filter ] --END-- [ RunTime:0.004526s ]
INFO: [ view_end ] --START--
INFO: ShowPageTrace Behavior ::run [ RunTime:0.001011s ]
INFO: [ view_end ] --END-- [ RunTime:0.001147s ]

[ 2014-01-20T15:07:09+08:00 ] 127.0.0.1 /scda/index.php/Admin/Index/index.html
INFO: [ route_check ] --START--
INFO: CheckRoute Behavior ::run [ RunTime:0.000756s ]
INFO: [ route_check ] --END-- [ RunTime:0.000899s ]
INFO: [ app_begin ] --START--
INFO: ReadHtmlCache Behavior ::run [ RunTime:0.002255s ]
INFO: [ app_begin ] --END-- [ RunTime:0.002530s ]

[ 2014-01-20T15:07:09+08:00 ] 127.0.0.1 /scda/index.php/Admin/Login/index
INFO: [ route_check ] --START--
INFO: CheckRoute Behavior ::run [ RunTime:0.000413s ]
INFO: [ route_check ] --END-- [ RunTime:0.000619s ]
INFO: [ app_begin ] --START--
INFO: ReadHtmlCache Behavior ::run [ RunTime:0.000387s ]
INFO: [ app_begin ] --END-- [ RunTime:0.000546s ]
INFO: [ view_parse ] --START--
INFO: ParseTemplate Behavior ::run [ RunTime:0.050708s ]
INFO: [ view_parse ] --END-- [ RunTime:0.050972s ]
INFO: [ view_filter ] --START--
INFO: ContentReplace Behavior ::run [ RunTime:0.001229s ]
INFO: TokenBuild Behavior ::run [ RunTime:0.001097s ]
INFO: WriteHtmlCache Behavior ::run [ RunTime:0.001016s ]
INFO: ShowRuntime Behavior ::run [ RunTime:0.001127s ]
INFO: [ view_filter ] --END-- [ RunTime:0.004899s ]
INFO: [ view_end ] --START--
INFO: ShowPageTrace Behavior ::run [ RunTime:0.001079s ]
INFO: [ view_end ] --END-- [ RunTime:0.001224s ]

[ 2014-01-20T15:07:19+08:00 ] 127.0.0.1 /scda/index.php/Admin/Login/login
INFO: [ route_check ] --START--
INFO: CheckRoute Behavior ::run [ RunTime:0.001148s ]
INFO: [ route_check ] --END-- [ RunTime:0.001347s ]
INFO: [ app_begin ] --START--
INFO: ReadHtmlCache Behavior ::run [ RunTime:0.000604s ]
INFO: [ app_begin ] --END-- [ RunTime:0.000702s ]
NOTIC: [2] mysql_connect() [<a href='function.mysql-connect'>function.mysql-connect</a>]: Unknown MySQL server host 'localhost' (11001) E:\wamp\www\scda\ThinkPHP\Extend\Driver\Session\SessionDb.class.php 第 100 行.
NOTIC: [2] mysql_select_db(): supplied argument is not a valid MySQL-Link resource E:\wamp\www\scda\ThinkPHP\Extend\Driver\Session\SessionDb.class.php 第 103 行.
NOTIC: [8] Undefined offset:  1 E:\wamp\www\scda\ThinkPHP\Extend\Driver\Session\SessionDb.class.php 第 129 行.
NOTIC: [2] mysql_query(): supplied argument is not a valid MySQL-Link resource E:\wamp\www\scda\ThinkPHP\Extend\Driver\Session\SessionDb.class.php 第 130 行.
NOTIC: [2] mysql_connect() [<a href='function.mysql-connect'>function.mysql-connect</a>]: Unknown MySQL server host 'localhost' (11001) E:\wamp\www\scda\ThinkPHP\Lib\Driver\Db\DbMysql.class.php 第 55 行.
ERR: Unknown MySQL server host 'localhost' (11001)

